GAS LISTING /tmp/cc18aeYE.s 			page 1


   1              		.file	"ext_lld.c"
   2              	# GNU C (Ubuntu 4.8.2-19ubuntu1) version 4.8.2 (x86_64-linux-gnu)
   3              	#	compiled by GNU C version 4.8.2, GMP version 5.1.3, MPFR version 3.1.2-p3, MPC version 1.0.1
   4              	# GGC heuristics: --param ggc-min-expand=97 --param ggc-min-heapsize=126309
   5              	# options passed:  -I . -I ../../../os/ports/GCC/SIMIA32
   6              	# -I ../../../os/kernel/include -I ../../../test -I ../../../os/hal/include
   7              	# -I ../../../os/hal/platforms/Posix -I ../../../boards/simulator
   8              	# -I ../../../os/various -imultilib 32 -imultiarch i386-linux-gnu
   9              	# -MD ../../../os/hal/platforms/Posix/ext_lld.d -MF .dep/ext_lld.o.d -MP
  10              	# -MQ ../../../os/hal/platforms/Posix/ext_lld.o -D SIMULATOR
  11              	# -D SHELL_USE_IPRINTF=FALSE ../../../os/hal/platforms/Posix/ext_lld.c -m32
  12              	# -mtune=generic -march=i686
  13              	# -auxbase-strip ../../../os/hal/platforms/Posix/ext_lld.o -ggdb -O2 -Wall
  14              	# -Wextra -Wstrict-prototypes -fomit-frame-pointer -fverbose-asm
  15              	# -fstack-protector -Wformat -Wformat-security
  16              	# options enabled:  -faggressive-loop-optimizations
  17              	# -fasynchronous-unwind-tables -fauto-inc-dec -fbranch-count-reg
  18              	# -fcaller-saves -fcombine-stack-adjustments -fcommon -fcompare-elim
  19              	# -fcprop-registers -fcrossjumping -fcse-follow-jumps -fdefer-pop
  20              	# -fdelete-null-pointer-checks -fdevirtualize -fdwarf2-cfi-asm
  21              	# -fearly-inlining -feliminate-unused-debug-types -fexpensive-optimizations
  22              	# -fforward-propagate -ffunction-cse -fgcse -fgcse-lm -fgnu-runtime
  23              	# -fguess-branch-probability -fhoist-adjacent-loads -fident -fif-conversion
  24              	# -fif-conversion2 -findirect-inlining -finline -finline-atomics
  25              	# -finline-functions-called-once -finline-small-functions -fipa-cp
  26              	# -fipa-profile -fipa-pure-const -fipa-reference -fipa-sra
  27              	# -fira-hoist-pressure -fira-share-save-slots -fira-share-spill-slots
  28              	# -fivopts -fkeep-static-consts -fleading-underscore -fmath-errno
  29              	# -fmerge-constants -fmerge-debug-strings -fmove-loop-invariants
  30              	# -fomit-frame-pointer -foptimize-register-move -foptimize-sibling-calls
  31              	# -foptimize-strlen -fpartial-inlining -fpcc-struct-return -fpeephole
  32              	# -fpeephole2 -fprefetch-loop-arrays -free -fregmove -freorder-blocks
  33              	# -freorder-functions -frerun-cse-after-loop
  34              	# -fsched-critical-path-heuristic -fsched-dep-count-heuristic
  35              	# -fsched-group-heuristic -fsched-interblock -fsched-last-insn-heuristic
  36              	# -fsched-rank-heuristic -fsched-spec -fsched-spec-insn-heuristic
  37              	# -fsched-stalled-insns-dep -fschedule-insns2 -fshow-column -fshrink-wrap
  38              	# -fsigned-zeros -fsplit-ivs-in-unroller -fsplit-wide-types
  39              	# -fstack-protector -fstrict-aliasing -fstrict-overflow
  40              	# -fstrict-volatile-bitfields -fsync-libcalls -fthread-jumps
  41              	# -ftoplevel-reorder -ftrapping-math -ftree-bit-ccp -ftree-builtin-call-dce
  42              	# -ftree-ccp -ftree-ch -ftree-coalesce-vars -ftree-copy-prop
  43              	# -ftree-copyrename -ftree-cselim -ftree-dce -ftree-dominator-opts
  44              	# -ftree-dse -ftree-forwprop -ftree-fre -ftree-loop-if-convert
  45              	# -ftree-loop-im -ftree-loop-ivcanon -ftree-loop-optimize
  46              	# -ftree-parallelize-loops= -ftree-phiprop -ftree-pre -ftree-pta
  47              	# -ftree-reassoc -ftree-scev-cprop -ftree-sink -ftree-slp-vectorize
  48              	# -ftree-slsr -ftree-sra -ftree-switch-conversion -ftree-tail-merge
  49              	# -ftree-ter -ftree-vect-loop-version -ftree-vrp -funit-at-a-time
  50              	# -funwind-tables -fvar-tracking -fvar-tracking-assignments -fverbose-asm
  51              	# -fzero-initialized-in-bss -m32 -m80387 -m96bit-long-double
  52              	# -maccumulate-outgoing-args -malign-stringops -mfancy-math-387
  53              	# -mfp-ret-in-387 -mglibc -mieee-fp -mlong-double-80 -mno-red-zone
  54              	# -mno-sse4 -mpush-args -msahf -mtls-direct-seg-refs
  55              	
  56              		.text
  57              	.Ltext0:
GAS LISTING /tmp/cc18aeYE.s 			page 2


  58              		.p2align 4,,15
  59              		.globl	ext_lld_init
  60              		.type	ext_lld_init, @function
  61              	ext_lld_init:
  62              	.LFB15:
  63              		.file 1 "../../../os/hal/platforms/Posix/ext_lld.c"
  64              		.loc 1 66 0
  65              		.cfi_startproc
  66 0000 83EC1C   		subl	$28, %esp	#,
  67              		.cfi_def_cfa_offset 32
  68              		.loc 1 70 0
  69 0003 C7042400 		movl	$EXTD1, (%esp)	#,
  69      000000
  70 000a E8FCFFFF 		call	extObjectInit	#
  70      FF
  71              	.LVL0:
  72              		.loc 1 72 0
  73 000f 83C41C   		addl	$28, %esp	#,
  74              		.cfi_def_cfa_offset 4
  75 0012 C3       		ret
  76              		.cfi_endproc
  77              	.LFE15:
  78              		.size	ext_lld_init, .-ext_lld_init
  79 0013 8DB60000 		.p2align 4,,15
  79      00008DBC 
  79      27000000 
  79      00
  80              		.globl	ext_lld_start
  81              		.type	ext_lld_start, @function
  82              	ext_lld_start:
  83              	.LFB16:
  84              		.loc 1 81 0
  85              		.cfi_startproc
  86              	.LVL1:
  87 0020 F3C3     		rep ret
  88              		.cfi_endproc
  89              	.LFE16:
  90              		.size	ext_lld_start, .-ext_lld_start
  91 0022 8DB42600 		.p2align 4,,15
  91      0000008D 
  91      BC270000 
  91      0000
  92              		.globl	ext_lld_stop
  93              		.type	ext_lld_stop, @function
  94              	ext_lld_stop:
  95              	.LFB17:
  96              		.loc 1 102 0
  97              		.cfi_startproc
  98              	.LVL2:
  99 0030 F3C3     		rep ret
 100              		.cfi_endproc
 101              	.LFE17:
 102              		.size	ext_lld_stop, .-ext_lld_stop
 103 0032 8DB42600 		.p2align 4,,15
 103      0000008D 
 103      BC270000 
 103      0000
GAS LISTING /tmp/cc18aeYE.s 			page 3


 104              		.globl	ext_lld_channel_enable
 105              		.type	ext_lld_channel_enable, @function
 106              	ext_lld_channel_enable:
 107              	.LFB18:
 108              		.loc 1 124 0
 109              		.cfi_startproc
 110              	.LVL3:
 111 0040 F3C3     		rep ret
 112              		.cfi_endproc
 113              	.LFE18:
 114              		.size	ext_lld_channel_enable, .-ext_lld_channel_enable
 115 0042 8DB42600 		.p2align 4,,15
 115      0000008D 
 115      BC270000 
 115      0000
 116              		.globl	ext_lld_channel_disable
 117              		.type	ext_lld_channel_disable, @function
 118              	ext_lld_channel_disable:
 119              	.LFB19:
 120              		.loc 1 139 0
 121              		.cfi_startproc
 122              	.LVL4:
 123 0050 F3C3     		rep ret
 124              		.cfi_endproc
 125              	.LFE19:
 126              		.size	ext_lld_channel_disable, .-ext_lld_channel_disable
 127              		.comm	EXTD1,8,4
 128              	.Letext0:
 129              		.file 2 "/usr/include/stdint.h"
 130              		.file 3 "../../../os/hal/include/ext.h"
 131              		.file 4 "../../../os/hal/platforms/Posix/ext_lld.h"
 132              		.section	.debug_info,"",@progbits
 133              	.Ldebug_info0:
 134 0000 6A020000 		.long	0x26a
 135 0004 0400     		.value	0x4
 136 0006 00000000 		.long	.Ldebug_abbrev0
 137 000a 04       		.byte	0x4
 138 000b 01       		.uleb128 0x1
 139 000c 53010000 		.long	.LASF33
 140 0010 01       		.byte	0x1
 141 0011 A4000000 		.long	.LASF34
 142 0015 CC010000 		.long	.LASF35
 143 0019 00000000 		.long	.Ltext0
 144 001d 52000000 		.long	.Letext0-.Ltext0
 145 0021 00000000 		.long	.Ldebug_line0
 146 0025 02       		.uleb128 0x2
 147 0026 04       		.byte	0x4
 148 0027 05       		.byte	0x5
 149 0028 696E7400 		.string	"int"
 150 002c 03       		.uleb128 0x3
 151 002d 04       		.byte	0x4
 152 002e 07       		.byte	0x7
 153 002f 0F010000 		.long	.LASF0
 154 0033 03       		.uleb128 0x3
 155 0034 04       		.byte	0x4
 156 0035 05       		.byte	0x5
 157 0036 1B020000 		.long	.LASF1
GAS LISTING /tmp/cc18aeYE.s 			page 4


 158 003a 03       		.uleb128 0x3
 159 003b 01       		.byte	0x1
 160 003c 06       		.byte	0x6
 161 003d 24020000 		.long	.LASF2
 162 0041 03       		.uleb128 0x3
 163 0042 02       		.byte	0x2
 164 0043 05       		.byte	0x5
 165 0044 FA010000 		.long	.LASF3
 166 0048 03       		.uleb128 0x3
 167 0049 08       		.byte	0x8
 168 004a 05       		.byte	0x5
 169 004b B0010000 		.long	.LASF4
 170 004f 03       		.uleb128 0x3
 171 0050 01       		.byte	0x1
 172 0051 08       		.byte	0x8
 173 0052 01010000 		.long	.LASF5
 174 0056 03       		.uleb128 0x3
 175 0057 02       		.byte	0x2
 176 0058 07       		.byte	0x7
 177 0059 91000000 		.long	.LASF6
 178 005d 04       		.uleb128 0x4
 179 005e 12020000 		.long	.LASF15
 180 0062 02       		.byte	0x2
 181 0063 33       		.byte	0x33
 182 0064 2C000000 		.long	0x2c
 183 0068 03       		.uleb128 0x3
 184 0069 08       		.byte	0x8
 185 006a 07       		.byte	0x7
 186 006b 21010000 		.long	.LASF7
 187 006f 03       		.uleb128 0x3
 188 0070 01       		.byte	0x1
 189 0071 02       		.byte	0x2
 190 0072 30020000 		.long	.LASF8
 191 0076 03       		.uleb128 0x3
 192 0077 04       		.byte	0x4
 193 0078 07       		.byte	0x7
 194 0079 4A010000 		.long	.LASF9
 195 007d 03       		.uleb128 0x3
 196 007e 01       		.byte	0x1
 197 007f 06       		.byte	0x6
 198 0080 BE010000 		.long	.LASF10
 199 0084 03       		.uleb128 0x3
 200 0085 04       		.byte	0x4
 201 0086 07       		.byte	0x7
 202 0087 7F000000 		.long	.LASF11
 203 008b 05       		.uleb128 0x5
 204 008c 04       		.byte	0x4
 205 008d 03       		.byte	0x3
 206 008e 4A       		.byte	0x4a
 207 008f A6000000 		.long	0xa6
 208 0093 06       		.uleb128 0x6
 209 0094 34000000 		.long	.LASF12
 210 0098 00       		.sleb128 0
 211 0099 06       		.uleb128 0x6
 212 009a 44020000 		.long	.LASF13
 213 009e 01       		.sleb128 1
 214 009f 06       		.uleb128 0x6
GAS LISTING /tmp/cc18aeYE.s 			page 5


 215 00a0 F6000000 		.long	.LASF14
 216 00a4 02       		.sleb128 2
 217 00a5 00       		.byte	0
 218 00a6 04       		.uleb128 0x4
 219 00a7 18000000 		.long	.LASF16
 220 00ab 03       		.byte	0x3
 221 00ac 4E       		.byte	0x4e
 222 00ad 8B000000 		.long	0x8b
 223 00b1 04       		.uleb128 0x4
 224 00b2 00000000 		.long	.LASF17
 225 00b6 03       		.byte	0x3
 226 00b7 53       		.byte	0x53
 227 00b8 BC000000 		.long	0xbc
 228 00bc 07       		.uleb128 0x7
 229 00bd 00000000 		.long	.LASF17
 230 00c1 08       		.byte	0x8
 231 00c2 04       		.byte	0x4
 232 00c3 6D       		.byte	0x6d
 233 00c4 E1000000 		.long	0xe1
 234 00c8 08       		.uleb128 0x8
 235 00c9 12000000 		.long	.LASF18
 236 00cd 04       		.byte	0x4
 237 00ce 71       		.byte	0x71
 238 00cf A6000000 		.long	0xa6
 239 00d3 00       		.byte	0
 240 00d4 08       		.uleb128 0x8
 241 00d5 CE000000 		.long	.LASF19
 242 00d9 04       		.byte	0x4
 243 00da 75       		.byte	0x75
 244 00db 6E010000 		.long	0x16e
 245 00df 04       		.byte	0x4
 246 00e0 00       		.byte	0
 247 00e1 04       		.uleb128 0x4
 248 00e2 3F000000 		.long	.LASF20
 249 00e6 04       		.byte	0x4
 250 00e7 43       		.byte	0x43
 251 00e8 5D000000 		.long	0x5d
 252 00ec 04       		.uleb128 0x4
 253 00ed 4C000000 		.long	.LASF21
 254 00f1 04       		.byte	0x4
 255 00f2 4B       		.byte	0x4b
 256 00f3 F7000000 		.long	0xf7
 257 00f7 09       		.uleb128 0x9
 258 00f8 04       		.byte	0x4
 259 00f9 FD000000 		.long	0xfd
 260 00fd 0A       		.uleb128 0xa
 261 00fe 0D010000 		.long	0x10d
 262 0102 0B       		.uleb128 0xb
 263 0103 0D010000 		.long	0x10d
 264 0107 0B       		.uleb128 0xb
 265 0108 E1000000 		.long	0xe1
 266 010c 00       		.byte	0
 267 010d 09       		.uleb128 0x9
 268 010e 04       		.byte	0x4
 269 010f B1000000 		.long	0xb1
 270 0113 0C       		.uleb128 0xc
 271 0114 08       		.byte	0x8
GAS LISTING /tmp/cc18aeYE.s 			page 6


 272 0115 04       		.byte	0x4
 273 0116 50       		.byte	0x50
 274 0117 33010000 		.long	0x133
 275 011b 08       		.uleb128 0x8
 276 011c 38010000 		.long	.LASF22
 277 0120 04       		.byte	0x4
 278 0121 54       		.byte	0x54
 279 0122 5D000000 		.long	0x5d
 280 0126 00       		.byte	0
 281 0127 0D       		.uleb128 0xd
 282 0128 636200   		.string	"cb"
 283 012b 04       		.byte	0x4
 284 012c 5B       		.byte	0x5b
 285 012d EC000000 		.long	0xec
 286 0131 04       		.byte	0x4
 287 0132 00       		.byte	0
 288 0133 04       		.uleb128 0x4
 289 0134 23000000 		.long	.LASF23
 290 0138 04       		.byte	0x4
 291 0139 5C       		.byte	0x5c
 292 013a 13010000 		.long	0x113
 293 013e 0C       		.uleb128 0xc
 294 013f A0       		.byte	0xa0
 295 0140 04       		.byte	0x4
 296 0141 62       		.byte	0x62
 297 0142 53010000 		.long	0x153
 298 0146 08       		.uleb128 0x8
 299 0147 C3010000 		.long	.LASF24
 300 014b 04       		.byte	0x4
 301 014c 66       		.byte	0x66
 302 014d 53010000 		.long	0x153
 303 0151 00       		.byte	0
 304 0152 00       		.byte	0
 305 0153 0E       		.uleb128 0xe
 306 0154 33010000 		.long	0x133
 307 0158 63010000 		.long	0x163
 308 015c 0F       		.uleb128 0xf
 309 015d 76000000 		.long	0x76
 310 0161 13       		.byte	0x13
 311 0162 00       		.byte	0
 312 0163 04       		.uleb128 0x4
 313 0164 D5000000 		.long	.LASF25
 314 0168 04       		.byte	0x4
 315 0169 68       		.byte	0x68
 316 016a 3E010000 		.long	0x13e
 317 016e 09       		.uleb128 0x9
 318 016f 04       		.byte	0x4
 319 0170 74010000 		.long	0x174
 320 0174 10       		.uleb128 0x10
 321 0175 63010000 		.long	0x163
 322 0179 11       		.uleb128 0x11
 323 017a 72000000 		.long	.LASF26
 324 017e 01       		.byte	0x1
 325 017f 42       		.byte	0x42
 326 0180 00000000 		.long	.LFB15
 327 0184 13000000 		.long	.LFE15-.LFB15
 328 0188 01       		.uleb128 0x1
GAS LISTING /tmp/cc18aeYE.s 			page 7


 329 0189 9C       		.byte	0x9c
 330 018a A3010000 		.long	0x1a3
 331 018e 12       		.uleb128 0x12
 332 018f 0F000000 		.long	.LVL0
 333 0193 60020000 		.long	0x260
 334 0197 13       		.uleb128 0x13
 335 0198 02       		.uleb128 0x2
 336 0199 74       		.byte	0x74
 337 019a 00       		.sleb128 0
 338 019b 05       		.uleb128 0x5
 339 019c 03       		.byte	0x3
 340 019d 00000000 		.long	EXTD1
 341 01a1 00       		.byte	0
 342 01a2 00       		.byte	0
 343 01a3 11       		.uleb128 0x11
 344 01a4 36020000 		.long	.LASF27
 345 01a8 01       		.byte	0x1
 346 01a9 51       		.byte	0x51
 347 01aa 20000000 		.long	.LFB16
 348 01ae 02000000 		.long	.LFE16-.LFB16
 349 01b2 01       		.uleb128 0x1
 350 01b3 9C       		.byte	0x9c
 351 01b4 C7010000 		.long	0x1c7
 352 01b8 14       		.uleb128 0x14
 353 01b9 1C010000 		.long	.LASF29
 354 01bd 01       		.byte	0x1
 355 01be 51       		.byte	0x51
 356 01bf 0D010000 		.long	0x10d
 357 01c3 02       		.uleb128 0x2
 358 01c4 91       		.byte	0x91
 359 01c5 00       		.sleb128 0
 360 01c6 00       		.byte	0
 361 01c7 11       		.uleb128 0x11
 362 01c8 3D010000 		.long	.LASF28
 363 01cc 01       		.byte	0x1
 364 01cd 66       		.byte	0x66
 365 01ce 30000000 		.long	.LFB17
 366 01d2 02000000 		.long	.LFE17-.LFB17
 367 01d6 01       		.uleb128 0x1
 368 01d7 9C       		.byte	0x9c
 369 01d8 EB010000 		.long	0x1eb
 370 01dc 14       		.uleb128 0x14
 371 01dd 1C010000 		.long	.LASF29
 372 01e1 01       		.byte	0x1
 373 01e2 66       		.byte	0x66
 374 01e3 0D010000 		.long	0x10d
 375 01e7 02       		.uleb128 0x2
 376 01e8 91       		.byte	0x91
 377 01e9 00       		.sleb128 0
 378 01ea 00       		.byte	0
 379 01eb 11       		.uleb128 0x11
 380 01ec DF000000 		.long	.LASF30
 381 01f0 01       		.byte	0x1
 382 01f1 7C       		.byte	0x7c
 383 01f2 40000000 		.long	.LFB18
 384 01f6 02000000 		.long	.LFE18-.LFB18
 385 01fa 01       		.uleb128 0x1
GAS LISTING /tmp/cc18aeYE.s 			page 8


 386 01fb 9C       		.byte	0x9c
 387 01fc 1D020000 		.long	0x21d
 388 0200 14       		.uleb128 0x14
 389 0201 1C010000 		.long	.LASF29
 390 0205 01       		.byte	0x1
 391 0206 7C       		.byte	0x7c
 392 0207 0D010000 		.long	0x10d
 393 020b 02       		.uleb128 0x2
 394 020c 91       		.byte	0x91
 395 020d 00       		.sleb128 0
 396 020e 14       		.uleb128 0x14
 397 020f 0A000000 		.long	.LASF31
 398 0213 01       		.byte	0x1
 399 0214 7C       		.byte	0x7c
 400 0215 E1000000 		.long	0xe1
 401 0219 02       		.uleb128 0x2
 402 021a 91       		.byte	0x91
 403 021b 04       		.sleb128 4
 404 021c 00       		.byte	0
 405 021d 11       		.uleb128 0x11
 406 021e 5A000000 		.long	.LASF32
 407 0222 01       		.byte	0x1
 408 0223 8B       		.byte	0x8b
 409 0224 50000000 		.long	.LFB19
 410 0228 02000000 		.long	.LFE19-.LFB19
 411 022c 01       		.uleb128 0x1
 412 022d 9C       		.byte	0x9c
 413 022e 4F020000 		.long	0x24f
 414 0232 14       		.uleb128 0x14
 415 0233 1C010000 		.long	.LASF29
 416 0237 01       		.byte	0x1
 417 0238 8B       		.byte	0x8b
 418 0239 0D010000 		.long	0x10d
 419 023d 02       		.uleb128 0x2
 420 023e 91       		.byte	0x91
 421 023f 00       		.sleb128 0
 422 0240 14       		.uleb128 0x14
 423 0241 0A000000 		.long	.LASF31
 424 0245 01       		.byte	0x1
 425 0246 8B       		.byte	0x8b
 426 0247 E1000000 		.long	0xe1
 427 024b 02       		.uleb128 0x2
 428 024c 91       		.byte	0x91
 429 024d 04       		.sleb128 4
 430 024e 00       		.byte	0
 431 024f 15       		.uleb128 0x15
 432 0250 F4010000 		.long	.LASF36
 433 0254 01       		.byte	0x1
 434 0255 2A       		.byte	0x2a
 435 0256 B1000000 		.long	0xb1
 436 025a 05       		.uleb128 0x5
 437 025b 03       		.byte	0x3
 438 025c 00000000 		.long	EXTD1
 439 0260 16       		.uleb128 0x16
 440 0261 04020000 		.long	.LASF37
 441 0265 03       		.byte	0x3
 442 0266 91       		.byte	0x91
GAS LISTING /tmp/cc18aeYE.s 			page 9


 443 0267 0B       		.uleb128 0xb
 444 0268 0D010000 		.long	0x10d
 445 026c 00       		.byte	0
 446 026d 00       		.byte	0
 447              		.section	.debug_abbrev,"",@progbits
 448              	.Ldebug_abbrev0:
 449 0000 01       		.uleb128 0x1
 450 0001 11       		.uleb128 0x11
 451 0002 01       		.byte	0x1
 452 0003 25       		.uleb128 0x25
 453 0004 0E       		.uleb128 0xe
 454 0005 13       		.uleb128 0x13
 455 0006 0B       		.uleb128 0xb
 456 0007 03       		.uleb128 0x3
 457 0008 0E       		.uleb128 0xe
 458 0009 1B       		.uleb128 0x1b
 459 000a 0E       		.uleb128 0xe
 460 000b 11       		.uleb128 0x11
 461 000c 01       		.uleb128 0x1
 462 000d 12       		.uleb128 0x12
 463 000e 06       		.uleb128 0x6
 464 000f 10       		.uleb128 0x10
 465 0010 17       		.uleb128 0x17
 466 0011 00       		.byte	0
 467 0012 00       		.byte	0
 468 0013 02       		.uleb128 0x2
 469 0014 24       		.uleb128 0x24
 470 0015 00       		.byte	0
 471 0016 0B       		.uleb128 0xb
 472 0017 0B       		.uleb128 0xb
 473 0018 3E       		.uleb128 0x3e
 474 0019 0B       		.uleb128 0xb
 475 001a 03       		.uleb128 0x3
 476 001b 08       		.uleb128 0x8
 477 001c 00       		.byte	0
 478 001d 00       		.byte	0
 479 001e 03       		.uleb128 0x3
 480 001f 24       		.uleb128 0x24
 481 0020 00       		.byte	0
 482 0021 0B       		.uleb128 0xb
 483 0022 0B       		.uleb128 0xb
 484 0023 3E       		.uleb128 0x3e
 485 0024 0B       		.uleb128 0xb
 486 0025 03       		.uleb128 0x3
 487 0026 0E       		.uleb128 0xe
 488 0027 00       		.byte	0
 489 0028 00       		.byte	0
 490 0029 04       		.uleb128 0x4
 491 002a 16       		.uleb128 0x16
 492 002b 00       		.byte	0
 493 002c 03       		.uleb128 0x3
 494 002d 0E       		.uleb128 0xe
 495 002e 3A       		.uleb128 0x3a
 496 002f 0B       		.uleb128 0xb
 497 0030 3B       		.uleb128 0x3b
 498 0031 0B       		.uleb128 0xb
 499 0032 49       		.uleb128 0x49
GAS LISTING /tmp/cc18aeYE.s 			page 10


 500 0033 13       		.uleb128 0x13
 501 0034 00       		.byte	0
 502 0035 00       		.byte	0
 503 0036 05       		.uleb128 0x5
 504 0037 04       		.uleb128 0x4
 505 0038 01       		.byte	0x1
 506 0039 0B       		.uleb128 0xb
 507 003a 0B       		.uleb128 0xb
 508 003b 3A       		.uleb128 0x3a
 509 003c 0B       		.uleb128 0xb
 510 003d 3B       		.uleb128 0x3b
 511 003e 0B       		.uleb128 0xb
 512 003f 01       		.uleb128 0x1
 513 0040 13       		.uleb128 0x13
 514 0041 00       		.byte	0
 515 0042 00       		.byte	0
 516 0043 06       		.uleb128 0x6
 517 0044 28       		.uleb128 0x28
 518 0045 00       		.byte	0
 519 0046 03       		.uleb128 0x3
 520 0047 0E       		.uleb128 0xe
 521 0048 1C       		.uleb128 0x1c
 522 0049 0D       		.uleb128 0xd
 523 004a 00       		.byte	0
 524 004b 00       		.byte	0
 525 004c 07       		.uleb128 0x7
 526 004d 13       		.uleb128 0x13
 527 004e 01       		.byte	0x1
 528 004f 03       		.uleb128 0x3
 529 0050 0E       		.uleb128 0xe
 530 0051 0B       		.uleb128 0xb
 531 0052 0B       		.uleb128 0xb
 532 0053 3A       		.uleb128 0x3a
 533 0054 0B       		.uleb128 0xb
 534 0055 3B       		.uleb128 0x3b
 535 0056 0B       		.uleb128 0xb
 536 0057 01       		.uleb128 0x1
 537 0058 13       		.uleb128 0x13
 538 0059 00       		.byte	0
 539 005a 00       		.byte	0
 540 005b 08       		.uleb128 0x8
 541 005c 0D       		.uleb128 0xd
 542 005d 00       		.byte	0
 543 005e 03       		.uleb128 0x3
 544 005f 0E       		.uleb128 0xe
 545 0060 3A       		.uleb128 0x3a
 546 0061 0B       		.uleb128 0xb
 547 0062 3B       		.uleb128 0x3b
 548 0063 0B       		.uleb128 0xb
 549 0064 49       		.uleb128 0x49
 550 0065 13       		.uleb128 0x13
 551 0066 38       		.uleb128 0x38
 552 0067 0B       		.uleb128 0xb
 553 0068 00       		.byte	0
 554 0069 00       		.byte	0
 555 006a 09       		.uleb128 0x9
 556 006b 0F       		.uleb128 0xf
GAS LISTING /tmp/cc18aeYE.s 			page 11


 557 006c 00       		.byte	0
 558 006d 0B       		.uleb128 0xb
 559 006e 0B       		.uleb128 0xb
 560 006f 49       		.uleb128 0x49
 561 0070 13       		.uleb128 0x13
 562 0071 00       		.byte	0
 563 0072 00       		.byte	0
 564 0073 0A       		.uleb128 0xa
 565 0074 15       		.uleb128 0x15
 566 0075 01       		.byte	0x1
 567 0076 27       		.uleb128 0x27
 568 0077 19       		.uleb128 0x19
 569 0078 01       		.uleb128 0x1
 570 0079 13       		.uleb128 0x13
 571 007a 00       		.byte	0
 572 007b 00       		.byte	0
 573 007c 0B       		.uleb128 0xb
 574 007d 05       		.uleb128 0x5
 575 007e 00       		.byte	0
 576 007f 49       		.uleb128 0x49
 577 0080 13       		.uleb128 0x13
 578 0081 00       		.byte	0
 579 0082 00       		.byte	0
 580 0083 0C       		.uleb128 0xc
 581 0084 13       		.uleb128 0x13
 582 0085 01       		.byte	0x1
 583 0086 0B       		.uleb128 0xb
 584 0087 0B       		.uleb128 0xb
 585 0088 3A       		.uleb128 0x3a
 586 0089 0B       		.uleb128 0xb
 587 008a 3B       		.uleb128 0x3b
 588 008b 0B       		.uleb128 0xb
 589 008c 01       		.uleb128 0x1
 590 008d 13       		.uleb128 0x13
 591 008e 00       		.byte	0
 592 008f 00       		.byte	0
 593 0090 0D       		.uleb128 0xd
 594 0091 0D       		.uleb128 0xd
 595 0092 00       		.byte	0
 596 0093 03       		.uleb128 0x3
 597 0094 08       		.uleb128 0x8
 598 0095 3A       		.uleb128 0x3a
 599 0096 0B       		.uleb128 0xb
 600 0097 3B       		.uleb128 0x3b
 601 0098 0B       		.uleb128 0xb
 602 0099 49       		.uleb128 0x49
 603 009a 13       		.uleb128 0x13
 604 009b 38       		.uleb128 0x38
 605 009c 0B       		.uleb128 0xb
 606 009d 00       		.byte	0
 607 009e 00       		.byte	0
 608 009f 0E       		.uleb128 0xe
 609 00a0 01       		.uleb128 0x1
 610 00a1 01       		.byte	0x1
 611 00a2 49       		.uleb128 0x49
 612 00a3 13       		.uleb128 0x13
 613 00a4 01       		.uleb128 0x1
GAS LISTING /tmp/cc18aeYE.s 			page 12


 614 00a5 13       		.uleb128 0x13
 615 00a6 00       		.byte	0
 616 00a7 00       		.byte	0
 617 00a8 0F       		.uleb128 0xf
 618 00a9 21       		.uleb128 0x21
 619 00aa 00       		.byte	0
 620 00ab 49       		.uleb128 0x49
 621 00ac 13       		.uleb128 0x13
 622 00ad 2F       		.uleb128 0x2f
 623 00ae 0B       		.uleb128 0xb
 624 00af 00       		.byte	0
 625 00b0 00       		.byte	0
 626 00b1 10       		.uleb128 0x10
 627 00b2 26       		.uleb128 0x26
 628 00b3 00       		.byte	0
 629 00b4 49       		.uleb128 0x49
 630 00b5 13       		.uleb128 0x13
 631 00b6 00       		.byte	0
 632 00b7 00       		.byte	0
 633 00b8 11       		.uleb128 0x11
 634 00b9 2E       		.uleb128 0x2e
 635 00ba 01       		.byte	0x1
 636 00bb 3F       		.uleb128 0x3f
 637 00bc 19       		.uleb128 0x19
 638 00bd 03       		.uleb128 0x3
 639 00be 0E       		.uleb128 0xe
 640 00bf 3A       		.uleb128 0x3a
 641 00c0 0B       		.uleb128 0xb
 642 00c1 3B       		.uleb128 0x3b
 643 00c2 0B       		.uleb128 0xb
 644 00c3 27       		.uleb128 0x27
 645 00c4 19       		.uleb128 0x19
 646 00c5 11       		.uleb128 0x11
 647 00c6 01       		.uleb128 0x1
 648 00c7 12       		.uleb128 0x12
 649 00c8 06       		.uleb128 0x6
 650 00c9 40       		.uleb128 0x40
 651 00ca 18       		.uleb128 0x18
 652 00cb 9742     		.uleb128 0x2117
 653 00cd 19       		.uleb128 0x19
 654 00ce 01       		.uleb128 0x1
 655 00cf 13       		.uleb128 0x13
 656 00d0 00       		.byte	0
 657 00d1 00       		.byte	0
 658 00d2 12       		.uleb128 0x12
 659 00d3 898201   		.uleb128 0x4109
 660 00d6 01       		.byte	0x1
 661 00d7 11       		.uleb128 0x11
 662 00d8 01       		.uleb128 0x1
 663 00d9 31       		.uleb128 0x31
 664 00da 13       		.uleb128 0x13
 665 00db 00       		.byte	0
 666 00dc 00       		.byte	0
 667 00dd 13       		.uleb128 0x13
 668 00de 8A8201   		.uleb128 0x410a
 669 00e1 00       		.byte	0
 670 00e2 02       		.uleb128 0x2
GAS LISTING /tmp/cc18aeYE.s 			page 13


 671 00e3 18       		.uleb128 0x18
 672 00e4 9142     		.uleb128 0x2111
 673 00e6 18       		.uleb128 0x18
 674 00e7 00       		.byte	0
 675 00e8 00       		.byte	0
 676 00e9 14       		.uleb128 0x14
 677 00ea 05       		.uleb128 0x5
 678 00eb 00       		.byte	0
 679 00ec 03       		.uleb128 0x3
 680 00ed 0E       		.uleb128 0xe
 681 00ee 3A       		.uleb128 0x3a
 682 00ef 0B       		.uleb128 0xb
 683 00f0 3B       		.uleb128 0x3b
 684 00f1 0B       		.uleb128 0xb
 685 00f2 49       		.uleb128 0x49
 686 00f3 13       		.uleb128 0x13
 687 00f4 02       		.uleb128 0x2
 688 00f5 18       		.uleb128 0x18
 689 00f6 00       		.byte	0
 690 00f7 00       		.byte	0
 691 00f8 15       		.uleb128 0x15
 692 00f9 34       		.uleb128 0x34
 693 00fa 00       		.byte	0
 694 00fb 03       		.uleb128 0x3
 695 00fc 0E       		.uleb128 0xe
 696 00fd 3A       		.uleb128 0x3a
 697 00fe 0B       		.uleb128 0xb
 698 00ff 3B       		.uleb128 0x3b
 699 0100 0B       		.uleb128 0xb
 700 0101 49       		.uleb128 0x49
 701 0102 13       		.uleb128 0x13
 702 0103 3F       		.uleb128 0x3f
 703 0104 19       		.uleb128 0x19
 704 0105 02       		.uleb128 0x2
 705 0106 18       		.uleb128 0x18
 706 0107 00       		.byte	0
 707 0108 00       		.byte	0
 708 0109 16       		.uleb128 0x16
 709 010a 2E       		.uleb128 0x2e
 710 010b 01       		.byte	0x1
 711 010c 3F       		.uleb128 0x3f
 712 010d 19       		.uleb128 0x19
 713 010e 03       		.uleb128 0x3
 714 010f 0E       		.uleb128 0xe
 715 0110 3A       		.uleb128 0x3a
 716 0111 0B       		.uleb128 0xb
 717 0112 3B       		.uleb128 0x3b
 718 0113 0B       		.uleb128 0xb
 719 0114 27       		.uleb128 0x27
 720 0115 19       		.uleb128 0x19
 721 0116 3C       		.uleb128 0x3c
 722 0117 19       		.uleb128 0x19
 723 0118 00       		.byte	0
 724 0119 00       		.byte	0
 725 011a 00       		.byte	0
 726              		.section	.debug_aranges,"",@progbits
 727 0000 1C000000 		.long	0x1c
GAS LISTING /tmp/cc18aeYE.s 			page 14


 728 0004 0200     		.value	0x2
 729 0006 00000000 		.long	.Ldebug_info0
 730 000a 04       		.byte	0x4
 731 000b 00       		.byte	0
 732 000c 0000     		.value	0
 733 000e 0000     		.value	0
 734 0010 00000000 		.long	.Ltext0
 735 0014 52000000 		.long	.Letext0-.Ltext0
 736 0018 00000000 		.long	0
 737 001c 00000000 		.long	0
 738              		.section	.debug_line,"",@progbits
 739              	.Ldebug_line0:
 740 0000 AC000000 		.section	.debug_str,"MS",@progbits,1
 740      02008700 
 740      00000101 
 740      FB0E0D00 
 740      01010101 
 741              	.LASF17:
 742 0000 45585444 		.string	"EXTDriver"
 742      72697665 
 742      7200
 743              	.LASF31:
 744 000a 6368616E 		.string	"channel"
 744      6E656C00 
 745              	.LASF18:
 746 0012 73746174 		.string	"state"
 746      6500
 747              	.LASF16:
 748 0018 65787473 		.string	"extstate_t"
 748      74617465 
 748      5F7400
 749              	.LASF23:
 750 0023 45585443 		.string	"EXTChannelConfig"
 750      68616E6E 
 750      656C436F 
 750      6E666967 
 750      00
 751              	.LASF12:
 752 0034 4558545F 		.string	"EXT_UNINIT"
 752      554E494E 
 752      495400
 753              	.LASF20:
 754 003f 65787063 		.string	"expchannel_t"
 754      68616E6E 
 754      656C5F74 
 754      00
 755              	.LASF21:
 756 004c 65787463 		.string	"extcallback_t"
 756      616C6C62 
 756      61636B5F 
 756      7400
 757              	.LASF32:
 758 005a 6578745F 		.string	"ext_lld_channel_disable"
 758      6C6C645F 
 758      6368616E 
 758      6E656C5F 
 758      64697361 
GAS LISTING /tmp/cc18aeYE.s 			page 15


 759              	.LASF26:
 760 0072 6578745F 		.string	"ext_lld_init"
 760      6C6C645F 
 760      696E6974 
 760      00
 761              	.LASF11:
 762 007f 6C6F6E67 		.string	"long unsigned int"
 762      20756E73 
 762      69676E65 
 762      6420696E 
 762      7400
 763              	.LASF6:
 764 0091 73686F72 		.string	"short unsigned int"
 764      7420756E 
 764      7369676E 
 764      65642069 
 764      6E7400
 765              	.LASF34:
 766 00a4 2E2E2F2E 		.string	"../../../os/hal/platforms/Posix/ext_lld.c"
 766      2E2F2E2E 
 766      2F6F732F 
 766      68616C2F 
 766      706C6174 
 767              	.LASF19:
 768 00ce 636F6E66 		.string	"config"
 768      696700
 769              	.LASF25:
 770 00d5 45585443 		.string	"EXTConfig"
 770      6F6E6669 
 770      6700
 771              	.LASF30:
 772 00df 6578745F 		.string	"ext_lld_channel_enable"
 772      6C6C645F 
 772      6368616E 
 772      6E656C5F 
 772      656E6162 
 773              	.LASF14:
 774 00f6 4558545F 		.string	"EXT_ACTIVE"
 774      41435449 
 774      564500
 775              	.LASF5:
 776 0101 756E7369 		.string	"unsigned char"
 776      676E6564 
 776      20636861 
 776      7200
 777              	.LASF0:
 778 010f 756E7369 		.string	"unsigned int"
 778      676E6564 
 778      20696E74 
 778      00
 779              	.LASF29:
 780 011c 65787470 		.string	"extp"
 780      00
 781              	.LASF7:
 782 0121 6C6F6E67 		.string	"long long unsigned int"
 782      206C6F6E 
 782      6720756E 
GAS LISTING /tmp/cc18aeYE.s 			page 16


 782      7369676E 
 782      65642069 
 783              	.LASF22:
 784 0138 6D6F6465 		.string	"mode"
 784      00
 785              	.LASF28:
 786 013d 6578745F 		.string	"ext_lld_stop"
 786      6C6C645F 
 786      73746F70 
 786      00
 787              	.LASF9:
 788 014a 73697A65 		.string	"sizetype"
 788      74797065 
 788      00
 789              	.LASF33:
 790 0153 474E5520 		.string	"GNU C 4.8.2 -m32 -mtune=generic -march=i686 -ggdb -O2 -fomit-frame-pointer -fstack-protec
 790      4320342E 
 790      382E3220 
 790      2D6D3332 
 790      202D6D74 
 791              	.LASF4:
 792 01b0 6C6F6E67 		.string	"long long int"
 792      206C6F6E 
 792      6720696E 
 792      7400
 793              	.LASF10:
 794 01be 63686172 		.string	"char"
 794      00
 795              	.LASF24:
 796 01c3 6368616E 		.string	"channels"
 796      6E656C73 
 796      00
 797              	.LASF35:
 798 01cc 2F686F6D 		.string	"/home/tony/ChibiOS-RT/testhal/Posix/EXT"
 798      652F746F 
 798      6E792F43 
 798      68696269 
 798      4F532D52 
 799              	.LASF36:
 800 01f4 45585444 		.string	"EXTD1"
 800      3100
 801              	.LASF3:
 802 01fa 73686F72 		.string	"short int"
 802      7420696E 
 802      7400
 803              	.LASF37:
 804 0204 6578744F 		.string	"extObjectInit"
 804      626A6563 
 804      74496E69 
 804      7400
 805              	.LASF15:
 806 0212 75696E74 		.string	"uint32_t"
 806      33325F74 
 806      00
 807              	.LASF1:
 808 021b 6C6F6E67 		.string	"long int"
 808      20696E74 
GAS LISTING /tmp/cc18aeYE.s 			page 17


 808      00
 809              	.LASF2:
 810 0224 7369676E 		.string	"signed char"
 810      65642063 
 810      68617200 
 811              	.LASF8:
 812 0230 5F426F6F 		.string	"_Bool"
 812      6C00
 813              	.LASF27:
 814 0236 6578745F 		.string	"ext_lld_start"
 814      6C6C645F 
 814      73746172 
 814      7400
 815              	.LASF13:
 816 0244 4558545F 		.string	"EXT_STOP"
 816      53544F50 
 816      00
 817              		.ident	"GCC: (Ubuntu 4.8.2-19ubuntu1) 4.8.2"
 818              		.section	.note.GNU-stack,"",@progbits
GAS LISTING /tmp/cc18aeYE.s 			page 18


DEFINED SYMBOLS
                            *ABS*:0000000000000000 ext_lld.c
     /tmp/cc18aeYE.s:61     .text:0000000000000000 ext_lld_init
                            *COM*:0000000000000008 EXTD1
     /tmp/cc18aeYE.s:82     .text:0000000000000020 ext_lld_start
     /tmp/cc18aeYE.s:94     .text:0000000000000030 ext_lld_stop
     /tmp/cc18aeYE.s:106    .text:0000000000000040 ext_lld_channel_enable
     /tmp/cc18aeYE.s:118    .text:0000000000000050 ext_lld_channel_disable

UNDEFINED SYMBOLS
extObjectInit
