GAS LISTING /tmp/ccVSz0go.s 			page 1


   1              		.file	"chdebug.c"
   2              	# GNU C (Ubuntu 4.8.2-19ubuntu1) version 4.8.2 (x86_64-linux-gnu)
   3              	#	compiled by GNU C version 4.8.2, GMP version 5.1.3, MPFR version 3.1.2-p3, MPC version 1.0.1
   4              	# GGC heuristics: --param ggc-min-expand=97 --param ggc-min-heapsize=126309
   5              	# options passed:  -I . -I ../../../os/ports/GCC/SIMIA32
   6              	# -I ../../../os/kernel/include -I ../../../test -I ../../../os/hal/include
   7              	# -I ../../../os/hal/platforms/Posix -I ../../../boards/simulator
   8              	# -I ../../../os/various -imultilib 32 -imultiarch i386-linux-gnu
   9              	# -MD ../../../os/kernel/src/chdebug.d -MF .dep/chdebug.o.d -MP
  10              	# -MQ ../../../os/kernel/src/chdebug.o -D SIMULATOR
  11              	# -D SHELL_USE_IPRINTF=FALSE ../../../os/kernel/src/chdebug.c -m32
  12              	# -mtune=generic -march=i686
  13              	# -auxbase-strip ../../../os/kernel/src/chdebug.o -ggdb -O2 -Wall -Wextra
  14              	# -Wstrict-prototypes -fomit-frame-pointer -fverbose-asm -fstack-protector
  15              	# -Wformat -Wformat-security
  16              	# options enabled:  -faggressive-loop-optimizations
  17              	# -fasynchronous-unwind-tables -fauto-inc-dec -fbranch-count-reg
  18              	# -fcaller-saves -fcombine-stack-adjustments -fcommon -fcompare-elim
  19              	# -fcprop-registers -fcrossjumping -fcse-follow-jumps -fdefer-pop
  20              	# -fdelete-null-pointer-checks -fdevirtualize -fdwarf2-cfi-asm
  21              	# -fearly-inlining -feliminate-unused-debug-types -fexpensive-optimizations
  22              	# -fforward-propagate -ffunction-cse -fgcse -fgcse-lm -fgnu-runtime
  23              	# -fguess-branch-probability -fhoist-adjacent-loads -fident -fif-conversion
  24              	# -fif-conversion2 -findirect-inlining -finline -finline-atomics
  25              	# -finline-functions-called-once -finline-small-functions -fipa-cp
  26              	# -fipa-profile -fipa-pure-const -fipa-reference -fipa-sra
  27              	# -fira-hoist-pressure -fira-share-save-slots -fira-share-spill-slots
  28              	# -fivopts -fkeep-static-consts -fleading-underscore -fmath-errno
  29              	# -fmerge-constants -fmerge-debug-strings -fmove-loop-invariants
  30              	# -fomit-frame-pointer -foptimize-register-move -foptimize-sibling-calls
  31              	# -foptimize-strlen -fpartial-inlining -fpcc-struct-return -fpeephole
  32              	# -fpeephole2 -fprefetch-loop-arrays -free -fregmove -freorder-blocks
  33              	# -freorder-functions -frerun-cse-after-loop
  34              	# -fsched-critical-path-heuristic -fsched-dep-count-heuristic
  35              	# -fsched-group-heuristic -fsched-interblock -fsched-last-insn-heuristic
  36              	# -fsched-rank-heuristic -fsched-spec -fsched-spec-insn-heuristic
  37              	# -fsched-stalled-insns-dep -fschedule-insns2 -fshow-column -fshrink-wrap
  38              	# -fsigned-zeros -fsplit-ivs-in-unroller -fsplit-wide-types
  39              	# -fstack-protector -fstrict-aliasing -fstrict-overflow
  40              	# -fstrict-volatile-bitfields -fsync-libcalls -fthread-jumps
  41              	# -ftoplevel-reorder -ftrapping-math -ftree-bit-ccp -ftree-builtin-call-dce
  42              	# -ftree-ccp -ftree-ch -ftree-coalesce-vars -ftree-copy-prop
  43              	# -ftree-copyrename -ftree-cselim -ftree-dce -ftree-dominator-opts
  44              	# -ftree-dse -ftree-forwprop -ftree-fre -ftree-loop-if-convert
  45              	# -ftree-loop-im -ftree-loop-ivcanon -ftree-loop-optimize
  46              	# -ftree-parallelize-loops= -ftree-phiprop -ftree-pre -ftree-pta
  47              	# -ftree-reassoc -ftree-scev-cprop -ftree-sink -ftree-slp-vectorize
  48              	# -ftree-slsr -ftree-sra -ftree-switch-conversion -ftree-tail-merge
  49              	# -ftree-ter -ftree-vect-loop-version -ftree-vrp -funit-at-a-time
  50              	# -funwind-tables -fvar-tracking -fvar-tracking-assignments -fverbose-asm
  51              	# -fzero-initialized-in-bss -m32 -m80387 -m96bit-long-double
  52              	# -maccumulate-outgoing-args -malign-stringops -mfancy-math-387
  53              	# -mfp-ret-in-387 -mglibc -mieee-fp -mlong-double-80 -mno-red-zone
  54              	# -mno-sse4 -mpush-args -msahf -mtls-direct-seg-refs
  55              	
  56              		.text
  57              	.Ltext0:
GAS LISTING /tmp/ccVSz0go.s 			page 2


  58              	.Letext0:
  59              		.section	.debug_info,"",@progbits
  60              	.Ldebug_info0:
  61 0000 6E000000 		.long	0x6e
  62 0004 0400     		.value	0x4
  63 0006 00000000 		.long	.Ldebug_abbrev0
  64 000a 04       		.byte	0x4
  65 000b 01       		.uleb128 0x1
  66 000c 62000000 		.long	.LASF11
  67 0010 01       		.byte	0x1
  68 0011 E0000000 		.long	.LASF12
  69 0015 27000000 		.long	.LASF13
  70 0019 00000000 		.long	.Ldebug_line0
  71 001d 02       		.uleb128 0x2
  72 001e 04       		.byte	0x4
  73 001f 05       		.byte	0x5
  74 0020 696E7400 		.string	"int"
  75 0024 03       		.uleb128 0x3
  76 0025 04       		.byte	0x4
  77 0026 07       		.byte	0x7
  78 0027 00000000 		.long	.LASF0
  79 002b 03       		.uleb128 0x3
  80 002c 04       		.byte	0x4
  81 002d 05       		.byte	0x5
  82 002e 07010000 		.long	.LASF1
  83 0032 03       		.uleb128 0x3
  84 0033 01       		.byte	0x1
  85 0034 06       		.byte	0x6
  86 0035 1B000000 		.long	.LASF2
  87 0039 03       		.uleb128 0x3
  88 003a 02       		.byte	0x2
  89 003b 05       		.byte	0x5
  90 003c BF000000 		.long	.LASF3
  91 0040 03       		.uleb128 0x3
  92 0041 08       		.byte	0x8
  93 0042 05       		.byte	0x5
  94 0043 1E010000 		.long	.LASF4
  95 0047 03       		.uleb128 0x3
  96 0048 01       		.byte	0x1
  97 0049 08       		.byte	0x8
  98 004a 0D000000 		.long	.LASF5
  99 004e 03       		.uleb128 0x3
 100 004f 02       		.byte	0x2
 101 0050 07       		.byte	0x7
 102 0051 4F000000 		.long	.LASF6
 103 0055 03       		.uleb128 0x3
 104 0056 08       		.byte	0x8
 105 0057 07       		.byte	0x7
 106 0058 C9000000 		.long	.LASF7
 107 005c 03       		.uleb128 0x3
 108 005d 01       		.byte	0x1
 109 005e 02       		.byte	0x2
 110 005f 01010000 		.long	.LASF8
 111 0063 03       		.uleb128 0x3
 112 0064 04       		.byte	0x4
 113 0065 07       		.byte	0x7
 114 0066 10010000 		.long	.LASF9
GAS LISTING /tmp/ccVSz0go.s 			page 3


 115 006a 03       		.uleb128 0x3
 116 006b 01       		.byte	0x1
 117 006c 06       		.byte	0x6
 118 006d 19010000 		.long	.LASF10
 119 0071 00       		.byte	0
 120              		.section	.debug_abbrev,"",@progbits
 121              	.Ldebug_abbrev0:
 122 0000 01       		.uleb128 0x1
 123 0001 11       		.uleb128 0x11
 124 0002 01       		.byte	0x1
 125 0003 25       		.uleb128 0x25
 126 0004 0E       		.uleb128 0xe
 127 0005 13       		.uleb128 0x13
 128 0006 0B       		.uleb128 0xb
 129 0007 03       		.uleb128 0x3
 130 0008 0E       		.uleb128 0xe
 131 0009 1B       		.uleb128 0x1b
 132 000a 0E       		.uleb128 0xe
 133 000b 10       		.uleb128 0x10
 134 000c 17       		.uleb128 0x17
 135 000d 00       		.byte	0
 136 000e 00       		.byte	0
 137 000f 02       		.uleb128 0x2
 138 0010 24       		.uleb128 0x24
 139 0011 00       		.byte	0
 140 0012 0B       		.uleb128 0xb
 141 0013 0B       		.uleb128 0xb
 142 0014 3E       		.uleb128 0x3e
 143 0015 0B       		.uleb128 0xb
 144 0016 03       		.uleb128 0x3
 145 0017 08       		.uleb128 0x8
 146 0018 00       		.byte	0
 147 0019 00       		.byte	0
 148 001a 03       		.uleb128 0x3
 149 001b 24       		.uleb128 0x24
 150 001c 00       		.byte	0
 151 001d 0B       		.uleb128 0xb
 152 001e 0B       		.uleb128 0xb
 153 001f 3E       		.uleb128 0x3e
 154 0020 0B       		.uleb128 0xb
 155 0021 03       		.uleb128 0x3
 156 0022 0E       		.uleb128 0xe
 157 0023 00       		.byte	0
 158 0024 00       		.byte	0
 159 0025 00       		.byte	0
 160              		.section	.debug_aranges,"",@progbits
 161 0000 14000000 		.long	0x14
 162 0004 0200     		.value	0x2
 163 0006 00000000 		.long	.Ldebug_info0
 164 000a 04       		.byte	0x4
 165 000b 00       		.byte	0
 166 000c 0000     		.value	0
 167 000e 0000     		.value	0
 168 0010 00000000 		.long	0
 169 0014 00000000 		.long	0
 170              		.section	.debug_line,"",@progbits
 171              	.Ldebug_line0:
GAS LISTING /tmp/ccVSz0go.s 			page 4


 172 0000 19000000 		.section	.debug_str,"MS",@progbits,1
 172      02001300 
 172      00000101 
 172      FB0E0D00 
 172      01010101 
 173              	.LASF0:
 174 0000 756E7369 		.string	"unsigned int"
 174      676E6564 
 174      20696E74 
 174      00
 175              	.LASF5:
 176 000d 756E7369 		.string	"unsigned char"
 176      676E6564 
 176      20636861 
 176      7200
 177              	.LASF2:
 178 001b 7369676E 		.string	"signed char"
 178      65642063 
 178      68617200 
 179              	.LASF13:
 180 0027 2F686F6D 		.string	"/home/tony/ChibiOS-RT/testhal/Posix/EXT"
 180      652F746F 
 180      6E792F43 
 180      68696269 
 180      4F532D52 
 181              	.LASF6:
 182 004f 73686F72 		.string	"short unsigned int"
 182      7420756E 
 182      7369676E 
 182      65642069 
 182      6E7400
 183              	.LASF11:
 184 0062 474E5520 		.string	"GNU C 4.8.2 -m32 -mtune=generic -march=i686 -ggdb -O2 -fomit-frame-pointer -fstack-protec
 184      4320342E 
 184      382E3220 
 184      2D6D3332 
 184      202D6D74 
 185              	.LASF3:
 186 00bf 73686F72 		.string	"short int"
 186      7420696E 
 186      7400
 187              	.LASF7:
 188 00c9 6C6F6E67 		.string	"long long unsigned int"
 188      206C6F6E 
 188      6720756E 
 188      7369676E 
 188      65642069 
 189              	.LASF12:
 190 00e0 2E2E2F2E 		.string	"../../../os/kernel/src/chdebug.c"
 190      2E2F2E2E 
 190      2F6F732F 
 190      6B65726E 
 190      656C2F73 
 191              	.LASF8:
 192 0101 5F426F6F 		.string	"_Bool"
 192      6C00
 193              	.LASF1:
GAS LISTING /tmp/ccVSz0go.s 			page 5


 194 0107 6C6F6E67 		.string	"long int"
 194      20696E74 
 194      00
 195              	.LASF9:
 196 0110 73697A65 		.string	"sizetype"
 196      74797065 
 196      00
 197              	.LASF10:
 198 0119 63686172 		.string	"char"
 198      00
 199              	.LASF4:
 200 011e 6C6F6E67 		.string	"long long int"
 200      206C6F6E 
 200      6720696E 
 200      7400
 201              		.ident	"GCC: (Ubuntu 4.8.2-19ubuntu1) 4.8.2"
 202              		.section	.note.GNU-stack,"",@progbits
GAS LISTING /tmp/ccVSz0go.s 			page 6


DEFINED SYMBOLS
                            *ABS*:0000000000000000 chdebug.c

NO UNDEFINED SYMBOLS
