GAS LISTING /tmp/cc0WLNIo.s 			page 1


   1              		.file	"chmempools.c"
   2              	# GNU C (Ubuntu 4.8.2-19ubuntu1) version 4.8.2 (x86_64-linux-gnu)
   3              	#	compiled by GNU C version 4.8.2, GMP version 5.1.3, MPFR version 3.1.2-p3, MPC version 1.0.1
   4              	# GGC heuristics: --param ggc-min-expand=97 --param ggc-min-heapsize=126309
   5              	# options passed:  -I . -I ../../../os/ports/GCC/SIMIA32
   6              	# -I ../../../os/kernel/include -I ../../../test -I ../../../os/hal/include
   7              	# -I ../../../os/hal/platforms/Posix -I ../../../boards/simulator
   8              	# -I ../../../os/various -imultilib 32 -imultiarch i386-linux-gnu
   9              	# -MD ../../../os/kernel/src/chmempools.d -MF .dep/chmempools.o.d -MP
  10              	# -MQ ../../../os/kernel/src/chmempools.o -D SIMULATOR
  11              	# -D SHELL_USE_IPRINTF=FALSE ../../../os/kernel/src/chmempools.c -m32
  12              	# -mtune=generic -march=i686
  13              	# -auxbase-strip ../../../os/kernel/src/chmempools.o -ggdb -O2 -Wall
  14              	# -Wextra -Wstrict-prototypes -fomit-frame-pointer -fverbose-asm
  15              	# -fstack-protector -Wformat -Wformat-security
  16              	# options enabled:  -faggressive-loop-optimizations
  17              	# -fasynchronous-unwind-tables -fauto-inc-dec -fbranch-count-reg
  18              	# -fcaller-saves -fcombine-stack-adjustments -fcommon -fcompare-elim
  19              	# -fcprop-registers -fcrossjumping -fcse-follow-jumps -fdefer-pop
  20              	# -fdelete-null-pointer-checks -fdevirtualize -fdwarf2-cfi-asm
  21              	# -fearly-inlining -feliminate-unused-debug-types -fexpensive-optimizations
  22              	# -fforward-propagate -ffunction-cse -fgcse -fgcse-lm -fgnu-runtime
  23              	# -fguess-branch-probability -fhoist-adjacent-loads -fident -fif-conversion
  24              	# -fif-conversion2 -findirect-inlining -finline -finline-atomics
  25              	# -finline-functions-called-once -finline-small-functions -fipa-cp
  26              	# -fipa-profile -fipa-pure-const -fipa-reference -fipa-sra
  27              	# -fira-hoist-pressure -fira-share-save-slots -fira-share-spill-slots
  28              	# -fivopts -fkeep-static-consts -fleading-underscore -fmath-errno
  29              	# -fmerge-constants -fmerge-debug-strings -fmove-loop-invariants
  30              	# -fomit-frame-pointer -foptimize-register-move -foptimize-sibling-calls
  31              	# -foptimize-strlen -fpartial-inlining -fpcc-struct-return -fpeephole
  32              	# -fpeephole2 -fprefetch-loop-arrays -free -fregmove -freorder-blocks
  33              	# -freorder-functions -frerun-cse-after-loop
  34              	# -fsched-critical-path-heuristic -fsched-dep-count-heuristic
  35              	# -fsched-group-heuristic -fsched-interblock -fsched-last-insn-heuristic
  36              	# -fsched-rank-heuristic -fsched-spec -fsched-spec-insn-heuristic
  37              	# -fsched-stalled-insns-dep -fschedule-insns2 -fshow-column -fshrink-wrap
  38              	# -fsigned-zeros -fsplit-ivs-in-unroller -fsplit-wide-types
  39              	# -fstack-protector -fstrict-aliasing -fstrict-overflow
  40              	# -fstrict-volatile-bitfields -fsync-libcalls -fthread-jumps
  41              	# -ftoplevel-reorder -ftrapping-math -ftree-bit-ccp -ftree-builtin-call-dce
  42              	# -ftree-ccp -ftree-ch -ftree-coalesce-vars -ftree-copy-prop
  43              	# -ftree-copyrename -ftree-cselim -ftree-dce -ftree-dominator-opts
  44              	# -ftree-dse -ftree-forwprop -ftree-fre -ftree-loop-if-convert
  45              	# -ftree-loop-im -ftree-loop-ivcanon -ftree-loop-optimize
  46              	# -ftree-parallelize-loops= -ftree-phiprop -ftree-pre -ftree-pta
  47              	# -ftree-reassoc -ftree-scev-cprop -ftree-sink -ftree-slp-vectorize
  48              	# -ftree-slsr -ftree-sra -ftree-switch-conversion -ftree-tail-merge
  49              	# -ftree-ter -ftree-vect-loop-version -ftree-vrp -funit-at-a-time
  50              	# -funwind-tables -fvar-tracking -fvar-tracking-assignments -fverbose-asm
  51              	# -fzero-initialized-in-bss -m32 -m80387 -m96bit-long-double
  52              	# -maccumulate-outgoing-args -malign-stringops -mfancy-math-387
  53              	# -mfp-ret-in-387 -mglibc -mieee-fp -mlong-double-80 -mno-red-zone
  54              	# -mno-sse4 -mpush-args -msahf -mtls-direct-seg-refs
  55              	
  56              		.text
  57              	.Ltext0:
GAS LISTING /tmp/cc0WLNIo.s 			page 2


  58              		.p2align 4,,15
  59              		.globl	chPoolInit
  60              		.type	chPoolInit, @function
  61              	chPoolInit:
  62              	.LFB7:
  63              		.file 1 "../../../os/kernel/src/chmempools.c"
  64              		.loc 1 62 0
  65              		.cfi_startproc
  66              	.LVL0:
  67              		.loc 1 62 0
  68 0000 8B442404 		movl	4(%esp), %eax	# mp, mp
  69              		.loc 1 67 0
  70 0004 8B542408 		movl	8(%esp), %edx	# size, size
  71              		.loc 1 66 0
  72 0008 C7000000 		movl	$0, (%eax)	#, mp_1(D)->mp_next
  72      0000
  73              		.loc 1 67 0
  74 000e 895004   		movl	%edx, 4(%eax)	# size, mp_1(D)->mp_object_size
  75              		.loc 1 68 0
  76 0011 8B54240C 		movl	12(%esp), %edx	# provider, provider
  77 0015 895008   		movl	%edx, 8(%eax)	# provider, mp_1(D)->mp_provider
  78 0018 C3       		ret
  79              		.cfi_endproc
  80              	.LFE7:
  81              		.size	chPoolInit, .-chPoolInit
  82 0019 8DB42600 		.p2align 4,,15
  82      000000
  83              		.globl	chPoolLoadArray
  84              		.type	chPoolLoadArray, @function
  85              	chPoolLoadArray:
  86              	.LFB8:
  87              		.loc 1 84 0
  88              		.cfi_startproc
  89              	.LVL1:
  90 0020 55       		pushl	%ebp	#
  91              		.cfi_def_cfa_offset 8
  92              		.cfi_offset 5, -8
  93 0021 57       		pushl	%edi	#
  94              		.cfi_def_cfa_offset 12
  95              		.cfi_offset 7, -12
  96 0022 56       		pushl	%esi	#
  97              		.cfi_def_cfa_offset 16
  98              		.cfi_offset 6, -16
  99 0023 53       		pushl	%ebx	#
 100              		.cfi_def_cfa_offset 20
 101              		.cfi_offset 3, -20
 102              		.loc 1 84 0
 103 0024 8B7C241C 		movl	28(%esp), %edi	# n, n
 104 0028 8B6C2414 		movl	20(%esp), %ebp	# mp, mp
 105              		.loc 1 88 0
 106 002c 85FF     		testl	%edi, %edi	# n
 107 002e 742D     		je	.L2	#,
 108 0030 8B7504   		movl	4(%ebp), %esi	# mp_4(D)->mp_object_size, D.2078
 109 0033 89FA     		movl	%edi, %edx	# n, n
 110 0035 8B4D00   		movl	0(%ebp), %ecx	# mp_4(D)->mp_next, D.2081
 111 0038 8B442418 		movl	24(%esp), %eax	# p, p
 112 003c EB06     		jmp	.L6	#
GAS LISTING /tmp/cc0WLNIo.s 			page 3


 113              	.LVL2:
 114 003e 6690     		.p2align 4,,7
 115              		.p2align 3
 116              	.L4:
 117 0040 89C1     		movl	%eax, %ecx	# p, D.2081
 118              		.loc 1 90 0
 119 0042 89D8     		movl	%ebx, %eax	# p, p
 120              	.LVL3:
 121              	.L6:
 122              	.LBB10:
 123              	.LBB11:
 124              		.loc 1 173 0
 125              	#APP
 126              	# 173 "../../../os/kernel/src/chmempools.c" 1
   1              	/*
   2              	    ChibiOS/RT - Copyright (C) 2006,2007,2008,2009,2010,
   3              	                 2011,2012,2013 Giovanni Di Sirio.
   4              	
   5              	    This file is part of ChibiOS/RT.
   6              	
   7              	    ChibiOS/RT is free software; you can redistribute it and/or modify
   8              	    it under the terms of the GNU General Public License as published by
   9              	    the Free Software Foundation; either version 3 of the License, or
  10              	    (at your option) any later version.
  11              	
  12              	    ChibiOS/RT is distributed in the hope that it will be useful,
  13              	    but WITHOUT ANY WARRANTY; without even the implied warranty of
  14              	    MERCHANTABILITY or FITNESS FOR A PARTICULAR PURPOSE.  See the
  15              	    GNU General Public License for more details.
  16              	
  17              	    You should have received a copy of the GNU General Public License
  18              	    along with this program.  If not, see <http://www.gnu.org/licenses/>.
  19              	
  20              	                                      ---
  21              	
  22              	    A special exception to the GPL can be applied should you wish to distribute
  23              	    a combined work that includes ChibiOS/RT, without being obliged to provide
  24              	    the source code for any proprietary components. See the file exception.txt
  25              	    for full details of how and when the exception can be applied.
  26              	*/
  27              	
  28              	/**
  29              	 * @file    chmempools.c
  30              	 * @brief   Memory Pools code.
  31              	 *
  32              	 * @addtogroup pools
  33              	 * @details Memory Pools related APIs and services.
  34              	 *          <h2>Operation mode</h2>
  35              	 *          The Memory Pools APIs allow to allocate/free fixed size objects in
  36              	 *          <b>constant time</b> and reliably without memory fragmentation
  37              	 *          problems.<br>
  38              	 *          Memory Pools do not enforce any alignment constraint on the
  39              	 *          contained object however the objects must be properly aligned
  40              	 *          to contain a pointer to void.
  41              	 * @pre     In order to use the memory pools APIs the @p CH_USE_MEMPOOLS option
  42              	 *          must be enabled in @p chconf.h.
  43              	 * @{
GAS LISTING /tmp/cc0WLNIo.s 			page 4


  44              	 */
  45              	
  46              	#include "ch.h"
  47              	
  48              	#if CH_USE_MEMPOOLS || defined(__DOXYGEN__)
  49              	/**
  50              	 * @brief   Initializes an empty memory pool.
  51              	 *
  52              	 * @param[out] mp       pointer to a @p MemoryPool structure
  53              	 * @param[in] size      the size of the objects contained in this memory pool,
  54              	 *                      the minimum accepted size is the size of a pointer to
  55              	 *                      void.
  56              	 * @param[in] provider  memory provider function for the memory pool or
  57              	 *                      @p NULL if the pool is not allowed to grow
  58              	 *                      automatically
  59              	 *
  60              	 * @init
  61              	 */
  62              	void chPoolInit(MemoryPool *mp, size_t size, memgetfunc_t provider) {
  63              	
  64              	  chDbgCheck((mp != NULL) && (size >= sizeof(void *)), "chPoolInit");
  65              	
  66              	  mp->mp_next = NULL;
  67              	  mp->mp_object_size = size;
  68              	  mp->mp_provider = provider;
  69              	}
  70              	
  71              	/**
  72              	 * @brief   Loads a memory pool with an array of static objects.
  73              	 * @pre     The memory pool must be already been initialized.
  74              	 * @pre     The array elements must be of the right size for the specified
  75              	 *          memory pool.
  76              	 * @post    The memory pool contains the elements of the input array.
  77              	 *
  78              	 * @param[in] mp        pointer to a @p MemoryPool structure
  79              	 * @param[in] p         pointer to the array first element
  80              	 * @param[in] n         number of elements in the array
  81              	 *
  82              	 * @api
  83              	 */
  84              	void chPoolLoadArray(MemoryPool *mp, void *p, size_t n) {
  85              	
  86              	  chDbgCheck((mp != NULL) && (n != 0), "chPoolLoadArray");
  87              	
  88              	  while (n) {
  89              	    chPoolAdd(mp, p);
  90              	    p = (void *)(((uint8_t *)p) + mp->mp_object_size);
  91              	    n--;
  92              	  }
  93              	}
  94              	
  95              	/**
  96              	 * @brief   Allocates an object from a memory pool.
  97              	 * @pre     The memory pool must be already been initialized.
  98              	 *
  99              	 * @param[in] mp        pointer to a @p MemoryPool structure
 100              	 * @return              The pointer to the allocated object.
GAS LISTING /tmp/cc0WLNIo.s 			page 5


 101              	 * @retval NULL         if pool is empty.
 102              	 *
 103              	 * @iclass
 104              	 */
 105              	void *chPoolAllocI(MemoryPool *mp) {
 106              	  void *objp;
 107              	
 108              	  chDbgCheckClassI();
 109              	  chDbgCheck(mp != NULL, "chPoolAllocI");
 110              	
 111              	  if ((objp = mp->mp_next) != NULL)
 112              	    mp->mp_next = mp->mp_next->ph_next;
 113              	  else if (mp->mp_provider != NULL)
 114              	    objp = mp->mp_provider(mp->mp_object_size);
 115              	  return objp;
 116              	}
 117              	
 118              	/**
 119              	 * @brief   Allocates an object from a memory pool.
 120              	 * @pre     The memory pool must be already been initialized.
 121              	 *
 122              	 * @param[in] mp        pointer to a @p MemoryPool structure
 123              	 * @return              The pointer to the allocated object.
 124              	 * @retval NULL         if pool is empty.
 125              	 *
 126              	 * @api
 127              	 */
 128              	void *chPoolAlloc(MemoryPool *mp) {
 129              	  void *objp;
 130              	
 131              	  chSysLock();
 132              	  objp = chPoolAllocI(mp);
 133              	  chSysUnlock();
 134              	  return objp;
 135              	}
 136              	
 137              	/**
 138              	 * @brief   Releases an object into a memory pool.
 139              	 * @pre     The memory pool must be already been initialized.
 140              	 * @pre     The freed object must be of the right size for the specified
 141              	 *          memory pool.
 142              	 * @pre     The object must be properly aligned to contain a pointer to void.
 143              	 *
 144              	 * @param[in] mp        pointer to a @p MemoryPool structure
 145              	 * @param[in] objp      the pointer to the object to be released
 146              	 *
 147              	 * @iclass
 148              	 */
 149              	void chPoolFreeI(MemoryPool *mp, void *objp) {
 150              	  struct pool_header *php = objp;
 151              	
 152              	  chDbgCheckClassI();
 153              	  chDbgCheck((mp != NULL) && (objp != NULL), "chPoolFreeI");
 154              	
 155              	  php->ph_next = mp->mp_next;
 156              	  mp->mp_next = php;
 157              	}
GAS LISTING /tmp/cc0WLNIo.s 			page 6


 158              	
 159              	/**
 160              	 * @brief   Releases an object into a memory pool.
 161              	 * @pre     The memory pool must be already been initialized.
 162              	 * @pre     The freed object must be of the right size for the specified
 163              	 *          memory pool.
 164              	 * @pre     The object must be properly aligned to contain a pointer to void.
 165              	 *
 166              	 * @param[in] mp        pointer to a @p MemoryPool structure
 167              	 * @param[in] objp      the pointer to the object to be released
 168              	 *
 169              	 * @api
 170              	 */
 171              	void chPoolFree(MemoryPool *mp, void *objp) {
 172              	
 173 0044 90       	  chSysLock();
 174              	  chPoolFreeI(mp, objp);
 127              		nop
 128              	# 0 "" 2
 129              	.LVL4:
 130              	#NO_APP
 131              	.LBB12:
 132              	.LBB13:
 133              		.loc 1 155 0
 134 0045 8908     		movl	%ecx, (%eax)	# D.2081, MEM[base: p_18, offset: 0B]
 135              	.LBE13:
 136              	.LBE12:
 137              		.loc 1 175 0
 138              	#APP
 139              	# 175 "../../../os/kernel/src/chmempools.c" 1
 175 0047 90       	  chSysUnlock();
 176              	}
 140              		nop
 141              	# 0 "" 2
 142              	.LVL5:
 143              	#NO_APP
 144              	.LBE11:
 145              	.LBE10:
 146              		.loc 1 88 0
 147 0048 83EA01   		subl	$1, %edx	#, n
 148              	.LVL6:
 149              		.loc 1 90 0
 150 004b 8D1C30   		leal	(%eax,%esi), %ebx	#, p
 151              	.LVL7:
 152              		.loc 1 88 0
 153 004e 75F0     		jne	.L4	#,
 154 0050 83EF01   		subl	$1, %edi	#, D.2079
 155 0053 0FAFFE   		imull	%esi, %edi	# D.2078, D.2079
 156 0056 037C2418 		addl	24(%esp), %edi	# p, tmp72
 157 005a 897D00   		movl	%edi, 0(%ebp)	# tmp72, mp_4(D)->mp_next
 158              	.LVL8:
 159              	.L2:
 160              		.loc 1 93 0
 161 005d 5B       		popl	%ebx	#
 162              		.cfi_restore 3
 163              		.cfi_def_cfa_offset 16
 164 005e 5E       		popl	%esi	#
GAS LISTING /tmp/cc0WLNIo.s 			page 7


 165              		.cfi_restore 6
 166              		.cfi_def_cfa_offset 12
 167 005f 5F       		popl	%edi	#
 168              		.cfi_restore 7
 169              		.cfi_def_cfa_offset 8
 170 0060 5D       		popl	%ebp	#
 171              		.cfi_restore 5
 172              		.cfi_def_cfa_offset 4
 173              	.LVL9:
 174 0061 C3       		ret
 175              		.cfi_endproc
 176              	.LFE8:
 177              		.size	chPoolLoadArray, .-chPoolLoadArray
 178 0062 8DB42600 		.p2align 4,,15
 178      0000008D 
 178      BC270000 
 178      0000
 179              		.globl	chPoolAllocI
 180              		.type	chPoolAllocI, @function
 181              	chPoolAllocI:
 182              	.LFB9:
 183              		.loc 1 105 0
 184              		.cfi_startproc
 185              	.LVL10:
 186              		.loc 1 105 0
 187 0070 8B542404 		movl	4(%esp), %edx	# mp, mp
 188              		.loc 1 111 0
 189 0074 8B02     		movl	(%edx), %eax	# mp_4(D)->mp_next, objp
 190              	.LVL11:
 191 0076 85C0     		testl	%eax, %eax	# objp
 192 0078 7406     		je	.L10	#,
 193              		.loc 1 112 0
 194 007a 8B08     		movl	(%eax), %ecx	# MEM[(struct pool_header *)objp_5].ph_next, MEM[(struct pool_header *)objp_5].p
 195 007c 890A     		movl	%ecx, (%edx)	# MEM[(struct pool_header *)objp_5].ph_next, mp_4(D)->mp_next
 196 007e C3       		ret
 197 007f 90       		.p2align 4,,7
 198              		.p2align 3
 199              	.L10:
 200              		.loc 1 113 0
 201 0080 8B4A08   		movl	8(%edx), %ecx	# mp_4(D)->mp_provider, D.2085
 202 0083 85C9     		testl	%ecx, %ecx	# D.2085
 203 0085 7409     		je	.L11	#,
 204              		.loc 1 114 0
 205 0087 8B4204   		movl	4(%edx), %eax	# mp_4(D)->mp_object_size, mp_4(D)->mp_object_size
 206              	.LVL12:
 207 008a 89442404 		movl	%eax, 4(%esp)	# mp_4(D)->mp_object_size,
 208              	.LVL13:
 209 008e FFE1     		jmp	*%ecx	# D.2085
 210              	.LVL14:
 211              		.p2align 4,,7
 212              		.p2align 3
 213              	.L11:
 214              		.loc 1 116 0
 215 0090 F3C3     		rep ret
 216              		.cfi_endproc
 217              	.LFE9:
 218              		.size	chPoolAllocI, .-chPoolAllocI
GAS LISTING /tmp/cc0WLNIo.s 			page 8


 219 0092 8DB42600 		.p2align 4,,15
 219      0000008D 
 219      BC270000 
 219      0000
 220              		.globl	chPoolAlloc
 221              		.type	chPoolAlloc, @function
 222              	chPoolAlloc:
 223              	.LFB10:
 224              		.loc 1 128 0
 225              		.cfi_startproc
 226              	.LVL15:
 227 00a0 83EC1C   		subl	$28, %esp	#,
 228              		.cfi_def_cfa_offset 32
 229              		.loc 1 128 0
 230 00a3 8B542420 		movl	32(%esp), %edx	# mp, mp
 231              		.loc 1 131 0
 232              	#APP
 233              	# 131 "../../../os/kernel/src/chmempools.c" 1
 234              		nop
 235              	# 0 "" 2
 236              	.LVL16:
 237              	#NO_APP
 238              	.LBB14:
 239              	.LBB15:
 240              		.loc 1 111 0
 241 00a8 8B02     		movl	(%edx), %eax	# mp_2(D)->mp_next, objp
 242              	.LVL17:
 243 00aa 85C0     		testl	%eax, %eax	# objp
 244 00ac 740A     		je	.L16	#,
 245              		.loc 1 112 0
 246 00ae 8B08     		movl	(%eax), %ecx	# MEM[(struct pool_header *)objp_4].ph_next, MEM[(struct pool_header *)objp_4].p
 247 00b0 890A     		movl	%ecx, (%edx)	# MEM[(struct pool_header *)objp_4].ph_next, mp_2(D)->mp_next
 248              	.LVL18:
 249              	.L17:
 250              	.LBE15:
 251              	.LBE14:
 252              		.loc 1 133 0
 253              	#APP
 254              	# 133 "../../../os/kernel/src/chmempools.c" 1
 255              		nop
 256              	# 0 "" 2
 257              		.loc 1 135 0
 258              	#NO_APP
 259 00b3 83C41C   		addl	$28, %esp	#,
 260              		.cfi_remember_state
 261              		.cfi_def_cfa_offset 4
 262 00b6 C3       		ret
 263              	.LVL19:
 264              		.p2align 4,,7
 265 00b7 90       		.p2align 3
 266              	.L16:
 267              		.cfi_restore_state
 268              	.LBB17:
 269              	.LBB16:
 270              		.loc 1 113 0
 271 00b8 8B4A08   		movl	8(%edx), %ecx	# mp_2(D)->mp_provider, D.2090
 272 00bb 85C9     		testl	%ecx, %ecx	# D.2090
GAS LISTING /tmp/cc0WLNIo.s 			page 9


 273 00bd 74F3     		je	.L17	#,
 274              		.loc 1 114 0
 275 00bf 8B4204   		movl	4(%edx), %eax	# mp_2(D)->mp_object_size, mp_2(D)->mp_object_size
 276              	.LVL20:
 277 00c2 890424   		movl	%eax, (%esp)	# mp_2(D)->mp_object_size,
 278              	.LVL21:
 279 00c5 FFD1     		call	*%ecx	# D.2090
 280              	.LVL22:
 281 00c7 EBE9     		jmp	.L17	#
 282              	.LBE16:
 283              	.LBE17:
 284              		.cfi_endproc
 285              	.LFE10:
 286              		.size	chPoolAlloc, .-chPoolAlloc
 287 00c9 8DB42600 		.p2align 4,,15
 287      000000
 288              		.globl	chPoolFreeI
 289              		.type	chPoolFreeI, @function
 290              	chPoolFreeI:
 291              	.LFB11:
 292              		.loc 1 149 0
 293              		.cfi_startproc
 294              	.LVL23:
 295              		.loc 1 149 0
 296 00d0 8B442404 		movl	4(%esp), %eax	# mp, mp
 297 00d4 8B542408 		movl	8(%esp), %edx	# objp, objp
 298              	.LVL24:
 299              		.loc 1 155 0
 300 00d8 8B08     		movl	(%eax), %ecx	# mp_2(D)->mp_next, mp_2(D)->mp_next
 301 00da 890A     		movl	%ecx, (%edx)	# mp_2(D)->mp_next, MEM[(struct pool_header *)objp_1(D)].ph_next
 302              		.loc 1 156 0
 303 00dc 8910     		movl	%edx, (%eax)	# objp, mp_2(D)->mp_next
 304 00de C3       		ret
 305              		.cfi_endproc
 306              	.LFE11:
 307              		.size	chPoolFreeI, .-chPoolFreeI
 308 00df 90       		.p2align 4,,15
 309              		.globl	chPoolFree
 310              		.type	chPoolFree, @function
 311              	chPoolFree:
 312              	.LFB12:
 313              		.loc 1 171 0
 314              		.cfi_startproc
 315              	.LVL25:
 316              		.loc 1 171 0
 317 00e0 8B442404 		movl	4(%esp), %eax	# mp, mp
 318 00e4 8B542408 		movl	8(%esp), %edx	# objp, objp
 319              		.loc 1 173 0
 320              	#APP
 321              	# 173 "../../../os/kernel/src/chmempools.c" 1
 322              		nop
 323              	# 0 "" 2
 324              	.LVL26:
 325              	#NO_APP
 326              	.LBB18:
 327              	.LBB19:
 328              		.loc 1 155 0
GAS LISTING /tmp/cc0WLNIo.s 			page 10


 329 00e9 8B08     		movl	(%eax), %ecx	# mp_2(D)->mp_next, mp_2(D)->mp_next
 330 00eb 890A     		movl	%ecx, (%edx)	# mp_2(D)->mp_next, MEM[(struct pool_header *)objp_3(D)].ph_next
 331              		.loc 1 156 0
 332 00ed 8910     		movl	%edx, (%eax)	# objp, mp_2(D)->mp_next
 333              	.LBE19:
 334              	.LBE18:
 335              		.loc 1 175 0
 336              	#APP
 337              	# 175 "../../../os/kernel/src/chmempools.c" 1
 338              		nop
 339              	# 0 "" 2
 340              	#NO_APP
 341 00f0 C3       		ret
 342              		.cfi_endproc
 343              	.LFE12:
 344              		.size	chPoolFree, .-chPoolFree
 345              	.Letext0:
 346              		.file 2 "/usr/lib/gcc/x86_64-linux-gnu/4.8/include/stddef.h"
 347              		.file 3 "/usr/include/stdint.h"
 348              		.file 4 "../../../os/kernel/include/chmemcore.h"
 349              		.file 5 "../../../os/kernel/include/chmempools.h"
 350              		.section	.debug_info,"",@progbits
 351              	.Ldebug_info0:
 352 0000 54030000 		.long	0x354
 353 0004 0400     		.value	0x4
 354 0006 00000000 		.long	.Ldebug_abbrev0
 355 000a 04       		.byte	0x4
 356 000b 01       		.uleb128 0x1
 357 000c 1E010000 		.long	.LASF26
 358 0010 01       		.byte	0x1
 359 0011 26000000 		.long	.LASF27
 360 0015 A0000000 		.long	.LASF28
 361 0019 00000000 		.long	.Ltext0
 362 001d F1000000 		.long	.Letext0-.Ltext0
 363 0021 00000000 		.long	.Ldebug_line0
 364 0025 02       		.uleb128 0x2
 365 0026 04       		.byte	0x4
 366 0027 05       		.byte	0x5
 367 0028 696E7400 		.string	"int"
 368 002c 03       		.uleb128 0x3
 369 002d 00000000 		.long	.LASF5
 370 0031 02       		.byte	0x2
 371 0032 D4       		.byte	0xd4
 372 0033 37000000 		.long	0x37
 373 0037 04       		.uleb128 0x4
 374 0038 04       		.byte	0x4
 375 0039 07       		.byte	0x7
 376 003a D5000000 		.long	.LASF0
 377 003e 04       		.uleb128 0x4
 378 003f 04       		.byte	0x4
 379 0040 05       		.byte	0x5
 380 0041 BD010000 		.long	.LASF1
 381 0045 04       		.uleb128 0x4
 382 0046 01       		.byte	0x1
 383 0047 06       		.byte	0x6
 384 0048 C6010000 		.long	.LASF2
 385 004c 04       		.uleb128 0x4
GAS LISTING /tmp/cc0WLNIo.s 			page 11


 386 004d 02       		.byte	0x2
 387 004e 05       		.byte	0x5
 388 004f A7010000 		.long	.LASF3
 389 0053 04       		.uleb128 0x4
 390 0054 08       		.byte	0x8
 391 0055 05       		.byte	0x5
 392 0056 7B010000 		.long	.LASF4
 393 005a 03       		.uleb128 0x3
 394 005b F9000000 		.long	.LASF6
 395 005f 03       		.byte	0x3
 396 0060 30       		.byte	0x30
 397 0061 65000000 		.long	0x65
 398 0065 04       		.uleb128 0x4
 399 0066 01       		.byte	0x1
 400 0067 08       		.byte	0x8
 401 0068 77000000 		.long	.LASF7
 402 006c 04       		.uleb128 0x4
 403 006d 02       		.byte	0x2
 404 006e 07       		.byte	0x7
 405 006f 4F000000 		.long	.LASF8
 406 0073 04       		.uleb128 0x4
 407 0074 08       		.byte	0x8
 408 0075 07       		.byte	0x7
 409 0076 E2000000 		.long	.LASF9
 410 007a 04       		.uleb128 0x4
 411 007b 01       		.byte	0x1
 412 007c 02       		.byte	0x2
 413 007d DA010000 		.long	.LASF10
 414 0081 04       		.uleb128 0x4
 415 0082 04       		.byte	0x4
 416 0083 07       		.byte	0x7
 417 0084 09010000 		.long	.LASF11
 418 0088 05       		.uleb128 0x5
 419 0089 04       		.byte	0x4
 420 008a 03       		.uleb128 0x3
 421 008b 8E010000 		.long	.LASF12
 422 008f 04       		.byte	0x4
 423 0090 2C       		.byte	0x2c
 424 0091 95000000 		.long	0x95
 425 0095 06       		.uleb128 0x6
 426 0096 04       		.byte	0x4
 427 0097 9B000000 		.long	0x9b
 428 009b 07       		.uleb128 0x7
 429 009c 88000000 		.long	0x88
 430 00a0 AA000000 		.long	0xaa
 431 00a4 08       		.uleb128 0x8
 432 00a5 2C000000 		.long	0x2c
 433 00a9 00       		.byte	0
 434 00aa 09       		.uleb128 0x9
 435 00ab 12010000 		.long	.LASF29
 436 00af 04       		.byte	0x4
 437 00b0 05       		.byte	0x5
 438 00b1 2C       		.byte	0x2c
 439 00b2 C3000000 		.long	0xc3
 440 00b6 0A       		.uleb128 0xa
 441 00b7 01010000 		.long	.LASF13
 442 00bb 05       		.byte	0x5
GAS LISTING /tmp/cc0WLNIo.s 			page 12


 443 00bc 2D       		.byte	0x2d
 444 00bd C3000000 		.long	0xc3
 445 00c1 00       		.byte	0
 446 00c2 00       		.byte	0
 447 00c3 06       		.uleb128 0x6
 448 00c4 04       		.byte	0x4
 449 00c5 AA000000 		.long	0xaa
 450 00c9 0B       		.uleb128 0xb
 451 00ca 0C       		.byte	0xc
 452 00cb 05       		.byte	0x5
 453 00cc 34       		.byte	0x34
 454 00cd F6000000 		.long	0xf6
 455 00d1 0A       		.uleb128 0xa
 456 00d2 D2010000 		.long	.LASF14
 457 00d6 05       		.byte	0x5
 458 00d7 35       		.byte	0x35
 459 00d8 C3000000 		.long	0xc3
 460 00dc 00       		.byte	0
 461 00dd 0A       		.uleb128 0xa
 462 00de 07000000 		.long	.LASF15
 463 00e2 05       		.byte	0x5
 464 00e3 36       		.byte	0x36
 465 00e4 2C000000 		.long	0x2c
 466 00e8 04       		.byte	0x4
 467 00e9 0A       		.uleb128 0xa
 468 00ea 9B010000 		.long	.LASF16
 469 00ee 05       		.byte	0x5
 470 00ef 38       		.byte	0x38
 471 00f0 8A000000 		.long	0x8a
 472 00f4 08       		.byte	0x8
 473 00f5 00       		.byte	0
 474 00f6 03       		.uleb128 0x3
 475 00f7 90000000 		.long	.LASF17
 476 00fb 05       		.byte	0x5
 477 00fc 3A       		.byte	0x3a
 478 00fd C9000000 		.long	0xc9
 479 0101 04       		.uleb128 0x4
 480 0102 01       		.byte	0x1
 481 0103 06       		.byte	0x6
 482 0104 89010000 		.long	.LASF18
 483 0108 0C       		.uleb128 0xc
 484 0109 C8000000 		.long	.LASF30
 485 010d 01       		.byte	0x1
 486 010e 69       		.byte	0x69
 487 010f 88000000 		.long	0x88
 488 0113 01       		.byte	0x1
 489 0114 2E010000 		.long	0x12e
 490 0118 0D       		.uleb128 0xd
 491 0119 6D7000   		.string	"mp"
 492 011c 01       		.byte	0x1
 493 011d 69       		.byte	0x69
 494 011e 2E010000 		.long	0x12e
 495 0122 0E       		.uleb128 0xe
 496 0123 9B000000 		.long	.LASF19
 497 0127 01       		.byte	0x1
 498 0128 6A       		.byte	0x6a
 499 0129 88000000 		.long	0x88
GAS LISTING /tmp/cc0WLNIo.s 			page 13


 500 012d 00       		.byte	0
 501 012e 06       		.uleb128 0x6
 502 012f 04       		.byte	0x4
 503 0130 F6000000 		.long	0xf6
 504 0134 0F       		.uleb128 0xf
 505 0135 6B000000 		.long	.LASF20
 506 0139 01       		.byte	0x1
 507 013a 95       		.byte	0x95
 508 013b 01       		.byte	0x1
 509 013c 61010000 		.long	0x161
 510 0140 0D       		.uleb128 0xd
 511 0141 6D7000   		.string	"mp"
 512 0144 01       		.byte	0x1
 513 0145 95       		.byte	0x95
 514 0146 2E010000 		.long	0x12e
 515 014a 10       		.uleb128 0x10
 516 014b 9B000000 		.long	.LASF19
 517 014f 01       		.byte	0x1
 518 0150 95       		.byte	0x95
 519 0151 88000000 		.long	0x88
 520 0155 11       		.uleb128 0x11
 521 0156 70687000 		.string	"php"
 522 015a 01       		.byte	0x1
 523 015b 96       		.byte	0x96
 524 015c C3000000 		.long	0xc3
 525 0160 00       		.byte	0
 526 0161 0F       		.uleb128 0xf
 527 0162 85000000 		.long	.LASF21
 528 0166 01       		.byte	0x1
 529 0167 AB       		.byte	0xab
 530 0168 01       		.byte	0x1
 531 0169 83010000 		.long	0x183
 532 016d 0D       		.uleb128 0xd
 533 016e 6D7000   		.string	"mp"
 534 0171 01       		.byte	0x1
 535 0172 AB       		.byte	0xab
 536 0173 2E010000 		.long	0x12e
 537 0177 10       		.uleb128 0x10
 538 0178 9B000000 		.long	.LASF19
 539 017c 01       		.byte	0x1
 540 017d AB       		.byte	0xab
 541 017e 88000000 		.long	0x88
 542 0182 00       		.byte	0
 543 0183 12       		.uleb128 0x12
 544 0184 E0010000 		.long	.LASF24
 545 0188 01       		.byte	0x1
 546 0189 3E       		.byte	0x3e
 547 018a 00000000 		.long	.LFB7
 548 018e 19000000 		.long	.LFE7-.LFB7
 549 0192 01       		.uleb128 0x1
 550 0193 9C       		.byte	0x9c
 551 0194 C2010000 		.long	0x1c2
 552 0198 13       		.uleb128 0x13
 553 0199 6D7000   		.string	"mp"
 554 019c 01       		.byte	0x1
 555 019d 3E       		.byte	0x3e
 556 019e 2E010000 		.long	0x12e
GAS LISTING /tmp/cc0WLNIo.s 			page 14


 557 01a2 02       		.uleb128 0x2
 558 01a3 91       		.byte	0x91
 559 01a4 00       		.sleb128 0
 560 01a5 14       		.uleb128 0x14
 561 01a6 4A000000 		.long	.LASF22
 562 01aa 01       		.byte	0x1
 563 01ab 3E       		.byte	0x3e
 564 01ac 2C000000 		.long	0x2c
 565 01b0 02       		.uleb128 0x2
 566 01b1 91       		.byte	0x91
 567 01b2 04       		.sleb128 4
 568 01b3 14       		.uleb128 0x14
 569 01b4 62000000 		.long	.LASF23
 570 01b8 01       		.byte	0x1
 571 01b9 3E       		.byte	0x3e
 572 01ba 8A000000 		.long	0x8a
 573 01be 02       		.uleb128 0x2
 574 01bf 91       		.byte	0x91
 575 01c0 08       		.sleb128 8
 576 01c1 00       		.byte	0
 577 01c2 12       		.uleb128 0x12
 578 01c3 16000000 		.long	.LASF25
 579 01c7 01       		.byte	0x1
 580 01c8 54       		.byte	0x54
 581 01c9 20000000 		.long	.LFB8
 582 01cd 42000000 		.long	.LFE8-.LFB8
 583 01d1 01       		.uleb128 0x1
 584 01d2 9C       		.byte	0x9c
 585 01d3 57020000 		.long	0x257
 586 01d7 15       		.uleb128 0x15
 587 01d8 6D7000   		.string	"mp"
 588 01db 01       		.byte	0x1
 589 01dc 54       		.byte	0x54
 590 01dd 2E010000 		.long	0x12e
 591 01e1 00000000 		.long	.LLST0
 592 01e5 15       		.uleb128 0x15
 593 01e6 7000     		.string	"p"
 594 01e8 01       		.byte	0x1
 595 01e9 54       		.byte	0x54
 596 01ea 88000000 		.long	0x88
 597 01ee 2B000000 		.long	.LLST1
 598 01f2 15       		.uleb128 0x15
 599 01f3 6E00     		.string	"n"
 600 01f5 01       		.byte	0x1
 601 01f6 54       		.byte	0x54
 602 01f7 2C000000 		.long	0x2c
 603 01fb 60000000 		.long	.LLST2
 604 01ff 16       		.uleb128 0x16
 605 0200 61010000 		.long	0x161
 606 0204 44000000 		.long	.LBB10
 607 0208 04000000 		.long	.LBE10-.LBB10
 608 020c 01       		.byte	0x1
 609 020d 59       		.byte	0x59
 610 020e 17       		.uleb128 0x17
 611 020f 77010000 		.long	0x177
 612 0213 97000000 		.long	.LLST3
 613 0217 17       		.uleb128 0x17
GAS LISTING /tmp/cc0WLNIo.s 			page 15


 614 0218 6D010000 		.long	0x16d
 615 021c AA000000 		.long	.LLST4
 616 0220 16       		.uleb128 0x16
 617 0221 34010000 		.long	0x134
 618 0225 45000000 		.long	.LBB12
 619 0229 02000000 		.long	.LBE12-.LBB12
 620 022d 01       		.byte	0x1
 621 022e AE       		.byte	0xae
 622 022f 17       		.uleb128 0x17
 623 0230 4A010000 		.long	0x14a
 624 0234 BD000000 		.long	.LLST5
 625 0238 17       		.uleb128 0x17
 626 0239 40010000 		.long	0x140
 627 023d DB000000 		.long	.LLST6
 628 0241 18       		.uleb128 0x18
 629 0242 45000000 		.long	.LBB13
 630 0246 02000000 		.long	.LBE13-.LBB13
 631 024a 19       		.uleb128 0x19
 632 024b 55010000 		.long	0x155
 633 024f BD000000 		.long	.LLST5
 634 0253 00       		.byte	0
 635 0254 00       		.byte	0
 636 0255 00       		.byte	0
 637 0256 00       		.byte	0
 638 0257 1A       		.uleb128 0x1a
 639 0258 08010000 		.long	0x108
 640 025c 70000000 		.long	.LFB9
 641 0260 22000000 		.long	.LFE9-.LFB9
 642 0264 01       		.uleb128 0x1
 643 0265 9C       		.byte	0x9c
 644 0266 7D020000 		.long	0x27d
 645 026a 17       		.uleb128 0x17
 646 026b 18010000 		.long	0x118
 647 026f F9000000 		.long	.LLST8
 648 0273 19       		.uleb128 0x19
 649 0274 22010000 		.long	0x122
 650 0278 23010000 		.long	.LLST9
 651 027c 00       		.byte	0
 652 027d 1B       		.uleb128 0x1b
 653 027e B1010000 		.long	.LASF31
 654 0282 01       		.byte	0x1
 655 0283 80       		.byte	0x80
 656 0284 88000000 		.long	0x88
 657 0288 A0000000 		.long	.LFB10
 658 028c 29000000 		.long	.LFE10-.LFB10
 659 0290 01       		.uleb128 0x1
 660 0291 9C       		.byte	0x9c
 661 0292 D9020000 		.long	0x2d9
 662 0296 13       		.uleb128 0x13
 663 0297 6D7000   		.string	"mp"
 664 029a 01       		.byte	0x1
 665 029b 80       		.byte	0x80
 666 029c 2E010000 		.long	0x12e
 667 02a0 02       		.uleb128 0x2
 668 02a1 91       		.byte	0x91
 669 02a2 00       		.sleb128 0
 670 02a3 1C       		.uleb128 0x1c
GAS LISTING /tmp/cc0WLNIo.s 			page 16


 671 02a4 9B000000 		.long	.LASF19
 672 02a8 01       		.byte	0x1
 673 02a9 81       		.byte	0x81
 674 02aa 88000000 		.long	0x88
 675 02ae 01       		.uleb128 0x1
 676 02af 50       		.byte	0x50
 677 02b0 1D       		.uleb128 0x1d
 678 02b1 08010000 		.long	0x108
 679 02b5 A8000000 		.long	.LBB14
 680 02b9 00000000 		.long	.Ldebug_ranges0+0
 681 02bd 01       		.byte	0x1
 682 02be 84       		.byte	0x84
 683 02bf 17       		.uleb128 0x17
 684 02c0 18010000 		.long	0x118
 685 02c4 4E010000 		.long	.LLST10
 686 02c8 1E       		.uleb128 0x1e
 687 02c9 00000000 		.long	.Ldebug_ranges0+0
 688 02cd 19       		.uleb128 0x19
 689 02ce 22010000 		.long	0x122
 690 02d2 84010000 		.long	.LLST11
 691 02d6 00       		.byte	0
 692 02d7 00       		.byte	0
 693 02d8 00       		.byte	0
 694 02d9 1F       		.uleb128 0x1f
 695 02da 34010000 		.long	0x134
 696 02de D0000000 		.long	.LFB11
 697 02e2 0F000000 		.long	.LFE11-.LFB11
 698 02e6 01       		.uleb128 0x1
 699 02e7 9C       		.byte	0x9c
 700 02e8 05030000 		.long	0x305
 701 02ec 20       		.uleb128 0x20
 702 02ed 40010000 		.long	0x140
 703 02f1 02       		.uleb128 0x2
 704 02f2 91       		.byte	0x91
 705 02f3 00       		.sleb128 0
 706 02f4 20       		.uleb128 0x20
 707 02f5 4A010000 		.long	0x14a
 708 02f9 02       		.uleb128 0x2
 709 02fa 91       		.byte	0x91
 710 02fb 04       		.sleb128 4
 711 02fc 21       		.uleb128 0x21
 712 02fd 55010000 		.long	0x155
 713 0301 02       		.uleb128 0x2
 714 0302 91       		.byte	0x91
 715 0303 04       		.sleb128 4
 716 0304 00       		.byte	0
 717 0305 22       		.uleb128 0x22
 718 0306 61010000 		.long	0x161
 719 030a E0000000 		.long	.LFB12
 720 030e 11000000 		.long	.LFE12-.LFB12
 721 0312 01       		.uleb128 0x1
 722 0313 9C       		.byte	0x9c
 723 0314 20       		.uleb128 0x20
 724 0315 6D010000 		.long	0x16d
 725 0319 02       		.uleb128 0x2
 726 031a 91       		.byte	0x91
 727 031b 00       		.sleb128 0
GAS LISTING /tmp/cc0WLNIo.s 			page 17


 728 031c 20       		.uleb128 0x20
 729 031d 77010000 		.long	0x177
 730 0321 02       		.uleb128 0x2
 731 0322 91       		.byte	0x91
 732 0323 04       		.sleb128 4
 733 0324 16       		.uleb128 0x16
 734 0325 34010000 		.long	0x134
 735 0329 E9000000 		.long	.LBB18
 736 032d 06000000 		.long	.LBE18-.LBB18
 737 0331 01       		.byte	0x1
 738 0332 AE       		.byte	0xae
 739 0333 20       		.uleb128 0x20
 740 0334 4A010000 		.long	0x14a
 741 0338 02       		.uleb128 0x2
 742 0339 91       		.byte	0x91
 743 033a 04       		.sleb128 4
 744 033b 20       		.uleb128 0x20
 745 033c 40010000 		.long	0x140
 746 0340 02       		.uleb128 0x2
 747 0341 91       		.byte	0x91
 748 0342 00       		.sleb128 0
 749 0343 18       		.uleb128 0x18
 750 0344 E9000000 		.long	.LBB19
 751 0348 06000000 		.long	.LBE19-.LBB19
 752 034c 21       		.uleb128 0x21
 753 034d 55010000 		.long	0x155
 754 0351 02       		.uleb128 0x2
 755 0352 91       		.byte	0x91
 756 0353 04       		.sleb128 4
 757 0354 00       		.byte	0
 758 0355 00       		.byte	0
 759 0356 00       		.byte	0
 760 0357 00       		.byte	0
 761              		.section	.debug_abbrev,"",@progbits
 762              	.Ldebug_abbrev0:
 763 0000 01       		.uleb128 0x1
 764 0001 11       		.uleb128 0x11
 765 0002 01       		.byte	0x1
 766 0003 25       		.uleb128 0x25
 767 0004 0E       		.uleb128 0xe
 768 0005 13       		.uleb128 0x13
 769 0006 0B       		.uleb128 0xb
 770 0007 03       		.uleb128 0x3
 771 0008 0E       		.uleb128 0xe
 772 0009 1B       		.uleb128 0x1b
 773 000a 0E       		.uleb128 0xe
 774 000b 11       		.uleb128 0x11
 775 000c 01       		.uleb128 0x1
 776 000d 12       		.uleb128 0x12
 777 000e 06       		.uleb128 0x6
 778 000f 10       		.uleb128 0x10
 779 0010 17       		.uleb128 0x17
 780 0011 00       		.byte	0
 781 0012 00       		.byte	0
 782 0013 02       		.uleb128 0x2
 783 0014 24       		.uleb128 0x24
 784 0015 00       		.byte	0
GAS LISTING /tmp/cc0WLNIo.s 			page 18


 785 0016 0B       		.uleb128 0xb
 786 0017 0B       		.uleb128 0xb
 787 0018 3E       		.uleb128 0x3e
 788 0019 0B       		.uleb128 0xb
 789 001a 03       		.uleb128 0x3
 790 001b 08       		.uleb128 0x8
 791 001c 00       		.byte	0
 792 001d 00       		.byte	0
 793 001e 03       		.uleb128 0x3
 794 001f 16       		.uleb128 0x16
 795 0020 00       		.byte	0
 796 0021 03       		.uleb128 0x3
 797 0022 0E       		.uleb128 0xe
 798 0023 3A       		.uleb128 0x3a
 799 0024 0B       		.uleb128 0xb
 800 0025 3B       		.uleb128 0x3b
 801 0026 0B       		.uleb128 0xb
 802 0027 49       		.uleb128 0x49
 803 0028 13       		.uleb128 0x13
 804 0029 00       		.byte	0
 805 002a 00       		.byte	0
 806 002b 04       		.uleb128 0x4
 807 002c 24       		.uleb128 0x24
 808 002d 00       		.byte	0
 809 002e 0B       		.uleb128 0xb
 810 002f 0B       		.uleb128 0xb
 811 0030 3E       		.uleb128 0x3e
 812 0031 0B       		.uleb128 0xb
 813 0032 03       		.uleb128 0x3
 814 0033 0E       		.uleb128 0xe
 815 0034 00       		.byte	0
 816 0035 00       		.byte	0
 817 0036 05       		.uleb128 0x5
 818 0037 0F       		.uleb128 0xf
 819 0038 00       		.byte	0
 820 0039 0B       		.uleb128 0xb
 821 003a 0B       		.uleb128 0xb
 822 003b 00       		.byte	0
 823 003c 00       		.byte	0
 824 003d 06       		.uleb128 0x6
 825 003e 0F       		.uleb128 0xf
 826 003f 00       		.byte	0
 827 0040 0B       		.uleb128 0xb
 828 0041 0B       		.uleb128 0xb
 829 0042 49       		.uleb128 0x49
 830 0043 13       		.uleb128 0x13
 831 0044 00       		.byte	0
 832 0045 00       		.byte	0
 833 0046 07       		.uleb128 0x7
 834 0047 15       		.uleb128 0x15
 835 0048 01       		.byte	0x1
 836 0049 27       		.uleb128 0x27
 837 004a 19       		.uleb128 0x19
 838 004b 49       		.uleb128 0x49
 839 004c 13       		.uleb128 0x13
 840 004d 01       		.uleb128 0x1
 841 004e 13       		.uleb128 0x13
GAS LISTING /tmp/cc0WLNIo.s 			page 19


 842 004f 00       		.byte	0
 843 0050 00       		.byte	0
 844 0051 08       		.uleb128 0x8
 845 0052 05       		.uleb128 0x5
 846 0053 00       		.byte	0
 847 0054 49       		.uleb128 0x49
 848 0055 13       		.uleb128 0x13
 849 0056 00       		.byte	0
 850 0057 00       		.byte	0
 851 0058 09       		.uleb128 0x9
 852 0059 13       		.uleb128 0x13
 853 005a 01       		.byte	0x1
 854 005b 03       		.uleb128 0x3
 855 005c 0E       		.uleb128 0xe
 856 005d 0B       		.uleb128 0xb
 857 005e 0B       		.uleb128 0xb
 858 005f 3A       		.uleb128 0x3a
 859 0060 0B       		.uleb128 0xb
 860 0061 3B       		.uleb128 0x3b
 861 0062 0B       		.uleb128 0xb
 862 0063 01       		.uleb128 0x1
 863 0064 13       		.uleb128 0x13
 864 0065 00       		.byte	0
 865 0066 00       		.byte	0
 866 0067 0A       		.uleb128 0xa
 867 0068 0D       		.uleb128 0xd
 868 0069 00       		.byte	0
 869 006a 03       		.uleb128 0x3
 870 006b 0E       		.uleb128 0xe
 871 006c 3A       		.uleb128 0x3a
 872 006d 0B       		.uleb128 0xb
 873 006e 3B       		.uleb128 0x3b
 874 006f 0B       		.uleb128 0xb
 875 0070 49       		.uleb128 0x49
 876 0071 13       		.uleb128 0x13
 877 0072 38       		.uleb128 0x38
 878 0073 0B       		.uleb128 0xb
 879 0074 00       		.byte	0
 880 0075 00       		.byte	0
 881 0076 0B       		.uleb128 0xb
 882 0077 13       		.uleb128 0x13
 883 0078 01       		.byte	0x1
 884 0079 0B       		.uleb128 0xb
 885 007a 0B       		.uleb128 0xb
 886 007b 3A       		.uleb128 0x3a
 887 007c 0B       		.uleb128 0xb
 888 007d 3B       		.uleb128 0x3b
 889 007e 0B       		.uleb128 0xb
 890 007f 01       		.uleb128 0x1
 891 0080 13       		.uleb128 0x13
 892 0081 00       		.byte	0
 893 0082 00       		.byte	0
 894 0083 0C       		.uleb128 0xc
 895 0084 2E       		.uleb128 0x2e
 896 0085 01       		.byte	0x1
 897 0086 3F       		.uleb128 0x3f
 898 0087 19       		.uleb128 0x19
GAS LISTING /tmp/cc0WLNIo.s 			page 20


 899 0088 03       		.uleb128 0x3
 900 0089 0E       		.uleb128 0xe
 901 008a 3A       		.uleb128 0x3a
 902 008b 0B       		.uleb128 0xb
 903 008c 3B       		.uleb128 0x3b
 904 008d 0B       		.uleb128 0xb
 905 008e 27       		.uleb128 0x27
 906 008f 19       		.uleb128 0x19
 907 0090 49       		.uleb128 0x49
 908 0091 13       		.uleb128 0x13
 909 0092 20       		.uleb128 0x20
 910 0093 0B       		.uleb128 0xb
 911 0094 01       		.uleb128 0x1
 912 0095 13       		.uleb128 0x13
 913 0096 00       		.byte	0
 914 0097 00       		.byte	0
 915 0098 0D       		.uleb128 0xd
 916 0099 05       		.uleb128 0x5
 917 009a 00       		.byte	0
 918 009b 03       		.uleb128 0x3
 919 009c 08       		.uleb128 0x8
 920 009d 3A       		.uleb128 0x3a
 921 009e 0B       		.uleb128 0xb
 922 009f 3B       		.uleb128 0x3b
 923 00a0 0B       		.uleb128 0xb
 924 00a1 49       		.uleb128 0x49
 925 00a2 13       		.uleb128 0x13
 926 00a3 00       		.byte	0
 927 00a4 00       		.byte	0
 928 00a5 0E       		.uleb128 0xe
 929 00a6 34       		.uleb128 0x34
 930 00a7 00       		.byte	0
 931 00a8 03       		.uleb128 0x3
 932 00a9 0E       		.uleb128 0xe
 933 00aa 3A       		.uleb128 0x3a
 934 00ab 0B       		.uleb128 0xb
 935 00ac 3B       		.uleb128 0x3b
 936 00ad 0B       		.uleb128 0xb
 937 00ae 49       		.uleb128 0x49
 938 00af 13       		.uleb128 0x13
 939 00b0 00       		.byte	0
 940 00b1 00       		.byte	0
 941 00b2 0F       		.uleb128 0xf
 942 00b3 2E       		.uleb128 0x2e
 943 00b4 01       		.byte	0x1
 944 00b5 3F       		.uleb128 0x3f
 945 00b6 19       		.uleb128 0x19
 946 00b7 03       		.uleb128 0x3
 947 00b8 0E       		.uleb128 0xe
 948 00b9 3A       		.uleb128 0x3a
 949 00ba 0B       		.uleb128 0xb
 950 00bb 3B       		.uleb128 0x3b
 951 00bc 0B       		.uleb128 0xb
 952 00bd 27       		.uleb128 0x27
 953 00be 19       		.uleb128 0x19
 954 00bf 20       		.uleb128 0x20
 955 00c0 0B       		.uleb128 0xb
GAS LISTING /tmp/cc0WLNIo.s 			page 21


 956 00c1 01       		.uleb128 0x1
 957 00c2 13       		.uleb128 0x13
 958 00c3 00       		.byte	0
 959 00c4 00       		.byte	0
 960 00c5 10       		.uleb128 0x10
 961 00c6 05       		.uleb128 0x5
 962 00c7 00       		.byte	0
 963 00c8 03       		.uleb128 0x3
 964 00c9 0E       		.uleb128 0xe
 965 00ca 3A       		.uleb128 0x3a
 966 00cb 0B       		.uleb128 0xb
 967 00cc 3B       		.uleb128 0x3b
 968 00cd 0B       		.uleb128 0xb
 969 00ce 49       		.uleb128 0x49
 970 00cf 13       		.uleb128 0x13
 971 00d0 00       		.byte	0
 972 00d1 00       		.byte	0
 973 00d2 11       		.uleb128 0x11
 974 00d3 34       		.uleb128 0x34
 975 00d4 00       		.byte	0
 976 00d5 03       		.uleb128 0x3
 977 00d6 08       		.uleb128 0x8
 978 00d7 3A       		.uleb128 0x3a
 979 00d8 0B       		.uleb128 0xb
 980 00d9 3B       		.uleb128 0x3b
 981 00da 0B       		.uleb128 0xb
 982 00db 49       		.uleb128 0x49
 983 00dc 13       		.uleb128 0x13
 984 00dd 00       		.byte	0
 985 00de 00       		.byte	0
 986 00df 12       		.uleb128 0x12
 987 00e0 2E       		.uleb128 0x2e
 988 00e1 01       		.byte	0x1
 989 00e2 3F       		.uleb128 0x3f
 990 00e3 19       		.uleb128 0x19
 991 00e4 03       		.uleb128 0x3
 992 00e5 0E       		.uleb128 0xe
 993 00e6 3A       		.uleb128 0x3a
 994 00e7 0B       		.uleb128 0xb
 995 00e8 3B       		.uleb128 0x3b
 996 00e9 0B       		.uleb128 0xb
 997 00ea 27       		.uleb128 0x27
 998 00eb 19       		.uleb128 0x19
 999 00ec 11       		.uleb128 0x11
 1000 00ed 01       		.uleb128 0x1
 1001 00ee 12       		.uleb128 0x12
 1002 00ef 06       		.uleb128 0x6
 1003 00f0 40       		.uleb128 0x40
 1004 00f1 18       		.uleb128 0x18
 1005 00f2 9742     		.uleb128 0x2117
 1006 00f4 19       		.uleb128 0x19
 1007 00f5 01       		.uleb128 0x1
 1008 00f6 13       		.uleb128 0x13
 1009 00f7 00       		.byte	0
 1010 00f8 00       		.byte	0
 1011 00f9 13       		.uleb128 0x13
 1012 00fa 05       		.uleb128 0x5
GAS LISTING /tmp/cc0WLNIo.s 			page 22


 1013 00fb 00       		.byte	0
 1014 00fc 03       		.uleb128 0x3
 1015 00fd 08       		.uleb128 0x8
 1016 00fe 3A       		.uleb128 0x3a
 1017 00ff 0B       		.uleb128 0xb
 1018 0100 3B       		.uleb128 0x3b
 1019 0101 0B       		.uleb128 0xb
 1020 0102 49       		.uleb128 0x49
 1021 0103 13       		.uleb128 0x13
 1022 0104 02       		.uleb128 0x2
 1023 0105 18       		.uleb128 0x18
 1024 0106 00       		.byte	0
 1025 0107 00       		.byte	0
 1026 0108 14       		.uleb128 0x14
 1027 0109 05       		.uleb128 0x5
 1028 010a 00       		.byte	0
 1029 010b 03       		.uleb128 0x3
 1030 010c 0E       		.uleb128 0xe
 1031 010d 3A       		.uleb128 0x3a
 1032 010e 0B       		.uleb128 0xb
 1033 010f 3B       		.uleb128 0x3b
 1034 0110 0B       		.uleb128 0xb
 1035 0111 49       		.uleb128 0x49
 1036 0112 13       		.uleb128 0x13
 1037 0113 02       		.uleb128 0x2
 1038 0114 18       		.uleb128 0x18
 1039 0115 00       		.byte	0
 1040 0116 00       		.byte	0
 1041 0117 15       		.uleb128 0x15
 1042 0118 05       		.uleb128 0x5
 1043 0119 00       		.byte	0
 1044 011a 03       		.uleb128 0x3
 1045 011b 08       		.uleb128 0x8
 1046 011c 3A       		.uleb128 0x3a
 1047 011d 0B       		.uleb128 0xb
 1048 011e 3B       		.uleb128 0x3b
 1049 011f 0B       		.uleb128 0xb
 1050 0120 49       		.uleb128 0x49
 1051 0121 13       		.uleb128 0x13
 1052 0122 02       		.uleb128 0x2
 1053 0123 17       		.uleb128 0x17
 1054 0124 00       		.byte	0
 1055 0125 00       		.byte	0
 1056 0126 16       		.uleb128 0x16
 1057 0127 1D       		.uleb128 0x1d
 1058 0128 01       		.byte	0x1
 1059 0129 31       		.uleb128 0x31
 1060 012a 13       		.uleb128 0x13
 1061 012b 11       		.uleb128 0x11
 1062 012c 01       		.uleb128 0x1
 1063 012d 12       		.uleb128 0x12
 1064 012e 06       		.uleb128 0x6
 1065 012f 58       		.uleb128 0x58
 1066 0130 0B       		.uleb128 0xb
 1067 0131 59       		.uleb128 0x59
 1068 0132 0B       		.uleb128 0xb
 1069 0133 00       		.byte	0
GAS LISTING /tmp/cc0WLNIo.s 			page 23


 1070 0134 00       		.byte	0
 1071 0135 17       		.uleb128 0x17
 1072 0136 05       		.uleb128 0x5
 1073 0137 00       		.byte	0
 1074 0138 31       		.uleb128 0x31
 1075 0139 13       		.uleb128 0x13
 1076 013a 02       		.uleb128 0x2
 1077 013b 17       		.uleb128 0x17
 1078 013c 00       		.byte	0
 1079 013d 00       		.byte	0
 1080 013e 18       		.uleb128 0x18
 1081 013f 0B       		.uleb128 0xb
 1082 0140 01       		.byte	0x1
 1083 0141 11       		.uleb128 0x11
 1084 0142 01       		.uleb128 0x1
 1085 0143 12       		.uleb128 0x12
 1086 0144 06       		.uleb128 0x6
 1087 0145 00       		.byte	0
 1088 0146 00       		.byte	0
 1089 0147 19       		.uleb128 0x19
 1090 0148 34       		.uleb128 0x34
 1091 0149 00       		.byte	0
 1092 014a 31       		.uleb128 0x31
 1093 014b 13       		.uleb128 0x13
 1094 014c 02       		.uleb128 0x2
 1095 014d 17       		.uleb128 0x17
 1096 014e 00       		.byte	0
 1097 014f 00       		.byte	0
 1098 0150 1A       		.uleb128 0x1a
 1099 0151 2E       		.uleb128 0x2e
 1100 0152 01       		.byte	0x1
 1101 0153 31       		.uleb128 0x31
 1102 0154 13       		.uleb128 0x13
 1103 0155 11       		.uleb128 0x11
 1104 0156 01       		.uleb128 0x1
 1105 0157 12       		.uleb128 0x12
 1106 0158 06       		.uleb128 0x6
 1107 0159 40       		.uleb128 0x40
 1108 015a 18       		.uleb128 0x18
 1109 015b 01       		.uleb128 0x1
 1110 015c 13       		.uleb128 0x13
 1111 015d 00       		.byte	0
 1112 015e 00       		.byte	0
 1113 015f 1B       		.uleb128 0x1b
 1114 0160 2E       		.uleb128 0x2e
 1115 0161 01       		.byte	0x1
 1116 0162 3F       		.uleb128 0x3f
 1117 0163 19       		.uleb128 0x19
 1118 0164 03       		.uleb128 0x3
 1119 0165 0E       		.uleb128 0xe
 1120 0166 3A       		.uleb128 0x3a
 1121 0167 0B       		.uleb128 0xb
 1122 0168 3B       		.uleb128 0x3b
 1123 0169 0B       		.uleb128 0xb
 1124 016a 27       		.uleb128 0x27
 1125 016b 19       		.uleb128 0x19
 1126 016c 49       		.uleb128 0x49
GAS LISTING /tmp/cc0WLNIo.s 			page 24


 1127 016d 13       		.uleb128 0x13
 1128 016e 11       		.uleb128 0x11
 1129 016f 01       		.uleb128 0x1
 1130 0170 12       		.uleb128 0x12
 1131 0171 06       		.uleb128 0x6
 1132 0172 40       		.uleb128 0x40
 1133 0173 18       		.uleb128 0x18
 1134 0174 9642     		.uleb128 0x2116
 1135 0176 19       		.uleb128 0x19
 1136 0177 01       		.uleb128 0x1
 1137 0178 13       		.uleb128 0x13
 1138 0179 00       		.byte	0
 1139 017a 00       		.byte	0
 1140 017b 1C       		.uleb128 0x1c
 1141 017c 34       		.uleb128 0x34
 1142 017d 00       		.byte	0
 1143 017e 03       		.uleb128 0x3
 1144 017f 0E       		.uleb128 0xe
 1145 0180 3A       		.uleb128 0x3a
 1146 0181 0B       		.uleb128 0xb
 1147 0182 3B       		.uleb128 0x3b
 1148 0183 0B       		.uleb128 0xb
 1149 0184 49       		.uleb128 0x49
 1150 0185 13       		.uleb128 0x13
 1151 0186 02       		.uleb128 0x2
 1152 0187 18       		.uleb128 0x18
 1153 0188 00       		.byte	0
 1154 0189 00       		.byte	0
 1155 018a 1D       		.uleb128 0x1d
 1156 018b 1D       		.uleb128 0x1d
 1157 018c 01       		.byte	0x1
 1158 018d 31       		.uleb128 0x31
 1159 018e 13       		.uleb128 0x13
 1160 018f 52       		.uleb128 0x52
 1161 0190 01       		.uleb128 0x1
 1162 0191 55       		.uleb128 0x55
 1163 0192 17       		.uleb128 0x17
 1164 0193 58       		.uleb128 0x58
 1165 0194 0B       		.uleb128 0xb
 1166 0195 59       		.uleb128 0x59
 1167 0196 0B       		.uleb128 0xb
 1168 0197 00       		.byte	0
 1169 0198 00       		.byte	0
 1170 0199 1E       		.uleb128 0x1e
 1171 019a 0B       		.uleb128 0xb
 1172 019b 01       		.byte	0x1
 1173 019c 55       		.uleb128 0x55
 1174 019d 17       		.uleb128 0x17
 1175 019e 00       		.byte	0
 1176 019f 00       		.byte	0
 1177 01a0 1F       		.uleb128 0x1f
 1178 01a1 2E       		.uleb128 0x2e
 1179 01a2 01       		.byte	0x1
 1180 01a3 31       		.uleb128 0x31
 1181 01a4 13       		.uleb128 0x13
 1182 01a5 11       		.uleb128 0x11
 1183 01a6 01       		.uleb128 0x1
GAS LISTING /tmp/cc0WLNIo.s 			page 25


 1184 01a7 12       		.uleb128 0x12
 1185 01a8 06       		.uleb128 0x6
 1186 01a9 40       		.uleb128 0x40
 1187 01aa 18       		.uleb128 0x18
 1188 01ab 9742     		.uleb128 0x2117
 1189 01ad 19       		.uleb128 0x19
 1190 01ae 01       		.uleb128 0x1
 1191 01af 13       		.uleb128 0x13
 1192 01b0 00       		.byte	0
 1193 01b1 00       		.byte	0
 1194 01b2 20       		.uleb128 0x20
 1195 01b3 05       		.uleb128 0x5
 1196 01b4 00       		.byte	0
 1197 01b5 31       		.uleb128 0x31
 1198 01b6 13       		.uleb128 0x13
 1199 01b7 02       		.uleb128 0x2
 1200 01b8 18       		.uleb128 0x18
 1201 01b9 00       		.byte	0
 1202 01ba 00       		.byte	0
 1203 01bb 21       		.uleb128 0x21
 1204 01bc 34       		.uleb128 0x34
 1205 01bd 00       		.byte	0
 1206 01be 31       		.uleb128 0x31
 1207 01bf 13       		.uleb128 0x13
 1208 01c0 02       		.uleb128 0x2
 1209 01c1 18       		.uleb128 0x18
 1210 01c2 00       		.byte	0
 1211 01c3 00       		.byte	0
 1212 01c4 22       		.uleb128 0x22
 1213 01c5 2E       		.uleb128 0x2e
 1214 01c6 01       		.byte	0x1
 1215 01c7 31       		.uleb128 0x31
 1216 01c8 13       		.uleb128 0x13
 1217 01c9 11       		.uleb128 0x11
 1218 01ca 01       		.uleb128 0x1
 1219 01cb 12       		.uleb128 0x12
 1220 01cc 06       		.uleb128 0x6
 1221 01cd 40       		.uleb128 0x40
 1222 01ce 18       		.uleb128 0x18
 1223 01cf 9742     		.uleb128 0x2117
 1224 01d1 19       		.uleb128 0x19
 1225 01d2 00       		.byte	0
 1226 01d3 00       		.byte	0
 1227 01d4 00       		.byte	0
 1228              		.section	.debug_loc,"",@progbits
 1229              	.Ldebug_loc0:
 1230              	.LLST0:
 1231 0000 20000000 		.long	.LVL1-.Ltext0
 1232 0004 3E000000 		.long	.LVL2-.Ltext0
 1233 0008 0200     		.value	0x2
 1234 000a 91       		.byte	0x91
 1235 000b 00       		.sleb128 0
 1236 000c 3E000000 		.long	.LVL2-.Ltext0
 1237 0010 61000000 		.long	.LVL9-.Ltext0
 1238 0014 0100     		.value	0x1
 1239 0016 55       		.byte	0x55
 1240 0017 61000000 		.long	.LVL9-.Ltext0
GAS LISTING /tmp/cc0WLNIo.s 			page 26


 1241 001b 62000000 		.long	.LFE8-.Ltext0
 1242 001f 0200     		.value	0x2
 1243 0021 91       		.byte	0x91
 1244 0022 00       		.sleb128 0
 1245 0023 00000000 		.long	0
 1246 0027 00000000 		.long	0
 1247              	.LLST1:
 1248 002b 20000000 		.long	.LVL1-.Ltext0
 1249 002f 3E000000 		.long	.LVL2-.Ltext0
 1250 0033 0200     		.value	0x2
 1251 0035 91       		.byte	0x91
 1252 0036 04       		.sleb128 4
 1253 0037 3E000000 		.long	.LVL2-.Ltext0
 1254 003b 44000000 		.long	.LVL3-.Ltext0
 1255 003f 0100     		.value	0x1
 1256 0041 53       		.byte	0x53
 1257 0042 44000000 		.long	.LVL3-.Ltext0
 1258 0046 4E000000 		.long	.LVL7-.Ltext0
 1259 004a 0100     		.value	0x1
 1260 004c 50       		.byte	0x50
 1261 004d 4E000000 		.long	.LVL7-.Ltext0
 1262 0051 5D000000 		.long	.LVL8-.Ltext0
 1263 0055 0100     		.value	0x1
 1264 0057 53       		.byte	0x53
 1265 0058 00000000 		.long	0
 1266 005c 00000000 		.long	0
 1267              	.LLST2:
 1268 0060 20000000 		.long	.LVL1-.Ltext0
 1269 0064 3E000000 		.long	.LVL2-.Ltext0
 1270 0068 0200     		.value	0x2
 1271 006a 91       		.byte	0x91
 1272 006b 08       		.sleb128 8
 1273 006c 3E000000 		.long	.LVL2-.Ltext0
 1274 0070 48000000 		.long	.LVL5-.Ltext0
 1275 0074 0100     		.value	0x1
 1276 0076 52       		.byte	0x52
 1277 0077 48000000 		.long	.LVL5-.Ltext0
 1278 007b 4B000000 		.long	.LVL6-.Ltext0
 1279 007f 0300     		.value	0x3
 1280 0081 72       		.byte	0x72
 1281 0082 7F       		.sleb128 -1
 1282 0083 9F       		.byte	0x9f
 1283 0084 4B000000 		.long	.LVL6-.Ltext0
 1284 0088 5D000000 		.long	.LVL8-.Ltext0
 1285 008c 0100     		.value	0x1
 1286 008e 52       		.byte	0x52
 1287 008f 00000000 		.long	0
 1288 0093 00000000 		.long	0
 1289              	.LLST3:
 1290 0097 3E000000 		.long	.LVL2-.Ltext0
 1291 009b 5D000000 		.long	.LVL8-.Ltext0
 1292 009f 0100     		.value	0x1
 1293 00a1 50       		.byte	0x50
 1294 00a2 00000000 		.long	0
 1295 00a6 00000000 		.long	0
 1296              	.LLST4:
 1297 00aa 3E000000 		.long	.LVL2-.Ltext0
GAS LISTING /tmp/cc0WLNIo.s 			page 27


 1298 00ae 5D000000 		.long	.LVL8-.Ltext0
 1299 00b2 0100     		.value	0x1
 1300 00b4 55       		.byte	0x55
 1301 00b5 00000000 		.long	0
 1302 00b9 00000000 		.long	0
 1303              	.LLST5:
 1304 00bd 3E000000 		.long	.LVL2-.Ltext0
 1305 00c1 44000000 		.long	.LVL3-.Ltext0
 1306 00c5 0100     		.value	0x1
 1307 00c7 50       		.byte	0x50
 1308 00c8 45000000 		.long	.LVL4-.Ltext0
 1309 00cc 5D000000 		.long	.LVL8-.Ltext0
 1310 00d0 0100     		.value	0x1
 1311 00d2 50       		.byte	0x50
 1312 00d3 00000000 		.long	0
 1313 00d7 00000000 		.long	0
 1314              	.LLST6:
 1315 00db 3E000000 		.long	.LVL2-.Ltext0
 1316 00df 44000000 		.long	.LVL3-.Ltext0
 1317 00e3 0100     		.value	0x1
 1318 00e5 55       		.byte	0x55
 1319 00e6 45000000 		.long	.LVL4-.Ltext0
 1320 00ea 5D000000 		.long	.LVL8-.Ltext0
 1321 00ee 0100     		.value	0x1
 1322 00f0 55       		.byte	0x55
 1323 00f1 00000000 		.long	0
 1324 00f5 00000000 		.long	0
 1325              	.LLST8:
 1326 00f9 70000000 		.long	.LVL10-.Ltext0
 1327 00fd 8E000000 		.long	.LVL13-.Ltext0
 1328 0101 0200     		.value	0x2
 1329 0103 91       		.byte	0x91
 1330 0104 00       		.sleb128 0
 1331 0105 8E000000 		.long	.LVL13-.Ltext0
 1332 0109 8F000000 		.long	.LVL14-1-.Ltext0
 1333 010d 0100     		.value	0x1
 1334 010f 52       		.byte	0x52
 1335 0110 90000000 		.long	.LVL14-.Ltext0
 1336 0114 92000000 		.long	.LFE9-.Ltext0
 1337 0118 0100     		.value	0x1
 1338 011a 52       		.byte	0x52
 1339 011b 00000000 		.long	0
 1340 011f 00000000 		.long	0
 1341              	.LLST9:
 1342 0123 76000000 		.long	.LVL11-.Ltext0
 1343 0127 8A000000 		.long	.LVL12-.Ltext0
 1344 012b 0100     		.value	0x1
 1345 012d 50       		.byte	0x50
 1346 012e 8A000000 		.long	.LVL12-.Ltext0
 1347 0132 8E000000 		.long	.LVL13-.Ltext0
 1348 0136 0300     		.value	0x3
 1349 0138 91       		.byte	0x91
 1350 0139 00       		.sleb128 0
 1351 013a 06       		.byte	0x6
 1352 013b 90000000 		.long	.LVL14-.Ltext0
 1353 013f 92000000 		.long	.LFE9-.Ltext0
 1354 0143 0100     		.value	0x1
GAS LISTING /tmp/cc0WLNIo.s 			page 28


 1355 0145 50       		.byte	0x50
 1356 0146 00000000 		.long	0
 1357 014a 00000000 		.long	0
 1358              	.LLST10:
 1359 014e A8000000 		.long	.LVL16-.Ltext0
 1360 0152 B2000000 		.long	.LVL18-.Ltext0
 1361 0156 0100     		.value	0x1
 1362 0158 52       		.byte	0x52
 1363 0159 B2000000 		.long	.LVL18-.Ltext0
 1364 015d B7000000 		.long	.LVL19-.Ltext0
 1365 0161 0200     		.value	0x2
 1366 0163 91       		.byte	0x91
 1367 0164 00       		.sleb128 0
 1368 0165 B7000000 		.long	.LVL19-.Ltext0
 1369 0169 C6000000 		.long	.LVL22-1-.Ltext0
 1370 016d 0100     		.value	0x1
 1371 016f 52       		.byte	0x52
 1372 0170 C6000000 		.long	.LVL22-1-.Ltext0
 1373 0174 C9000000 		.long	.LFE10-.Ltext0
 1374 0178 0200     		.value	0x2
 1375 017a 91       		.byte	0x91
 1376 017b 00       		.sleb128 0
 1377 017c 00000000 		.long	0
 1378 0180 00000000 		.long	0
 1379              	.LLST11:
 1380 0184 AA000000 		.long	.LVL17-.Ltext0
 1381 0188 C2000000 		.long	.LVL20-.Ltext0
 1382 018c 0100     		.value	0x1
 1383 018e 50       		.byte	0x50
 1384 018f C2000000 		.long	.LVL20-.Ltext0
 1385 0193 C5000000 		.long	.LVL21-.Ltext0
 1386 0197 0200     		.value	0x2
 1387 0199 72       		.byte	0x72
 1388 019a 00       		.sleb128 0
 1389 019b C7000000 		.long	.LVL22-.Ltext0
 1390 019f C9000000 		.long	.LFE10-.Ltext0
 1391 01a3 0100     		.value	0x1
 1392 01a5 50       		.byte	0x50
 1393 01a6 00000000 		.long	0
 1394 01aa 00000000 		.long	0
 1395              		.section	.debug_aranges,"",@progbits
 1396 0000 1C000000 		.long	0x1c
 1397 0004 0200     		.value	0x2
 1398 0006 00000000 		.long	.Ldebug_info0
 1399 000a 04       		.byte	0x4
 1400 000b 00       		.byte	0
 1401 000c 0000     		.value	0
 1402 000e 0000     		.value	0
 1403 0010 00000000 		.long	.Ltext0
 1404 0014 F1000000 		.long	.Letext0-.Ltext0
 1405 0018 00000000 		.long	0
 1406 001c 00000000 		.long	0
 1407              		.section	.debug_ranges,"",@progbits
 1408              	.Ldebug_ranges0:
 1409 0000 A8000000 		.long	.LBB14-.Ltext0
 1410 0004 B2000000 		.long	.LBE14-.Ltext0
 1411 0008 B8000000 		.long	.LBB17-.Ltext0
GAS LISTING /tmp/cc0WLNIo.s 			page 29


 1412 000c C9000000 		.long	.LBE17-.Ltext0
 1413 0010 00000000 		.long	0
 1414 0014 00000000 		.long	0
 1415              		.section	.debug_line,"",@progbits
 1416              	.Ldebug_line0:
 1417 0000 23010000 		.section	.debug_str,"MS",@progbits,1
 1417      0200C300 
 1417      00000101 
 1417      FB0E0D00 
 1417      01010101 
 1418              	.LASF5:
 1419 0000 73697A65 		.string	"size_t"
 1419      5F7400
 1420              	.LASF15:
 1421 0007 6D705F6F 		.string	"mp_object_size"
 1421      626A6563 
 1421      745F7369 
 1421      7A6500
 1422              	.LASF25:
 1423 0016 6368506F 		.string	"chPoolLoadArray"
 1423      6F6C4C6F 
 1423      61644172 
 1423      72617900 
 1424              	.LASF27:
 1425 0026 2E2E2F2E 		.string	"../../../os/kernel/src/chmempools.c"
 1425      2E2F2E2E 
 1425      2F6F732F 
 1425      6B65726E 
 1425      656C2F73 
 1426              	.LASF22:
 1427 004a 73697A65 		.string	"size"
 1427      00
 1428              	.LASF8:
 1429 004f 73686F72 		.string	"short unsigned int"
 1429      7420756E 
 1429      7369676E 
 1429      65642069 
 1429      6E7400
 1430              	.LASF23:
 1431 0062 70726F76 		.string	"provider"
 1431      69646572 
 1431      00
 1432              	.LASF20:
 1433 006b 6368506F 		.string	"chPoolFreeI"
 1433      6F6C4672 
 1433      65654900 
 1434              	.LASF7:
 1435 0077 756E7369 		.string	"unsigned char"
 1435      676E6564 
 1435      20636861 
 1435      7200
 1436              	.LASF21:
 1437 0085 6368506F 		.string	"chPoolFree"
 1437      6F6C4672 
 1437      656500
 1438              	.LASF17:
 1439 0090 4D656D6F 		.string	"MemoryPool"
GAS LISTING /tmp/cc0WLNIo.s 			page 30


 1439      7279506F 
 1439      6F6C00
 1440              	.LASF19:
 1441 009b 6F626A70 		.string	"objp"
 1441      00
 1442              	.LASF28:
 1443 00a0 2F686F6D 		.string	"/home/tony/ChibiOS-RT/testhal/Posix/EXT"
 1443      652F746F 
 1443      6E792F43 
 1443      68696269 
 1443      4F532D52 
 1444              	.LASF30:
 1445 00c8 6368506F 		.string	"chPoolAllocI"
 1445      6F6C416C 
 1445      6C6F6349 
 1445      00
 1446              	.LASF0:
 1447 00d5 756E7369 		.string	"unsigned int"
 1447      676E6564 
 1447      20696E74 
 1447      00
 1448              	.LASF9:
 1449 00e2 6C6F6E67 		.string	"long long unsigned int"
 1449      206C6F6E 
 1449      6720756E 
 1449      7369676E 
 1449      65642069 
 1450              	.LASF6:
 1451 00f9 75696E74 		.string	"uint8_t"
 1451      385F7400 
 1452              	.LASF13:
 1453 0101 70685F6E 		.string	"ph_next"
 1453      65787400 
 1454              	.LASF11:
 1455 0109 73697A65 		.string	"sizetype"
 1455      74797065 
 1455      00
 1456              	.LASF29:
 1457 0112 706F6F6C 		.string	"pool_header"
 1457      5F686561 
 1457      64657200 
 1458              	.LASF26:
 1459 011e 474E5520 		.string	"GNU C 4.8.2 -m32 -mtune=generic -march=i686 -ggdb -O2 -fomit-frame-pointer -fstack-protec
 1459      4320342E 
 1459      382E3220 
 1459      2D6D3332 
 1459      202D6D74 
 1460              	.LASF4:
 1461 017b 6C6F6E67 		.string	"long long int"
 1461      206C6F6E 
 1461      6720696E 
 1461      7400
 1462              	.LASF18:
 1463 0189 63686172 		.string	"char"
 1463      00
 1464              	.LASF12:
 1465 018e 6D656D67 		.string	"memgetfunc_t"
GAS LISTING /tmp/cc0WLNIo.s 			page 31


 1465      65746675 
 1465      6E635F74 
 1465      00
 1466              	.LASF16:
 1467 019b 6D705F70 		.string	"mp_provider"
 1467      726F7669 
 1467      64657200 
 1468              	.LASF3:
 1469 01a7 73686F72 		.string	"short int"
 1469      7420696E 
 1469      7400
 1470              	.LASF31:
 1471 01b1 6368506F 		.string	"chPoolAlloc"
 1471      6F6C416C 
 1471      6C6F6300 
 1472              	.LASF1:
 1473 01bd 6C6F6E67 		.string	"long int"
 1473      20696E74 
 1473      00
 1474              	.LASF2:
 1475 01c6 7369676E 		.string	"signed char"
 1475      65642063 
 1475      68617200 
 1476              	.LASF14:
 1477 01d2 6D705F6E 		.string	"mp_next"
 1477      65787400 
 1478              	.LASF10:
 1479 01da 5F426F6F 		.string	"_Bool"
 1479      6C00
 1480              	.LASF24:
 1481 01e0 6368506F 		.string	"chPoolInit"
 1481      6F6C496E 
 1481      697400
 1482              		.ident	"GCC: (Ubuntu 4.8.2-19ubuntu1) 4.8.2"
 1483              		.section	.note.GNU-stack,"",@progbits
GAS LISTING /tmp/cc0WLNIo.s 			page 32


DEFINED SYMBOLS
                            *ABS*:0000000000000000 chmempools.c
     /tmp/cc0WLNIo.s:61     .text:0000000000000000 chPoolInit
     /tmp/cc0WLNIo.s:85     .text:0000000000000020 chPoolLoadArray
     /tmp/cc0WLNIo.s:181    .text:0000000000000070 chPoolAllocI
     /tmp/cc0WLNIo.s:222    .text:00000000000000a0 chPoolAlloc
     /tmp/cc0WLNIo.s:290    .text:00000000000000d0 chPoolFreeI
     /tmp/cc0WLNIo.s:311    .text:00000000000000e0 chPoolFree

NO UNDEFINED SYMBOLS
