GAS LISTING /tmp/ccRbzduY.s 			page 1


   1              		.file	"chmsg.c"
   2              	# GNU C (Ubuntu 4.8.2-19ubuntu1) version 4.8.2 (x86_64-linux-gnu)
   3              	#	compiled by GNU C version 4.8.2, GMP version 5.1.3, MPFR version 3.1.2-p3, MPC version 1.0.1
   4              	# GGC heuristics: --param ggc-min-expand=97 --param ggc-min-heapsize=126309
   5              	# options passed:  -I . -I ../../../os/ports/GCC/SIMIA32
   6              	# -I ../../../os/kernel/include -I ../../../test -I ../../../os/hal/include
   7              	# -I ../../../os/hal/platforms/Posix -I ../../../boards/simulator
   8              	# -I ../../../os/various -imultilib 32 -imultiarch i386-linux-gnu
   9              	# -MD ../../../os/kernel/src/chmsg.d -MF .dep/chmsg.o.d -MP
  10              	# -MQ ../../../os/kernel/src/chmsg.o -D SIMULATOR
  11              	# -D SHELL_USE_IPRINTF=FALSE ../../../os/kernel/src/chmsg.c -m32
  12              	# -mtune=generic -march=i686 -auxbase-strip ../../../os/kernel/src/chmsg.o
  13              	# -ggdb -O2 -Wall -Wextra -Wstrict-prototypes -fomit-frame-pointer
  14              	# -fverbose-asm -fstack-protector -Wformat -Wformat-security
  15              	# options enabled:  -faggressive-loop-optimizations
  16              	# -fasynchronous-unwind-tables -fauto-inc-dec -fbranch-count-reg
  17              	# -fcaller-saves -fcombine-stack-adjustments -fcommon -fcompare-elim
  18              	# -fcprop-registers -fcrossjumping -fcse-follow-jumps -fdefer-pop
  19              	# -fdelete-null-pointer-checks -fdevirtualize -fdwarf2-cfi-asm
  20              	# -fearly-inlining -feliminate-unused-debug-types -fexpensive-optimizations
  21              	# -fforward-propagate -ffunction-cse -fgcse -fgcse-lm -fgnu-runtime
  22              	# -fguess-branch-probability -fhoist-adjacent-loads -fident -fif-conversion
  23              	# -fif-conversion2 -findirect-inlining -finline -finline-atomics
  24              	# -finline-functions-called-once -finline-small-functions -fipa-cp
  25              	# -fipa-profile -fipa-pure-const -fipa-reference -fipa-sra
  26              	# -fira-hoist-pressure -fira-share-save-slots -fira-share-spill-slots
  27              	# -fivopts -fkeep-static-consts -fleading-underscore -fmath-errno
  28              	# -fmerge-constants -fmerge-debug-strings -fmove-loop-invariants
  29              	# -fomit-frame-pointer -foptimize-register-move -foptimize-sibling-calls
  30              	# -foptimize-strlen -fpartial-inlining -fpcc-struct-return -fpeephole
  31              	# -fpeephole2 -fprefetch-loop-arrays -free -fregmove -freorder-blocks
  32              	# -freorder-functions -frerun-cse-after-loop
  33              	# -fsched-critical-path-heuristic -fsched-dep-count-heuristic
  34              	# -fsched-group-heuristic -fsched-interblock -fsched-last-insn-heuristic
  35              	# -fsched-rank-heuristic -fsched-spec -fsched-spec-insn-heuristic
  36              	# -fsched-stalled-insns-dep -fschedule-insns2 -fshow-column -fshrink-wrap
  37              	# -fsigned-zeros -fsplit-ivs-in-unroller -fsplit-wide-types
  38              	# -fstack-protector -fstrict-aliasing -fstrict-overflow
  39              	# -fstrict-volatile-bitfields -fsync-libcalls -fthread-jumps
  40              	# -ftoplevel-reorder -ftrapping-math -ftree-bit-ccp -ftree-builtin-call-dce
  41              	# -ftree-ccp -ftree-ch -ftree-coalesce-vars -ftree-copy-prop
  42              	# -ftree-copyrename -ftree-cselim -ftree-dce -ftree-dominator-opts
  43              	# -ftree-dse -ftree-forwprop -ftree-fre -ftree-loop-if-convert
  44              	# -ftree-loop-im -ftree-loop-ivcanon -ftree-loop-optimize
  45              	# -ftree-parallelize-loops= -ftree-phiprop -ftree-pre -ftree-pta
  46              	# -ftree-reassoc -ftree-scev-cprop -ftree-sink -ftree-slp-vectorize
  47              	# -ftree-slsr -ftree-sra -ftree-switch-conversion -ftree-tail-merge
  48              	# -ftree-ter -ftree-vect-loop-version -ftree-vrp -funit-at-a-time
  49              	# -funwind-tables -fvar-tracking -fvar-tracking-assignments -fverbose-asm
  50              	# -fzero-initialized-in-bss -m32 -m80387 -m96bit-long-double
  51              	# -maccumulate-outgoing-args -malign-stringops -mfancy-math-387
  52              	# -mfp-ret-in-387 -mglibc -mieee-fp -mlong-double-80 -mno-red-zone
  53              	# -mno-sse4 -mpush-args -msahf -mtls-direct-seg-refs
  54              	
  55              		.text
  56              	.Ltext0:
  57              		.p2align 4,,15
GAS LISTING /tmp/ccRbzduY.s 			page 2


  58              		.globl	chMsgSend
  59              		.type	chMsgSend, @function
  60              	chMsgSend:
  61              	.LFB7:
  62              		.file 1 "../../../os/kernel/src/chmsg.c"
  63              		.loc 1 75 0
  64              		.cfi_startproc
  65              	.LVL0:
  66 0000 53       		pushl	%ebx	#
  67              		.cfi_def_cfa_offset 8
  68              		.cfi_offset 3, -8
  69 0001 83EC18   		subl	$24, %esp	#,
  70              		.cfi_def_cfa_offset 32
  71              		.loc 1 76 0
  72 0004 8B1D1800 		movl	rlist+24, %ebx	# rlist.r_current, ctp
  72      0000
  73              	.LVL1:
  74              		.loc 1 75 0
  75 000a 8B442420 		movl	32(%esp), %eax	# tp, tp
  76              		.loc 1 80 0
  77              	#APP
  78              	# 80 "../../../os/kernel/src/chmsg.c" 1
   1              	/*
   2              	    ChibiOS/RT - Copyright (C) 2006,2007,2008,2009,2010,
   3              	                 2011,2012,2013 Giovanni Di Sirio.
   4              	
   5              	    This file is part of ChibiOS/RT.
   6              	
   7              	    ChibiOS/RT is free software; you can redistribute it and/or modify
   8              	    it under the terms of the GNU General Public License as published by
   9              	    the Free Software Foundation; either version 3 of the License, or
  10              	    (at your option) any later version.
  11              	
  12              	    ChibiOS/RT is distributed in the hope that it will be useful,
  13              	    but WITHOUT ANY WARRANTY; without even the implied warranty of
  14              	    MERCHANTABILITY or FITNESS FOR A PARTICULAR PURPOSE.  See the
  15              	    GNU General Public License for more details.
  16              	
  17              	    You should have received a copy of the GNU General Public License
  18              	    along with this program.  If not, see <http://www.gnu.org/licenses/>.
  19              	
  20              	                                      ---
  21              	
  22              	    A special exception to the GPL can be applied should you wish to distribute
  23              	    a combined work that includes ChibiOS/RT, without being obliged to provide
  24              	    the source code for any proprietary components. See the file exception.txt
  25              	    for full details of how and when the exception can be applied.
  26              	*/
  27              	
  28              	/**
  29              	 * @file    chmsg.c
  30              	 * @brief   Messages code.
  31              	 *
  32              	 * @addtogroup messages
  33              	 * @details Synchronous inter-thread messages APIs and services.
  34              	 *          <h2>Operation Mode</h2>
  35              	 *          Synchronous messages are an easy to use and fast IPC mechanism,
GAS LISTING /tmp/ccRbzduY.s 			page 3


  36              	 *          threads can both act as message servers and/or message clients,
  37              	 *          the mechanism allows data to be carried in both directions. Note
  38              	 *          that messages are not copied between the client and server threads
  39              	 *          but just a pointer passed so the exchange is very time
  40              	 *          efficient.<br>
  41              	 *          Messages are scalar data types of type @p msg_t that are guaranteed
  42              	 *          to be size compatible with data pointers. Note that on some
  43              	 *          architectures function pointers can be larger that @p msg_t.<br>
  44              	 *          Messages are usually processed in FIFO order but it is possible to
  45              	 *          process them in priority order by enabling the
  46              	 *          @p CH_USE_MESSAGES_PRIORITY option in @p chconf.h.<br>
  47              	 * @pre     In order to use the message APIs the @p CH_USE_MESSAGES option
  48              	 *          must be enabled in @p chconf.h.
  49              	 * @post    Enabling messages requires 6-12 (depending on the architecture)
  50              	 *          extra bytes in the @p Thread structure.
  51              	 * @{
  52              	 */
  53              	
  54              	#include "ch.h"
  55              	
  56              	#if CH_USE_MESSAGES || defined(__DOXYGEN__)
  57              	
  58              	#if CH_USE_MESSAGES_PRIORITY
  59              	#define msg_insert(tp, qp) prio_insert(tp, qp)
  60              	#else
  61              	#define msg_insert(tp, qp) queue_insert(tp, qp)
  62              	#endif
  63              	
  64              	/**
  65              	 * @brief   Sends a message to the specified thread.
  66              	 * @details The sender is stopped until the receiver executes a
  67              	 *          @p chMsgRelease()after receiving the message.
  68              	 *
  69              	 * @param[in] tp        the pointer to the thread
  70              	 * @param[in] msg       the message
  71              	 * @return              The answer message from @p chMsgRelease().
  72              	 *
  73              	 * @api
  74              	 */
  75              	msg_t chMsgSend(Thread *tp, msg_t msg) {
  76              	  Thread *ctp = currp;
  77              	
  78              	  chDbgCheck(tp != NULL, "chMsgSend");
  79              	
  80 000e 90       	  chSysLock();
  81              	  ctp->p_msg = msg;
  79              		nop
  80              	# 0 "" 2
  81              		.loc 1 81 0
  82              	#NO_APP
  83 000f 8B542424 		movl	36(%esp), %edx	# msg, msg
  84              		.loc 1 84 0
  85 0013 80781C0C 		cmpb	$12, 28(%eax)	#, tp_6(D)->p_state
  86              		.loc 1 81 0
  87 0017 895334   		movl	%edx, 52(%ebx)	# msg, ctp_3->p_msg
  88              		.loc 1 82 0
  89 001a 8D502C   		leal	44(%eax), %edx	#, D.2040
GAS LISTING /tmp/ccRbzduY.s 			page 4


  90 001d 895324   		movl	%edx, 36(%ebx)	# D.2040, ctp_3->p_u.wtobjp
  91              	.LVL2:
  92              	.LBB6:
  93              	.LBB7:
  94              		.file 2 "../../../os/kernel/include/chinline.h"
  95              		.loc 2 54 0
  96 0020 8913     		movl	%edx, (%ebx)	# D.2040, ctp_3->p_next
  97              		.loc 2 55 0
  98 0022 8B5030   		movl	48(%eax), %edx	# MEM[(struct ThreadsQueue *)tp_6(D) + 44B].p_prev, D.2042
  99              	.LVL3:
 100 0025 895304   		movl	%edx, 4(%ebx)	# D.2042, ctp_3->p_prev
 101              		.loc 2 56 0
 102 0028 895830   		movl	%ebx, 48(%eax)	# ctp, MEM[(struct ThreadsQueue *)tp_6(D) + 44B].p_prev
 103 002b 891A     		movl	%ebx, (%edx)	# ctp, _14->p_next
 104              	.LVL4:
 105              	.LBE7:
 106              	.LBE6:
 107              		.loc 1 84 0
 108 002d 7419     		je	.L5	#,
 109              	.LVL5:
 110              	.L2:
 111              		.loc 1 86 0
 112 002f C704240A 		movl	$10, (%esp)	#,
 112      000000
 113 0036 E8FCFFFF 		call	chSchGoSleepS	#
 113      FF
 114              	.LVL6:
 115              		.loc 1 88 0
 116              	#APP
 117              	# 88 "../../../os/kernel/src/chmsg.c" 1
  82              	  ctp->p_u.wtobjp = &tp->p_msgqueue;
  83              	  msg_insert(ctp, &tp->p_msgqueue);
  84              	  if (tp->p_state == THD_STATE_WTMSG)
  85              	    chSchReadyI(tp);
  86              	  chSchGoSleepS(THD_STATE_SNDMSGQ);
  87              	  msg = ctp->p_u.rdymsg;
  88 003b 90       	  chSysUnlock();
  89              	  return msg;
 118              		nop
 119              	# 0 "" 2
 120              		.loc 1 89 0
 121              	#NO_APP
 122 003c 8B4324   		movl	36(%ebx), %eax	# ctp_3->p_u.rdymsg, ctp_3->p_u.rdymsg
 123              		.loc 1 90 0
 124 003f 83C418   		addl	$24, %esp	#,
 125              		.cfi_remember_state
 126              		.cfi_def_cfa_offset 8
 127 0042 5B       		popl	%ebx	#
 128              		.cfi_restore 3
 129              		.cfi_def_cfa_offset 4
 130              	.LVL7:
 131 0043 C3       		ret
 132              	.LVL8:
 133              		.p2align 4,,7
 134 0044 8D742600 		.p2align 3
 135              	.L5:
 136              		.cfi_restore_state
GAS LISTING /tmp/ccRbzduY.s 			page 5


 137              		.loc 1 85 0
 138 0048 890424   		movl	%eax, (%esp)	# tp,
 139 004b E8FCFFFF 		call	chSchReadyI	#
 139      FF
 140              	.LVL9:
 141 0050 EBDD     		jmp	.L2	#
 142              		.cfi_endproc
 143              	.LFE7:
 144              		.size	chMsgSend, .-chMsgSend
 145 0052 8DB42600 		.p2align 4,,15
 145      0000008D 
 145      BC270000 
 145      0000
 146              		.globl	chMsgWait
 147              		.type	chMsgWait, @function
 148              	chMsgWait:
 149              	.LFB8:
 150              		.loc 1 106 0
 151              		.cfi_startproc
 152 0060 53       		pushl	%ebx	#
 153              		.cfi_def_cfa_offset 8
 154              		.cfi_offset 3, -8
 155 0061 83EC18   		subl	$24, %esp	#,
 156              		.cfi_def_cfa_offset 32
 157              		.loc 1 109 0
 158              	#APP
 159              	# 109 "../../../os/kernel/src/chmsg.c" 1
  90              	}
  91              	
  92              	/**
  93              	 * @brief   Suspends the thread and waits for an incoming message.
  94              	 * @post    After receiving a message the function @p chMsgGet() must be
  95              	 *          called in order to retrieve the message and then @p chMsgRelease()
  96              	 *          must be invoked in order to acknowledge the reception and send
  97              	 *          the answer.
  98              	 * @note    If the message is a pointer then you can assume that the data
  99              	 *          pointed by the message is stable until you invoke @p chMsgRelease()
 100              	 *          because the sending thread is suspended until then.
 101              	 *
 102              	 * @return              A reference to the thread carrying the message.
 103              	 *
 104              	 * @api
 105              	 */
 106              	Thread *chMsgWait(void) {
 107              	  Thread *tp;
 108              	
 109 0064 90       	  chSysLock();
 110              	  if (!chMsgIsPendingI(currp))
 160              		nop
 161              	# 0 "" 2
 162              		.loc 1 110 0
 163              	#NO_APP
 164 0065 8B151800 		movl	rlist+24, %edx	# rlist.r_current, D.2045
 164      0000
 165 006b 8B422C   		movl	44(%edx), %eax	# _3->p_msgqueue.p_next, D.2045
 166 006e 8D4A2C   		leal	44(%edx), %ecx	#, D.2046
 167 0071 39C8     		cmpl	%ecx, %eax	# D.2046, D.2045
GAS LISTING /tmp/ccRbzduY.s 			page 6


 168 0073 7413     		je	.L9	#,
 169              	.L7:
 170              	.LVL10:
 171              	.LBB8:
 172              	.LBB9:
 173              		.loc 2 62 0
 174 0075 8B18     		movl	(%eax), %ebx	# _22->p_next, D.2045
 175 0077 895A2C   		movl	%ebx, 44(%edx)	# D.2045, MEM[(struct ThreadsQueue *)_18 + 44B].p_next
 176 007a 894B04   		movl	%ecx, 4(%ebx)	# D.2046, _12->p_prev
 177              	.LBE9:
 178              	.LBE8:
 179              		.loc 1 113 0
 180 007d C6401C0B 		movb	$11, 28(%eax)	#, _22->p_state
 181              		.loc 1 114 0
 182              	#APP
 183              	# 114 "../../../os/kernel/src/chmsg.c" 1
 111              	    chSchGoSleepS(THD_STATE_WTMSG);
 112              	  tp = fifo_remove(&currp->p_msgqueue);
 113              	  tp->p_state = THD_STATE_SNDMSG;
 114 0081 90       	  chSysUnlock();
 115              	  return tp;
 184              		nop
 185              	# 0 "" 2
 186              		.loc 1 116 0
 187              	#NO_APP
 188 0082 83C418   		addl	$24, %esp	#,
 189              		.cfi_remember_state
 190              		.cfi_def_cfa_offset 8
 191 0085 5B       		popl	%ebx	#
 192              		.cfi_restore 3
 193              		.cfi_def_cfa_offset 4
 194 0086 C3       		ret
 195              	.LVL11:
 196              		.p2align 4,,7
 197 0087 90       		.p2align 3
 198              	.L9:
 199              		.cfi_restore_state
 200              		.loc 1 111 0
 201 0088 C704240C 		movl	$12, (%esp)	#,
 201      000000
 202 008f E8FCFFFF 		call	chSchGoSleepS	#
 202      FF
 203              	.LVL12:
 204 0094 8B151800 		movl	rlist+24, %edx	# rlist.r_current, D.2045
 204      0000
 205 009a 8D4A2C   		leal	44(%edx), %ecx	#, D.2046
 206 009d 8B422C   		movl	44(%edx), %eax	# MEM[(struct ThreadsQueue *)_15 + 44B].p_next, D.2045
 207 00a0 EBD3     		jmp	.L7	#
 208              		.cfi_endproc
 209              	.LFE8:
 210              		.size	chMsgWait, .-chMsgWait
 211 00a2 8DB42600 		.p2align 4,,15
 211      0000008D 
 211      BC270000 
 211      0000
 212              		.globl	chMsgRelease
 213              		.type	chMsgRelease, @function
GAS LISTING /tmp/ccRbzduY.s 			page 7


 214              	chMsgRelease:
 215              	.LFB9:
 216              		.loc 1 128 0
 217              		.cfi_startproc
 218              	.LVL13:
 219 00b0 83EC1C   		subl	$28, %esp	#,
 220              		.cfi_def_cfa_offset 32
 221              		.loc 1 130 0
 222              	#APP
 223              	# 130 "../../../os/kernel/src/chmsg.c" 1
 116              	}
 117              	
 118              	/**
 119              	 * @brief   Releases a sender thread specifying a response message.
 120              	 * @pre     Invoke this function only after a message has been received
 121              	 *          using @p chMsgWait().
 122              	 *
 123              	 * @param[in] tp        pointer to the thread
 124              	 * @param[in] msg       message to be returned to the sender
 125              	 *
 126              	 * @api
 127              	 */
 128              	void chMsgRelease(Thread *tp, msg_t msg) {
 129              	
 130 00b3 90       	  chSysLock();
 131              	  chDbgAssert(tp->p_state == THD_STATE_SNDMSG,
 224              		nop
 225              	# 0 "" 2
 226              		.loc 1 133 0
 227              	#NO_APP
 228 00b4 8B442424 		movl	36(%esp), %eax	# msg, msg
 229 00b8 89442404 		movl	%eax, 4(%esp)	# msg,
 230 00bc 8B442420 		movl	32(%esp), %eax	# tp, tp
 231 00c0 890424   		movl	%eax, (%esp)	# tp,
 232 00c3 E8FCFFFF 		call	chSchWakeupS	#
 232      FF
 233              	.LVL14:
 234              		.loc 1 134 0
 235              	#APP
 236              	# 134 "../../../os/kernel/src/chmsg.c" 1
 132              	              "chMsgRelease(), #1", "invalid state");
 133              	  chMsgReleaseS(tp, msg);
 134 00c8 90       	  chSysUnlock();
 135              	}
 237              		nop
 238              	# 0 "" 2
 239              		.loc 1 135 0
 240              	#NO_APP
 241 00c9 83C41C   		addl	$28, %esp	#,
 242              		.cfi_def_cfa_offset 4
 243 00cc C3       		ret
 244              		.cfi_endproc
 245              	.LFE9:
 246              		.size	chMsgRelease, .-chMsgRelease
 247              	.Letext0:
 248              		.file 3 "/usr/include/stdint.h"
 249              		.file 4 "../../../os/ports/GCC/SIMIA32/chtypes.h"
GAS LISTING /tmp/ccRbzduY.s 			page 8


 250              		.file 5 "../../../os/kernel/include/chlists.h"
 251              		.file 6 "../../../os/kernel/include/chthreads.h"
 252              		.file 7 "../../../os/ports/GCC/SIMIA32/chcore.h"
 253              		.file 8 "../../../os/kernel/include/chschd.h"
 254              		.file 9 "../../../os/kernel/include/chmtx.h"
 255              		.section	.debug_info,"",@progbits
 256              	.Ldebug_info0:
 257 0000 7D050000 		.long	0x57d
 258 0004 0400     		.value	0x4
 259 0006 00000000 		.long	.Ldebug_abbrev0
 260 000a 04       		.byte	0x4
 261 000b 01       		.uleb128 0x1
 262 000c B7010000 		.long	.LASF64
 263 0010 01       		.byte	0x1
 264 0011 AD000000 		.long	.LASF65
 265 0015 72000000 		.long	.LASF66
 266 0019 00000000 		.long	.Ltext0
 267 001d CD000000 		.long	.Letext0-.Ltext0
 268 0021 00000000 		.long	.Ldebug_line0
 269 0025 02       		.uleb128 0x2
 270 0026 04       		.byte	0x4
 271 0027 05       		.byte	0x5
 272 0028 696E7400 		.string	"int"
 273 002c 03       		.uleb128 0x3
 274 002d 04       		.byte	0x4
 275 002e 07       		.byte	0x7
 276 002f EF000000 		.long	.LASF0
 277 0033 03       		.uleb128 0x3
 278 0034 04       		.byte	0x4
 279 0035 05       		.byte	0x5
 280 0036 A4000000 		.long	.LASF1
 281 003a 03       		.uleb128 0x3
 282 003b 01       		.byte	0x1
 283 003c 06       		.byte	0x6
 284 003d 56000000 		.long	.LASF2
 285 0041 03       		.uleb128 0x3
 286 0042 02       		.byte	0x2
 287 0043 05       		.byte	0x5
 288 0044 1E020000 		.long	.LASF3
 289 0048 04       		.uleb128 0x4
 290 0049 A1010000 		.long	.LASF5
 291 004d 03       		.byte	0x3
 292 004e 26       		.byte	0x26
 293 004f 25000000 		.long	0x25
 294 0053 03       		.uleb128 0x3
 295 0054 08       		.byte	0x8
 296 0055 05       		.byte	0x5
 297 0056 48000000 		.long	.LASF4
 298 005a 04       		.uleb128 0x4
 299 005b 03030000 		.long	.LASF6
 300 005f 03       		.byte	0x3
 301 0060 30       		.byte	0x30
 302 0061 65000000 		.long	0x65
 303 0065 03       		.uleb128 0x3
 304 0066 01       		.byte	0x1
 305 0067 08       		.byte	0x8
 306 0068 A9010000 		.long	.LASF7
GAS LISTING /tmp/ccRbzduY.s 			page 9


 307 006c 03       		.uleb128 0x3
 308 006d 02       		.byte	0x2
 309 006e 07       		.byte	0x7
 310 006f 0F010000 		.long	.LASF8
 311 0073 04       		.uleb128 0x4
 312 0074 84020000 		.long	.LASF9
 313 0078 03       		.byte	0x3
 314 0079 33       		.byte	0x33
 315 007a 2C000000 		.long	0x2c
 316 007e 03       		.uleb128 0x3
 317 007f 08       		.byte	0x8
 318 0080 07       		.byte	0x7
 319 0081 21000000 		.long	.LASF10
 320 0085 03       		.uleb128 0x3
 321 0086 01       		.byte	0x1
 322 0087 02       		.byte	0x2
 323 0088 9B010000 		.long	.LASF11
 324 008c 04       		.uleb128 0x4
 325 008d 28010000 		.long	.LASF12
 326 0091 04       		.byte	0x4
 327 0092 24       		.byte	0x24
 328 0093 5A000000 		.long	0x5a
 329 0097 04       		.uleb128 0x4
 330 0098 D6000000 		.long	.LASF13
 331 009c 04       		.byte	0x4
 332 009d 25       		.byte	0x25
 333 009e 5A000000 		.long	0x5a
 334 00a2 04       		.uleb128 0x4
 335 00a3 84010000 		.long	.LASF14
 336 00a7 04       		.byte	0x4
 337 00a8 26       		.byte	0x26
 338 00a9 5A000000 		.long	0x5a
 339 00ad 04       		.uleb128 0x4
 340 00ae 9A000000 		.long	.LASF15
 341 00b2 04       		.byte	0x4
 342 00b3 27       		.byte	0x27
 343 00b4 5A000000 		.long	0x5a
 344 00b8 04       		.uleb128 0x4
 345 00b9 93010000 		.long	.LASF16
 346 00bd 04       		.byte	0x4
 347 00be 28       		.byte	0x28
 348 00bf 73000000 		.long	0x73
 349 00c3 04       		.uleb128 0x4
 350 00c4 22010000 		.long	.LASF17
 351 00c8 04       		.byte	0x4
 352 00c9 29       		.byte	0x29
 353 00ca 48000000 		.long	0x48
 354 00ce 04       		.uleb128 0x4
 355 00cf 3C010000 		.long	.LASF18
 356 00d3 04       		.byte	0x4
 357 00d4 2B       		.byte	0x2b
 358 00d5 73000000 		.long	0x73
 359 00d9 04       		.uleb128 0x4
 360 00da B2020000 		.long	.LASF19
 361 00de 04       		.byte	0x4
 362 00df 2D       		.byte	0x2d
 363 00e0 73000000 		.long	0x73
GAS LISTING /tmp/ccRbzduY.s 			page 10


 364 00e4 04       		.uleb128 0x4
 365 00e5 57020000 		.long	.LASF20
 366 00e9 05       		.byte	0x5
 367 00ea 2A       		.byte	0x2a
 368 00eb EF000000 		.long	0xef
 369 00ef 05       		.uleb128 0x5
 370 00f0 57020000 		.long	.LASF20
 371 00f4 48       		.byte	0x48
 372 00f5 06       		.byte	0x6
 373 00f6 5E       		.byte	0x5e
 374 00f7 EC010000 		.long	0x1ec
 375 00fb 06       		.uleb128 0x6
 376 00fc 48020000 		.long	.LASF21
 377 0100 06       		.byte	0x6
 378 0101 5F       		.byte	0x5f
 379 0102 0D020000 		.long	0x20d
 380 0106 00       		.byte	0
 381 0107 06       		.uleb128 0x6
 382 0108 8C010000 		.long	.LASF22
 383 010c 06       		.byte	0x6
 384 010d 61       		.byte	0x61
 385 010e 0D020000 		.long	0x20d
 386 0112 04       		.byte	0x4
 387 0113 06       		.uleb128 0x6
 388 0114 41000000 		.long	.LASF23
 389 0118 06       		.byte	0x6
 390 0119 63       		.byte	0x63
 391 011a B8000000 		.long	0xb8
 392 011e 08       		.byte	0x8
 393 011f 06       		.uleb128 0x6
 394 0120 28030000 		.long	.LASF24
 395 0124 06       		.byte	0x6
 396 0125 64       		.byte	0x64
 397 0126 9B020000 		.long	0x29b
 398 012a 0C       		.byte	0xc
 399 012b 06       		.uleb128 0x6
 400 012c DF000000 		.long	.LASF25
 401 0130 06       		.byte	0x6
 402 0131 66       		.byte	0x66
 403 0132 0D020000 		.long	0x20d
 404 0136 10       		.byte	0x10
 405 0137 06       		.uleb128 0x6
 406 0138 57010000 		.long	.LASF26
 407 013c 06       		.byte	0x6
 408 013d 67       		.byte	0x67
 409 013e 0D020000 		.long	0x20d
 410 0142 14       		.byte	0x14
 411 0143 06       		.uleb128 0x6
 412 0144 12030000 		.long	.LASF27
 413 0148 06       		.byte	0x6
 414 0149 6E       		.byte	0x6e
 415 014a 97030000 		.long	0x397
 416 014e 18       		.byte	0x18
 417 014f 06       		.uleb128 0x6
 418 0150 28020000 		.long	.LASF28
 419 0154 06       		.byte	0x6
 420 0155 79       		.byte	0x79
GAS LISTING /tmp/ccRbzduY.s 			page 11


 421 0156 97000000 		.long	0x97
 422 015a 1C       		.byte	0x1c
 423 015b 06       		.uleb128 0x6
 424 015c 4F020000 		.long	.LASF29
 425 0160 06       		.byte	0x6
 426 0161 7D       		.byte	0x7d
 427 0162 8C000000 		.long	0x8c
 428 0166 1D       		.byte	0x1d
 429 0167 06       		.uleb128 0x6
 430 0168 EC020000 		.long	.LASF30
 431 016c 06       		.byte	0x6
 432 016d 82       		.byte	0x82
 433 016e A2000000 		.long	0xa2
 434 0172 1E       		.byte	0x1e
 435 0173 06       		.uleb128 0x6
 436 0174 30020000 		.long	.LASF31
 437 0178 06       		.byte	0x6
 438 0179 88       		.byte	0x88
 439 017a AD000000 		.long	0xad
 440 017e 1F       		.byte	0x1f
 441 017f 06       		.uleb128 0x6
 442 0180 C7020000 		.long	.LASF32
 443 0184 06       		.byte	0x6
 444 0185 8F       		.byte	0x8f
 445 0186 BF020000 		.long	0x2bf
 446 018a 20       		.byte	0x20
 447 018b 07       		.uleb128 0x7
 448 018c 705F7500 		.string	"p_u"
 449 0190 06       		.byte	0x6
 450 0191 B4       		.byte	0xb4
 451 0192 62030000 		.long	0x362
 452 0196 24       		.byte	0x24
 453 0197 06       		.uleb128 0x6
 454 0198 2E030000 		.long	.LASF33
 455 019c 06       		.byte	0x6
 456 019d B9       		.byte	0xb9
 457 019e 33020000 		.long	0x233
 458 01a2 28       		.byte	0x28
 459 01a3 06       		.uleb128 0x6
 460 01a4 FC000000 		.long	.LASF34
 461 01a8 06       		.byte	0x6
 462 01a9 BF       		.byte	0xbf
 463 01aa 13020000 		.long	0x213
 464 01ae 2C       		.byte	0x2c
 465 01af 06       		.uleb128 0x6
 466 01b0 00000000 		.long	.LASF35
 467 01b4 06       		.byte	0x6
 468 01b5 C3       		.byte	0xc3
 469 01b6 C3000000 		.long	0xc3
 470 01ba 34       		.byte	0x34
 471 01bb 06       		.uleb128 0x6
 472 01bc 79020000 		.long	.LASF36
 473 01c0 06       		.byte	0x6
 474 01c1 C9       		.byte	0xc9
 475 01c2 CE000000 		.long	0xce
 476 01c6 38       		.byte	0x38
 477 01c7 06       		.uleb128 0x6
GAS LISTING /tmp/ccRbzduY.s 			page 12


 478 01c8 14020000 		.long	.LASF37
 479 01cc 06       		.byte	0x6
 480 01cd D0       		.byte	0xd0
 481 01ce A9030000 		.long	0x3a9
 482 01d2 3C       		.byte	0x3c
 483 01d3 06       		.uleb128 0x6
 484 01d4 BC020000 		.long	.LASF38
 485 01d8 06       		.byte	0x6
 486 01d9 D4       		.byte	0xd4
 487 01da B8000000 		.long	0xb8
 488 01de 40       		.byte	0x40
 489 01df 06       		.uleb128 0x6
 490 01e0 62000000 		.long	.LASF39
 491 01e4 06       		.byte	0x6
 492 01e5 DA       		.byte	0xda
 493 01e6 50020000 		.long	0x250
 494 01ea 44       		.byte	0x44
 495 01eb 00       		.byte	0
 496 01ec 08       		.uleb128 0x8
 497 01ed 08       		.byte	0x8
 498 01ee 05       		.byte	0x5
 499 01ef 61       		.byte	0x61
 500 01f0 0D020000 		.long	0x20d
 501 01f4 06       		.uleb128 0x6
 502 01f5 48020000 		.long	.LASF21
 503 01f9 05       		.byte	0x5
 504 01fa 62       		.byte	0x62
 505 01fb 0D020000 		.long	0x20d
 506 01ff 00       		.byte	0
 507 0200 06       		.uleb128 0x6
 508 0201 8C010000 		.long	.LASF22
 509 0205 05       		.byte	0x5
 510 0206 64       		.byte	0x64
 511 0207 0D020000 		.long	0x20d
 512 020b 04       		.byte	0x4
 513 020c 00       		.byte	0
 514 020d 09       		.uleb128 0x9
 515 020e 04       		.byte	0x4
 516 020f E4000000 		.long	0xe4
 517 0213 04       		.uleb128 0x4
 518 0214 65010000 		.long	.LASF40
 519 0218 05       		.byte	0x5
 520 0219 66       		.byte	0x66
 521 021a EC010000 		.long	0x1ec
 522 021e 08       		.uleb128 0x8
 523 021f 04       		.byte	0x4
 524 0220 05       		.byte	0x5
 525 0221 6B       		.byte	0x6b
 526 0222 33020000 		.long	0x233
 527 0226 06       		.uleb128 0x6
 528 0227 48020000 		.long	.LASF21
 529 022b 05       		.byte	0x5
 530 022c 6D       		.byte	0x6d
 531 022d 0D020000 		.long	0x20d
 532 0231 00       		.byte	0
 533 0232 00       		.byte	0
 534 0233 04       		.uleb128 0x4
GAS LISTING /tmp/ccRbzduY.s 			page 13


 535 0234 30010000 		.long	.LASF41
 536 0238 05       		.byte	0x5
 537 0239 70       		.byte	0x70
 538 023a 1E020000 		.long	0x21e
 539 023e 03       		.uleb128 0x3
 540 023f 04       		.byte	0x4
 541 0240 07       		.byte	0x7
 542 0241 4E010000 		.long	.LASF42
 543 0245 04       		.uleb128 0x4
 544 0246 19030000 		.long	.LASF43
 545 024a 07       		.byte	0x7
 546 024b 4B       		.byte	0x4b
 547 024c 50020000 		.long	0x250
 548 0250 0A       		.uleb128 0xa
 549 0251 04       		.byte	0x4
 550 0252 05       		.uleb128 0x5
 551 0253 CE020000 		.long	.LASF44
 552 0257 14       		.byte	0x14
 553 0258 07       		.byte	0x7
 554 0259 59       		.byte	0x59
 555 025a 9B020000 		.long	0x29b
 556 025e 07       		.uleb128 0x7
 557 025f 65627800 		.string	"ebx"
 558 0263 07       		.byte	0x7
 559 0264 5A       		.byte	0x5a
 560 0265 45020000 		.long	0x245
 561 0269 00       		.byte	0
 562 026a 07       		.uleb128 0x7
 563 026b 65646900 		.string	"edi"
 564 026f 07       		.byte	0x7
 565 0270 5B       		.byte	0x5b
 566 0271 45020000 		.long	0x245
 567 0275 04       		.byte	0x4
 568 0276 07       		.uleb128 0x7
 569 0277 65736900 		.string	"esi"
 570 027b 07       		.byte	0x7
 571 027c 5C       		.byte	0x5c
 572 027d 45020000 		.long	0x245
 573 0281 08       		.byte	0x8
 574 0282 07       		.uleb128 0x7
 575 0283 65627000 		.string	"ebp"
 576 0287 07       		.byte	0x7
 577 0288 5D       		.byte	0x5d
 578 0289 45020000 		.long	0x245
 579 028d 0C       		.byte	0xc
 580 028e 07       		.uleb128 0x7
 581 028f 65697000 		.string	"eip"
 582 0293 07       		.byte	0x7
 583 0294 5E       		.byte	0x5e
 584 0295 45020000 		.long	0x245
 585 0299 10       		.byte	0x10
 586 029a 00       		.byte	0
 587 029b 05       		.uleb128 0x5
 588 029c 07010000 		.long	.LASF45
 589 02a0 04       		.byte	0x4
 590 02a1 07       		.byte	0x7
 591 02a2 66       		.byte	0x66
GAS LISTING /tmp/ccRbzduY.s 			page 14


 592 02a3 B4020000 		.long	0x2b4
 593 02a7 07       		.uleb128 0x7
 594 02a8 65737000 		.string	"esp"
 595 02ac 07       		.byte	0x7
 596 02ad 67       		.byte	0x67
 597 02ae B4020000 		.long	0x2b4
 598 02b2 00       		.byte	0
 599 02b3 00       		.byte	0
 600 02b4 09       		.uleb128 0x9
 601 02b5 04       		.byte	0x4
 602 02b6 BA020000 		.long	0x2ba
 603 02ba 0B       		.uleb128 0xb
 604 02bb 52020000 		.long	0x252
 605 02bf 0B       		.uleb128 0xb
 606 02c0 D9000000 		.long	0xd9
 607 02c4 08       		.uleb128 0x8
 608 02c5 1C       		.byte	0x1c
 609 02c6 08       		.byte	0x8
 610 02c7 5E       		.byte	0x5e
 611 02c8 15030000 		.long	0x315
 612 02cc 06       		.uleb128 0x6
 613 02cd 8D020000 		.long	.LASF46
 614 02d1 08       		.byte	0x8
 615 02d2 5F       		.byte	0x5f
 616 02d3 13020000 		.long	0x213
 617 02d7 00       		.byte	0
 618 02d8 06       		.uleb128 0x6
 619 02d9 3A020000 		.long	.LASF47
 620 02dd 08       		.byte	0x8
 621 02de 60       		.byte	0x60
 622 02df B8000000 		.long	0xb8
 623 02e3 08       		.byte	0x8
 624 02e4 06       		.uleb128 0x6
 625 02e5 5F010000 		.long	.LASF48
 626 02e9 08       		.byte	0x8
 627 02ea 62       		.byte	0x62
 628 02eb 9B020000 		.long	0x29b
 629 02ef 0C       		.byte	0xc
 630 02f0 06       		.uleb128 0x6
 631 02f1 E7000000 		.long	.LASF49
 632 02f5 08       		.byte	0x8
 633 02f6 65       		.byte	0x65
 634 02f7 0D020000 		.long	0x20d
 635 02fb 10       		.byte	0x10
 636 02fc 06       		.uleb128 0x6
 637 02fd 7C010000 		.long	.LASF50
 638 0301 08       		.byte	0x8
 639 0302 66       		.byte	0x66
 640 0303 0D020000 		.long	0x20d
 641 0307 14       		.byte	0x14
 642 0308 06       		.uleb128 0x6
 643 0309 72010000 		.long	.LASF51
 644 030d 08       		.byte	0x8
 645 030e 69       		.byte	0x69
 646 030f 0D020000 		.long	0x20d
 647 0313 18       		.byte	0x18
 648 0314 00       		.byte	0
GAS LISTING /tmp/ccRbzduY.s 			page 15


 649 0315 04       		.uleb128 0x4
 650 0316 F3020000 		.long	.LASF52
 651 031a 08       		.byte	0x8
 652 031b 6B       		.byte	0x6b
 653 031c C4020000 		.long	0x2c4
 654 0320 05       		.uleb128 0x5
 655 0321 48010000 		.long	.LASF53
 656 0325 10       		.byte	0x10
 657 0326 09       		.byte	0x9
 658 0327 2C       		.byte	0x2c
 659 0328 51030000 		.long	0x351
 660 032c 06       		.uleb128 0x6
 661 032d 6A000000 		.long	.LASF54
 662 0331 09       		.byte	0x9
 663 0332 2D       		.byte	0x2d
 664 0333 13020000 		.long	0x213
 665 0337 00       		.byte	0
 666 0338 06       		.uleb128 0x6
 667 0339 20030000 		.long	.LASF55
 668 033d 09       		.byte	0x9
 669 033e 2F       		.byte	0x2f
 670 033f 0D020000 		.long	0x20d
 671 0343 08       		.byte	0x8
 672 0344 06       		.uleb128 0x6
 673 0345 06000000 		.long	.LASF56
 674 0349 09       		.byte	0x9
 675 034a 31       		.byte	0x31
 676 034b 51030000 		.long	0x351
 677 034f 0C       		.byte	0xc
 678 0350 00       		.byte	0
 679 0351 09       		.uleb128 0x9
 680 0352 04       		.byte	0x4
 681 0353 20030000 		.long	0x320
 682 0357 04       		.uleb128 0x4
 683 0358 48010000 		.long	.LASF53
 684 035c 09       		.byte	0x9
 685 035d 33       		.byte	0x33
 686 035e 20030000 		.long	0x320
 687 0362 0C       		.uleb128 0xc
 688 0363 04       		.byte	0x4
 689 0364 06       		.byte	0x6
 690 0365 96       		.byte	0x96
 691 0366 97030000 		.long	0x397
 692 036a 0D       		.uleb128 0xd
 693 036b 1A000000 		.long	.LASF57
 694 036f 06       		.byte	0x6
 695 0370 9D       		.byte	0x9d
 696 0371 C3000000 		.long	0xc3
 697 0375 0D       		.uleb128 0xd
 698 0376 38000000 		.long	.LASF58
 699 037a 06       		.byte	0x6
 700 037b A4       		.byte	0xa4
 701 037c C3000000 		.long	0xc3
 702 0380 0D       		.uleb128 0xd
 703 0381 0B030000 		.long	.LASF59
 704 0385 06       		.byte	0x6
 705 0386 AB       		.byte	0xab
GAS LISTING /tmp/ccRbzduY.s 			page 16


 706 0387 50020000 		.long	0x250
 707 038b 0D       		.uleb128 0xd
 708 038c 41020000 		.long	.LASF60
 709 0390 06       		.byte	0x6
 710 0391 B2       		.byte	0xb2
 711 0392 CE000000 		.long	0xce
 712 0396 00       		.byte	0
 713 0397 09       		.uleb128 0x9
 714 0398 04       		.byte	0x4
 715 0399 9D030000 		.long	0x39d
 716 039d 0E       		.uleb128 0xe
 717 039e A2030000 		.long	0x3a2
 718 03a2 03       		.uleb128 0x3
 719 03a3 01       		.byte	0x1
 720 03a4 06       		.byte	0x6
 721 03a5 A1020000 		.long	.LASF61
 722 03a9 09       		.uleb128 0x9
 723 03aa 04       		.byte	0x4
 724 03ab 57030000 		.long	0x357
 725 03af 0F       		.uleb128 0xf
 726 03b0 0D000000 		.long	.LASF67
 727 03b4 02       		.byte	0x2
 728 03b5 34       		.byte	0x34
 729 03b6 03       		.byte	0x3
 730 03b7 D1030000 		.long	0x3d1
 731 03bb 10       		.uleb128 0x10
 732 03bc 747000   		.string	"tp"
 733 03bf 02       		.byte	0x2
 734 03c0 34       		.byte	0x34
 735 03c1 0D020000 		.long	0x20d
 736 03c5 10       		.uleb128 0x10
 737 03c6 74717000 		.string	"tqp"
 738 03ca 02       		.byte	0x2
 739 03cb 34       		.byte	0x34
 740 03cc D1030000 		.long	0x3d1
 741 03d0 00       		.byte	0
 742 03d1 09       		.uleb128 0x9
 743 03d2 04       		.byte	0x4
 744 03d3 13020000 		.long	0x213
 745 03d7 11       		.uleb128 0x11
 746 03d8 A6020000 		.long	.LASF68
 747 03dc 02       		.byte	0x2
 748 03dd 3B       		.byte	0x3b
 749 03de 0D020000 		.long	0x20d
 750 03e2 03       		.byte	0x3
 751 03e3 FD030000 		.long	0x3fd
 752 03e7 10       		.uleb128 0x10
 753 03e8 74717000 		.string	"tqp"
 754 03ec 02       		.byte	0x2
 755 03ed 3B       		.byte	0x3b
 756 03ee D1030000 		.long	0x3d1
 757 03f2 12       		.uleb128 0x12
 758 03f3 747000   		.string	"tp"
 759 03f6 02       		.byte	0x2
 760 03f7 3C       		.byte	0x3c
 761 03f8 0D020000 		.long	0x20d
 762 03fc 00       		.byte	0
GAS LISTING /tmp/ccRbzduY.s 			page 17


 763 03fd 13       		.uleb128 0x13
 764 03fe CC000000 		.long	.LASF62
 765 0402 01       		.byte	0x1
 766 0403 4B       		.byte	0x4b
 767 0404 C3000000 		.long	0xc3
 768 0408 00000000 		.long	.LFB7
 769 040c 52000000 		.long	.LFE7-.LFB7
 770 0410 01       		.uleb128 0x1
 771 0411 9C       		.byte	0x9c
 772 0412 8E040000 		.long	0x48e
 773 0416 14       		.uleb128 0x14
 774 0417 747000   		.string	"tp"
 775 041a 01       		.byte	0x1
 776 041b 4B       		.byte	0x4b
 777 041c 0D020000 		.long	0x20d
 778 0420 02       		.uleb128 0x2
 779 0421 91       		.byte	0x91
 780 0422 00       		.sleb128 0
 781 0423 15       		.uleb128 0x15
 782 0424 6D736700 		.string	"msg"
 783 0428 01       		.byte	0x1
 784 0429 4B       		.byte	0x4b
 785 042a C3000000 		.long	0xc3
 786 042e 00000000 		.long	.LLST0
 787 0432 16       		.uleb128 0x16
 788 0433 63747000 		.string	"ctp"
 789 0437 01       		.byte	0x1
 790 0438 4C       		.byte	0x4c
 791 0439 0D020000 		.long	0x20d
 792 043d 37000000 		.long	.LLST1
 793 0441 17       		.uleb128 0x17
 794 0442 AF030000 		.long	0x3af
 795 0446 20000000 		.long	.LBB6
 796 044a 0D000000 		.long	.LBE6-.LBB6
 797 044e 01       		.byte	0x1
 798 044f 53       		.byte	0x53
 799 0450 67040000 		.long	0x467
 800 0454 18       		.uleb128 0x18
 801 0455 C5030000 		.long	0x3c5
 802 0459 55000000 		.long	.LLST2
 803 045d 18       		.uleb128 0x18
 804 045e BB030000 		.long	0x3bb
 805 0462 AE000000 		.long	.LLST3
 806 0466 00       		.byte	0
 807 0467 19       		.uleb128 0x19
 808 0468 3B000000 		.long	.LVL6
 809 046c 48050000 		.long	0x548
 810 0470 7B040000 		.long	0x47b
 811 0474 1A       		.uleb128 0x1a
 812 0475 02       		.uleb128 0x2
 813 0476 74       		.byte	0x74
 814 0477 00       		.sleb128 0
 815 0478 01       		.uleb128 0x1
 816 0479 3A       		.byte	0x3a
 817 047a 00       		.byte	0
 818 047b 1B       		.uleb128 0x1b
 819 047c 50000000 		.long	.LVL9
GAS LISTING /tmp/ccRbzduY.s 			page 18


 820 0480 59050000 		.long	0x559
 821 0484 1A       		.uleb128 0x1a
 822 0485 02       		.uleb128 0x2
 823 0486 74       		.byte	0x74
 824 0487 00       		.sleb128 0
 825 0488 03       		.uleb128 0x3
 826 0489 91       		.byte	0x91
 827 048a 00       		.sleb128 0
 828 048b 06       		.byte	0x6
 829 048c 00       		.byte	0
 830 048d 00       		.byte	0
 831 048e 13       		.uleb128 0x13
 832 048f E2020000 		.long	.LASF63
 833 0493 01       		.byte	0x1
 834 0494 6A       		.byte	0x6a
 835 0495 0D020000 		.long	0x20d
 836 0499 60000000 		.long	.LFB8
 837 049d 42000000 		.long	.LFE8-.LFB8
 838 04a1 01       		.uleb128 0x1
 839 04a2 9C       		.byte	0x9c
 840 04a3 F2040000 		.long	0x4f2
 841 04a7 12       		.uleb128 0x12
 842 04a8 747000   		.string	"tp"
 843 04ab 01       		.byte	0x1
 844 04ac 6B       		.byte	0x6b
 845 04ad 0D020000 		.long	0x20d
 846 04b1 17       		.uleb128 0x17
 847 04b2 D7030000 		.long	0x3d7
 848 04b6 75000000 		.long	.LBB8
 849 04ba 08000000 		.long	.LBE8-.LBB8
 850 04be 01       		.byte	0x1
 851 04bf 70       		.byte	0x70
 852 04c0 E1040000 		.long	0x4e1
 853 04c4 18       		.uleb128 0x18
 854 04c5 E7030000 		.long	0x3e7
 855 04c9 CC000000 		.long	.LLST4
 856 04cd 1C       		.uleb128 0x1c
 857 04ce 75000000 		.long	.LBB9
 858 04d2 08000000 		.long	.LBE9-.LBB9
 859 04d6 1D       		.uleb128 0x1d
 860 04d7 F2030000 		.long	0x3f2
 861 04db DF000000 		.long	.LLST5
 862 04df 00       		.byte	0
 863 04e0 00       		.byte	0
 864 04e1 1B       		.uleb128 0x1b
 865 04e2 94000000 		.long	.LVL12
 866 04e6 48050000 		.long	0x548
 867 04ea 1A       		.uleb128 0x1a
 868 04eb 02       		.uleb128 0x2
 869 04ec 74       		.byte	0x74
 870 04ed 00       		.sleb128 0
 871 04ee 01       		.uleb128 0x1
 872 04ef 3C       		.byte	0x3c
 873 04f0 00       		.byte	0
 874 04f1 00       		.byte	0
 875 04f2 1E       		.uleb128 0x1e
 876 04f3 5E020000 		.long	.LASF69
GAS LISTING /tmp/ccRbzduY.s 			page 19


 877 04f7 01       		.byte	0x1
 878 04f8 80       		.byte	0x80
 879 04f9 B0000000 		.long	.LFB9
 880 04fd 1D000000 		.long	.LFE9-.LFB9
 881 0501 01       		.uleb128 0x1
 882 0502 9C       		.byte	0x9c
 883 0503 3D050000 		.long	0x53d
 884 0507 14       		.uleb128 0x14
 885 0508 747000   		.string	"tp"
 886 050b 01       		.byte	0x1
 887 050c 80       		.byte	0x80
 888 050d 0D020000 		.long	0x20d
 889 0511 02       		.uleb128 0x2
 890 0512 91       		.byte	0x91
 891 0513 00       		.sleb128 0
 892 0514 14       		.uleb128 0x14
 893 0515 6D736700 		.string	"msg"
 894 0519 01       		.byte	0x1
 895 051a 80       		.byte	0x80
 896 051b C3000000 		.long	0xc3
 897 051f 02       		.uleb128 0x2
 898 0520 91       		.byte	0x91
 899 0521 04       		.sleb128 4
 900 0522 1B       		.uleb128 0x1b
 901 0523 C8000000 		.long	.LVL14
 902 0527 6E050000 		.long	0x56e
 903 052b 1A       		.uleb128 0x1a
 904 052c 02       		.uleb128 0x2
 905 052d 74       		.byte	0x74
 906 052e 00       		.sleb128 0
 907 052f 03       		.uleb128 0x3
 908 0530 91       		.byte	0x91
 909 0531 00       		.sleb128 0
 910 0532 06       		.byte	0x6
 911 0533 1A       		.uleb128 0x1a
 912 0534 02       		.uleb128 0x2
 913 0535 74       		.byte	0x74
 914 0536 04       		.sleb128 4
 915 0537 03       		.uleb128 0x3
 916 0538 91       		.byte	0x91
 917 0539 04       		.sleb128 4
 918 053a 06       		.byte	0x6
 919 053b 00       		.byte	0
 920 053c 00       		.byte	0
 921 053d 1F       		.uleb128 0x1f
 922 053e FD020000 		.long	.LASF70
 923 0542 08       		.byte	0x8
 924 0543 6F       		.byte	0x6f
 925 0544 15030000 		.long	0x315
 926 0548 20       		.uleb128 0x20
 927 0549 6B020000 		.long	.LASF71
 928 054d 08       		.byte	0x8
 929 054e 93       		.byte	0x93
 930 054f 59050000 		.long	0x559
 931 0553 21       		.uleb128 0x21
 932 0554 97000000 		.long	0x97
 933 0558 00       		.byte	0
GAS LISTING /tmp/ccRbzduY.s 			page 20


 934 0559 22       		.uleb128 0x22
 935 055a 95020000 		.long	.LASF72
 936 055e 08       		.byte	0x8
 937 055f 90       		.byte	0x90
 938 0560 0D020000 		.long	0x20d
 939 0564 6E050000 		.long	0x56e
 940 0568 21       		.uleb128 0x21
 941 0569 0D020000 		.long	0x20d
 942 056d 00       		.byte	0
 943 056e 23       		.uleb128 0x23
 944 056f D5020000 		.long	.LASF73
 945 0573 08       		.byte	0x8
 946 0574 99       		.byte	0x99
 947 0575 21       		.uleb128 0x21
 948 0576 0D020000 		.long	0x20d
 949 057a 21       		.uleb128 0x21
 950 057b C3000000 		.long	0xc3
 951 057f 00       		.byte	0
 952 0580 00       		.byte	0
 953              		.section	.debug_abbrev,"",@progbits
 954              	.Ldebug_abbrev0:
 955 0000 01       		.uleb128 0x1
 956 0001 11       		.uleb128 0x11
 957 0002 01       		.byte	0x1
 958 0003 25       		.uleb128 0x25
 959 0004 0E       		.uleb128 0xe
 960 0005 13       		.uleb128 0x13
 961 0006 0B       		.uleb128 0xb
 962 0007 03       		.uleb128 0x3
 963 0008 0E       		.uleb128 0xe
 964 0009 1B       		.uleb128 0x1b
 965 000a 0E       		.uleb128 0xe
 966 000b 11       		.uleb128 0x11
 967 000c 01       		.uleb128 0x1
 968 000d 12       		.uleb128 0x12
 969 000e 06       		.uleb128 0x6
 970 000f 10       		.uleb128 0x10
 971 0010 17       		.uleb128 0x17
 972 0011 00       		.byte	0
 973 0012 00       		.byte	0
 974 0013 02       		.uleb128 0x2
 975 0014 24       		.uleb128 0x24
 976 0015 00       		.byte	0
 977 0016 0B       		.uleb128 0xb
 978 0017 0B       		.uleb128 0xb
 979 0018 3E       		.uleb128 0x3e
 980 0019 0B       		.uleb128 0xb
 981 001a 03       		.uleb128 0x3
 982 001b 08       		.uleb128 0x8
 983 001c 00       		.byte	0
 984 001d 00       		.byte	0
 985 001e 03       		.uleb128 0x3
 986 001f 24       		.uleb128 0x24
 987 0020 00       		.byte	0
 988 0021 0B       		.uleb128 0xb
 989 0022 0B       		.uleb128 0xb
 990 0023 3E       		.uleb128 0x3e
GAS LISTING /tmp/ccRbzduY.s 			page 21


 991 0024 0B       		.uleb128 0xb
 992 0025 03       		.uleb128 0x3
 993 0026 0E       		.uleb128 0xe
 994 0027 00       		.byte	0
 995 0028 00       		.byte	0
 996 0029 04       		.uleb128 0x4
 997 002a 16       		.uleb128 0x16
 998 002b 00       		.byte	0
 999 002c 03       		.uleb128 0x3
 1000 002d 0E       		.uleb128 0xe
 1001 002e 3A       		.uleb128 0x3a
 1002 002f 0B       		.uleb128 0xb
 1003 0030 3B       		.uleb128 0x3b
 1004 0031 0B       		.uleb128 0xb
 1005 0032 49       		.uleb128 0x49
 1006 0033 13       		.uleb128 0x13
 1007 0034 00       		.byte	0
 1008 0035 00       		.byte	0
 1009 0036 05       		.uleb128 0x5
 1010 0037 13       		.uleb128 0x13
 1011 0038 01       		.byte	0x1
 1012 0039 03       		.uleb128 0x3
 1013 003a 0E       		.uleb128 0xe
 1014 003b 0B       		.uleb128 0xb
 1015 003c 0B       		.uleb128 0xb
 1016 003d 3A       		.uleb128 0x3a
 1017 003e 0B       		.uleb128 0xb
 1018 003f 3B       		.uleb128 0x3b
 1019 0040 0B       		.uleb128 0xb
 1020 0041 01       		.uleb128 0x1
 1021 0042 13       		.uleb128 0x13
 1022 0043 00       		.byte	0
 1023 0044 00       		.byte	0
 1024 0045 06       		.uleb128 0x6
 1025 0046 0D       		.uleb128 0xd
 1026 0047 00       		.byte	0
 1027 0048 03       		.uleb128 0x3
 1028 0049 0E       		.uleb128 0xe
 1029 004a 3A       		.uleb128 0x3a
 1030 004b 0B       		.uleb128 0xb
 1031 004c 3B       		.uleb128 0x3b
 1032 004d 0B       		.uleb128 0xb
 1033 004e 49       		.uleb128 0x49
 1034 004f 13       		.uleb128 0x13
 1035 0050 38       		.uleb128 0x38
 1036 0051 0B       		.uleb128 0xb
 1037 0052 00       		.byte	0
 1038 0053 00       		.byte	0
 1039 0054 07       		.uleb128 0x7
 1040 0055 0D       		.uleb128 0xd
 1041 0056 00       		.byte	0
 1042 0057 03       		.uleb128 0x3
 1043 0058 08       		.uleb128 0x8
 1044 0059 3A       		.uleb128 0x3a
 1045 005a 0B       		.uleb128 0xb
 1046 005b 3B       		.uleb128 0x3b
 1047 005c 0B       		.uleb128 0xb
GAS LISTING /tmp/ccRbzduY.s 			page 22


 1048 005d 49       		.uleb128 0x49
 1049 005e 13       		.uleb128 0x13
 1050 005f 38       		.uleb128 0x38
 1051 0060 0B       		.uleb128 0xb
 1052 0061 00       		.byte	0
 1053 0062 00       		.byte	0
 1054 0063 08       		.uleb128 0x8
 1055 0064 13       		.uleb128 0x13
 1056 0065 01       		.byte	0x1
 1057 0066 0B       		.uleb128 0xb
 1058 0067 0B       		.uleb128 0xb
 1059 0068 3A       		.uleb128 0x3a
 1060 0069 0B       		.uleb128 0xb
 1061 006a 3B       		.uleb128 0x3b
 1062 006b 0B       		.uleb128 0xb
 1063 006c 01       		.uleb128 0x1
 1064 006d 13       		.uleb128 0x13
 1065 006e 00       		.byte	0
 1066 006f 00       		.byte	0
 1067 0070 09       		.uleb128 0x9
 1068 0071 0F       		.uleb128 0xf
 1069 0072 00       		.byte	0
 1070 0073 0B       		.uleb128 0xb
 1071 0074 0B       		.uleb128 0xb
 1072 0075 49       		.uleb128 0x49
 1073 0076 13       		.uleb128 0x13
 1074 0077 00       		.byte	0
 1075 0078 00       		.byte	0
 1076 0079 0A       		.uleb128 0xa
 1077 007a 0F       		.uleb128 0xf
 1078 007b 00       		.byte	0
 1079 007c 0B       		.uleb128 0xb
 1080 007d 0B       		.uleb128 0xb
 1081 007e 00       		.byte	0
 1082 007f 00       		.byte	0
 1083 0080 0B       		.uleb128 0xb
 1084 0081 35       		.uleb128 0x35
 1085 0082 00       		.byte	0
 1086 0083 49       		.uleb128 0x49
 1087 0084 13       		.uleb128 0x13
 1088 0085 00       		.byte	0
 1089 0086 00       		.byte	0
 1090 0087 0C       		.uleb128 0xc
 1091 0088 17       		.uleb128 0x17
 1092 0089 01       		.byte	0x1
 1093 008a 0B       		.uleb128 0xb
 1094 008b 0B       		.uleb128 0xb
 1095 008c 3A       		.uleb128 0x3a
 1096 008d 0B       		.uleb128 0xb
 1097 008e 3B       		.uleb128 0x3b
 1098 008f 0B       		.uleb128 0xb
 1099 0090 01       		.uleb128 0x1
 1100 0091 13       		.uleb128 0x13
 1101 0092 00       		.byte	0
 1102 0093 00       		.byte	0
 1103 0094 0D       		.uleb128 0xd
 1104 0095 0D       		.uleb128 0xd
GAS LISTING /tmp/ccRbzduY.s 			page 23


 1105 0096 00       		.byte	0
 1106 0097 03       		.uleb128 0x3
 1107 0098 0E       		.uleb128 0xe
 1108 0099 3A       		.uleb128 0x3a
 1109 009a 0B       		.uleb128 0xb
 1110 009b 3B       		.uleb128 0x3b
 1111 009c 0B       		.uleb128 0xb
 1112 009d 49       		.uleb128 0x49
 1113 009e 13       		.uleb128 0x13
 1114 009f 00       		.byte	0
 1115 00a0 00       		.byte	0
 1116 00a1 0E       		.uleb128 0xe
 1117 00a2 26       		.uleb128 0x26
 1118 00a3 00       		.byte	0
 1119 00a4 49       		.uleb128 0x49
 1120 00a5 13       		.uleb128 0x13
 1121 00a6 00       		.byte	0
 1122 00a7 00       		.byte	0
 1123 00a8 0F       		.uleb128 0xf
 1124 00a9 2E       		.uleb128 0x2e
 1125 00aa 01       		.byte	0x1
 1126 00ab 03       		.uleb128 0x3
 1127 00ac 0E       		.uleb128 0xe
 1128 00ad 3A       		.uleb128 0x3a
 1129 00ae 0B       		.uleb128 0xb
 1130 00af 3B       		.uleb128 0x3b
 1131 00b0 0B       		.uleb128 0xb
 1132 00b1 27       		.uleb128 0x27
 1133 00b2 19       		.uleb128 0x19
 1134 00b3 20       		.uleb128 0x20
 1135 00b4 0B       		.uleb128 0xb
 1136 00b5 01       		.uleb128 0x1
 1137 00b6 13       		.uleb128 0x13
 1138 00b7 00       		.byte	0
 1139 00b8 00       		.byte	0
 1140 00b9 10       		.uleb128 0x10
 1141 00ba 05       		.uleb128 0x5
 1142 00bb 00       		.byte	0
 1143 00bc 03       		.uleb128 0x3
 1144 00bd 08       		.uleb128 0x8
 1145 00be 3A       		.uleb128 0x3a
 1146 00bf 0B       		.uleb128 0xb
 1147 00c0 3B       		.uleb128 0x3b
 1148 00c1 0B       		.uleb128 0xb
 1149 00c2 49       		.uleb128 0x49
 1150 00c3 13       		.uleb128 0x13
 1151 00c4 00       		.byte	0
 1152 00c5 00       		.byte	0
 1153 00c6 11       		.uleb128 0x11
 1154 00c7 2E       		.uleb128 0x2e
 1155 00c8 01       		.byte	0x1
 1156 00c9 03       		.uleb128 0x3
 1157 00ca 0E       		.uleb128 0xe
 1158 00cb 3A       		.uleb128 0x3a
 1159 00cc 0B       		.uleb128 0xb
 1160 00cd 3B       		.uleb128 0x3b
 1161 00ce 0B       		.uleb128 0xb
GAS LISTING /tmp/ccRbzduY.s 			page 24


 1162 00cf 27       		.uleb128 0x27
 1163 00d0 19       		.uleb128 0x19
 1164 00d1 49       		.uleb128 0x49
 1165 00d2 13       		.uleb128 0x13
 1166 00d3 20       		.uleb128 0x20
 1167 00d4 0B       		.uleb128 0xb
 1168 00d5 01       		.uleb128 0x1
 1169 00d6 13       		.uleb128 0x13
 1170 00d7 00       		.byte	0
 1171 00d8 00       		.byte	0
 1172 00d9 12       		.uleb128 0x12
 1173 00da 34       		.uleb128 0x34
 1174 00db 00       		.byte	0
 1175 00dc 03       		.uleb128 0x3
 1176 00dd 08       		.uleb128 0x8
 1177 00de 3A       		.uleb128 0x3a
 1178 00df 0B       		.uleb128 0xb
 1179 00e0 3B       		.uleb128 0x3b
 1180 00e1 0B       		.uleb128 0xb
 1181 00e2 49       		.uleb128 0x49
 1182 00e3 13       		.uleb128 0x13
 1183 00e4 00       		.byte	0
 1184 00e5 00       		.byte	0
 1185 00e6 13       		.uleb128 0x13
 1186 00e7 2E       		.uleb128 0x2e
 1187 00e8 01       		.byte	0x1
 1188 00e9 3F       		.uleb128 0x3f
 1189 00ea 19       		.uleb128 0x19
 1190 00eb 03       		.uleb128 0x3
 1191 00ec 0E       		.uleb128 0xe
 1192 00ed 3A       		.uleb128 0x3a
 1193 00ee 0B       		.uleb128 0xb
 1194 00ef 3B       		.uleb128 0x3b
 1195 00f0 0B       		.uleb128 0xb
 1196 00f1 27       		.uleb128 0x27
 1197 00f2 19       		.uleb128 0x19
 1198 00f3 49       		.uleb128 0x49
 1199 00f4 13       		.uleb128 0x13
 1200 00f5 11       		.uleb128 0x11
 1201 00f6 01       		.uleb128 0x1
 1202 00f7 12       		.uleb128 0x12
 1203 00f8 06       		.uleb128 0x6
 1204 00f9 40       		.uleb128 0x40
 1205 00fa 18       		.uleb128 0x18
 1206 00fb 9742     		.uleb128 0x2117
 1207 00fd 19       		.uleb128 0x19
 1208 00fe 01       		.uleb128 0x1
 1209 00ff 13       		.uleb128 0x13
 1210 0100 00       		.byte	0
 1211 0101 00       		.byte	0
 1212 0102 14       		.uleb128 0x14
 1213 0103 05       		.uleb128 0x5
 1214 0104 00       		.byte	0
 1215 0105 03       		.uleb128 0x3
 1216 0106 08       		.uleb128 0x8
 1217 0107 3A       		.uleb128 0x3a
 1218 0108 0B       		.uleb128 0xb
GAS LISTING /tmp/ccRbzduY.s 			page 25


 1219 0109 3B       		.uleb128 0x3b
 1220 010a 0B       		.uleb128 0xb
 1221 010b 49       		.uleb128 0x49
 1222 010c 13       		.uleb128 0x13
 1223 010d 02       		.uleb128 0x2
 1224 010e 18       		.uleb128 0x18
 1225 010f 00       		.byte	0
 1226 0110 00       		.byte	0
 1227 0111 15       		.uleb128 0x15
 1228 0112 05       		.uleb128 0x5
 1229 0113 00       		.byte	0
 1230 0114 03       		.uleb128 0x3
 1231 0115 08       		.uleb128 0x8
 1232 0116 3A       		.uleb128 0x3a
 1233 0117 0B       		.uleb128 0xb
 1234 0118 3B       		.uleb128 0x3b
 1235 0119 0B       		.uleb128 0xb
 1236 011a 49       		.uleb128 0x49
 1237 011b 13       		.uleb128 0x13
 1238 011c 02       		.uleb128 0x2
 1239 011d 17       		.uleb128 0x17
 1240 011e 00       		.byte	0
 1241 011f 00       		.byte	0
 1242 0120 16       		.uleb128 0x16
 1243 0121 34       		.uleb128 0x34
 1244 0122 00       		.byte	0
 1245 0123 03       		.uleb128 0x3
 1246 0124 08       		.uleb128 0x8
 1247 0125 3A       		.uleb128 0x3a
 1248 0126 0B       		.uleb128 0xb
 1249 0127 3B       		.uleb128 0x3b
 1250 0128 0B       		.uleb128 0xb
 1251 0129 49       		.uleb128 0x49
 1252 012a 13       		.uleb128 0x13
 1253 012b 02       		.uleb128 0x2
 1254 012c 17       		.uleb128 0x17
 1255 012d 00       		.byte	0
 1256 012e 00       		.byte	0
 1257 012f 17       		.uleb128 0x17
 1258 0130 1D       		.uleb128 0x1d
 1259 0131 01       		.byte	0x1
 1260 0132 31       		.uleb128 0x31
 1261 0133 13       		.uleb128 0x13
 1262 0134 11       		.uleb128 0x11
 1263 0135 01       		.uleb128 0x1
 1264 0136 12       		.uleb128 0x12
 1265 0137 06       		.uleb128 0x6
 1266 0138 58       		.uleb128 0x58
 1267 0139 0B       		.uleb128 0xb
 1268 013a 59       		.uleb128 0x59
 1269 013b 0B       		.uleb128 0xb
 1270 013c 01       		.uleb128 0x1
 1271 013d 13       		.uleb128 0x13
 1272 013e 00       		.byte	0
 1273 013f 00       		.byte	0
 1274 0140 18       		.uleb128 0x18
 1275 0141 05       		.uleb128 0x5
GAS LISTING /tmp/ccRbzduY.s 			page 26


 1276 0142 00       		.byte	0
 1277 0143 31       		.uleb128 0x31
 1278 0144 13       		.uleb128 0x13
 1279 0145 02       		.uleb128 0x2
 1280 0146 17       		.uleb128 0x17
 1281 0147 00       		.byte	0
 1282 0148 00       		.byte	0
 1283 0149 19       		.uleb128 0x19
 1284 014a 898201   		.uleb128 0x4109
 1285 014d 01       		.byte	0x1
 1286 014e 11       		.uleb128 0x11
 1287 014f 01       		.uleb128 0x1
 1288 0150 31       		.uleb128 0x31
 1289 0151 13       		.uleb128 0x13
 1290 0152 01       		.uleb128 0x1
 1291 0153 13       		.uleb128 0x13
 1292 0154 00       		.byte	0
 1293 0155 00       		.byte	0
 1294 0156 1A       		.uleb128 0x1a
 1295 0157 8A8201   		.uleb128 0x410a
 1296 015a 00       		.byte	0
 1297 015b 02       		.uleb128 0x2
 1298 015c 18       		.uleb128 0x18
 1299 015d 9142     		.uleb128 0x2111
 1300 015f 18       		.uleb128 0x18
 1301 0160 00       		.byte	0
 1302 0161 00       		.byte	0
 1303 0162 1B       		.uleb128 0x1b
 1304 0163 898201   		.uleb128 0x4109
 1305 0166 01       		.byte	0x1
 1306 0167 11       		.uleb128 0x11
 1307 0168 01       		.uleb128 0x1
 1308 0169 31       		.uleb128 0x31
 1309 016a 13       		.uleb128 0x13
 1310 016b 00       		.byte	0
 1311 016c 00       		.byte	0
 1312 016d 1C       		.uleb128 0x1c
 1313 016e 0B       		.uleb128 0xb
 1314 016f 01       		.byte	0x1
 1315 0170 11       		.uleb128 0x11
 1316 0171 01       		.uleb128 0x1
 1317 0172 12       		.uleb128 0x12
 1318 0173 06       		.uleb128 0x6
 1319 0174 00       		.byte	0
 1320 0175 00       		.byte	0
 1321 0176 1D       		.uleb128 0x1d
 1322 0177 34       		.uleb128 0x34
 1323 0178 00       		.byte	0
 1324 0179 31       		.uleb128 0x31
 1325 017a 13       		.uleb128 0x13
 1326 017b 02       		.uleb128 0x2
 1327 017c 17       		.uleb128 0x17
 1328 017d 00       		.byte	0
 1329 017e 00       		.byte	0
 1330 017f 1E       		.uleb128 0x1e
 1331 0180 2E       		.uleb128 0x2e
 1332 0181 01       		.byte	0x1
GAS LISTING /tmp/ccRbzduY.s 			page 27


 1333 0182 3F       		.uleb128 0x3f
 1334 0183 19       		.uleb128 0x19
 1335 0184 03       		.uleb128 0x3
 1336 0185 0E       		.uleb128 0xe
 1337 0186 3A       		.uleb128 0x3a
 1338 0187 0B       		.uleb128 0xb
 1339 0188 3B       		.uleb128 0x3b
 1340 0189 0B       		.uleb128 0xb
 1341 018a 27       		.uleb128 0x27
 1342 018b 19       		.uleb128 0x19
 1343 018c 11       		.uleb128 0x11
 1344 018d 01       		.uleb128 0x1
 1345 018e 12       		.uleb128 0x12
 1346 018f 06       		.uleb128 0x6
 1347 0190 40       		.uleb128 0x40
 1348 0191 18       		.uleb128 0x18
 1349 0192 9742     		.uleb128 0x2117
 1350 0194 19       		.uleb128 0x19
 1351 0195 01       		.uleb128 0x1
 1352 0196 13       		.uleb128 0x13
 1353 0197 00       		.byte	0
 1354 0198 00       		.byte	0
 1355 0199 1F       		.uleb128 0x1f
 1356 019a 34       		.uleb128 0x34
 1357 019b 00       		.byte	0
 1358 019c 03       		.uleb128 0x3
 1359 019d 0E       		.uleb128 0xe
 1360 019e 3A       		.uleb128 0x3a
 1361 019f 0B       		.uleb128 0xb
 1362 01a0 3B       		.uleb128 0x3b
 1363 01a1 0B       		.uleb128 0xb
 1364 01a2 49       		.uleb128 0x49
 1365 01a3 13       		.uleb128 0x13
 1366 01a4 3F       		.uleb128 0x3f
 1367 01a5 19       		.uleb128 0x19
 1368 01a6 3C       		.uleb128 0x3c
 1369 01a7 19       		.uleb128 0x19
 1370 01a8 00       		.byte	0
 1371 01a9 00       		.byte	0
 1372 01aa 20       		.uleb128 0x20
 1373 01ab 2E       		.uleb128 0x2e
 1374 01ac 01       		.byte	0x1
 1375 01ad 3F       		.uleb128 0x3f
 1376 01ae 19       		.uleb128 0x19
 1377 01af 03       		.uleb128 0x3
 1378 01b0 0E       		.uleb128 0xe
 1379 01b1 3A       		.uleb128 0x3a
 1380 01b2 0B       		.uleb128 0xb
 1381 01b3 3B       		.uleb128 0x3b
 1382 01b4 0B       		.uleb128 0xb
 1383 01b5 27       		.uleb128 0x27
 1384 01b6 19       		.uleb128 0x19
 1385 01b7 3C       		.uleb128 0x3c
 1386 01b8 19       		.uleb128 0x19
 1387 01b9 01       		.uleb128 0x1
 1388 01ba 13       		.uleb128 0x13
 1389 01bb 00       		.byte	0
GAS LISTING /tmp/ccRbzduY.s 			page 28


 1390 01bc 00       		.byte	0
 1391 01bd 21       		.uleb128 0x21
 1392 01be 05       		.uleb128 0x5
 1393 01bf 00       		.byte	0
 1394 01c0 49       		.uleb128 0x49
 1395 01c1 13       		.uleb128 0x13
 1396 01c2 00       		.byte	0
 1397 01c3 00       		.byte	0
 1398 01c4 22       		.uleb128 0x22
 1399 01c5 2E       		.uleb128 0x2e
 1400 01c6 01       		.byte	0x1
 1401 01c7 3F       		.uleb128 0x3f
 1402 01c8 19       		.uleb128 0x19
 1403 01c9 03       		.uleb128 0x3
 1404 01ca 0E       		.uleb128 0xe
 1405 01cb 3A       		.uleb128 0x3a
 1406 01cc 0B       		.uleb128 0xb
 1407 01cd 3B       		.uleb128 0x3b
 1408 01ce 0B       		.uleb128 0xb
 1409 01cf 27       		.uleb128 0x27
 1410 01d0 19       		.uleb128 0x19
 1411 01d1 49       		.uleb128 0x49
 1412 01d2 13       		.uleb128 0x13
 1413 01d3 3C       		.uleb128 0x3c
 1414 01d4 19       		.uleb128 0x19
 1415 01d5 01       		.uleb128 0x1
 1416 01d6 13       		.uleb128 0x13
 1417 01d7 00       		.byte	0
 1418 01d8 00       		.byte	0
 1419 01d9 23       		.uleb128 0x23
 1420 01da 2E       		.uleb128 0x2e
 1421 01db 01       		.byte	0x1
 1422 01dc 3F       		.uleb128 0x3f
 1423 01dd 19       		.uleb128 0x19
 1424 01de 03       		.uleb128 0x3
 1425 01df 0E       		.uleb128 0xe
 1426 01e0 3A       		.uleb128 0x3a
 1427 01e1 0B       		.uleb128 0xb
 1428 01e2 3B       		.uleb128 0x3b
 1429 01e3 0B       		.uleb128 0xb
 1430 01e4 27       		.uleb128 0x27
 1431 01e5 19       		.uleb128 0x19
 1432 01e6 3C       		.uleb128 0x3c
 1433 01e7 19       		.uleb128 0x19
 1434 01e8 00       		.byte	0
 1435 01e9 00       		.byte	0
 1436 01ea 00       		.byte	0
 1437              		.section	.debug_loc,"",@progbits
 1438              	.Ldebug_loc0:
 1439              	.LLST0:
 1440 0000 00000000 		.long	.LVL0-.Ltext0
 1441 0004 3B000000 		.long	.LVL6-.Ltext0
 1442 0008 0200     		.value	0x2
 1443 000a 91       		.byte	0x91
 1444 000b 04       		.sleb128 4
 1445 000c 3B000000 		.long	.LVL6-.Ltext0
 1446 0010 43000000 		.long	.LVL7-.Ltext0
GAS LISTING /tmp/ccRbzduY.s 			page 29


 1447 0014 0200     		.value	0x2
 1448 0016 73       		.byte	0x73
 1449 0017 24       		.sleb128 36
 1450 0018 43000000 		.long	.LVL7-.Ltext0
 1451 001c 44000000 		.long	.LVL8-.Ltext0
 1452 0020 0100     		.value	0x1
 1453 0022 50       		.byte	0x50
 1454 0023 44000000 		.long	.LVL8-.Ltext0
 1455 0027 52000000 		.long	.LFE7-.Ltext0
 1456 002b 0200     		.value	0x2
 1457 002d 91       		.byte	0x91
 1458 002e 04       		.sleb128 4
 1459 002f 00000000 		.long	0
 1460 0033 00000000 		.long	0
 1461              	.LLST1:
 1462 0037 0A000000 		.long	.LVL1-.Ltext0
 1463 003b 43000000 		.long	.LVL7-.Ltext0
 1464 003f 0100     		.value	0x1
 1465 0041 53       		.byte	0x53
 1466 0042 44000000 		.long	.LVL8-.Ltext0
 1467 0046 52000000 		.long	.LFE7-.Ltext0
 1468 004a 0100     		.value	0x1
 1469 004c 53       		.byte	0x53
 1470 004d 00000000 		.long	0
 1471 0051 00000000 		.long	0
 1472              	.LLST2:
 1473 0055 20000000 		.long	.LVL2-.Ltext0
 1474 0059 25000000 		.long	.LVL3-.Ltext0
 1475 005d 0100     		.value	0x1
 1476 005f 52       		.byte	0x52
 1477 0060 25000000 		.long	.LVL3-.Ltext0
 1478 0064 2D000000 		.long	.LVL4-.Ltext0
 1479 0068 0200     		.value	0x2
 1480 006a 73       		.byte	0x73
 1481 006b 00       		.sleb128 0
 1482 006c 2D000000 		.long	.LVL4-.Ltext0
 1483 0070 2F000000 		.long	.LVL5-.Ltext0
 1484 0074 0300     		.value	0x3
 1485 0076 70       		.byte	0x70
 1486 0077 2C       		.sleb128 44
 1487 0078 9F       		.byte	0x9f
 1488 0079 2F000000 		.long	.LVL5-.Ltext0
 1489 007d 44000000 		.long	.LVL8-.Ltext0
 1490 0081 0600     		.value	0x6
 1491 0083 91       		.byte	0x91
 1492 0084 00       		.sleb128 0
 1493 0085 06       		.byte	0x6
 1494 0086 23       		.byte	0x23
 1495 0087 2C       		.uleb128 0x2c
 1496 0088 9F       		.byte	0x9f
 1497 0089 44000000 		.long	.LVL8-.Ltext0
 1498 008d 4F000000 		.long	.LVL9-1-.Ltext0
 1499 0091 0300     		.value	0x3
 1500 0093 70       		.byte	0x70
 1501 0094 2C       		.sleb128 44
 1502 0095 9F       		.byte	0x9f
 1503 0096 4F000000 		.long	.LVL9-1-.Ltext0
GAS LISTING /tmp/ccRbzduY.s 			page 30


 1504 009a 52000000 		.long	.LFE7-.Ltext0
 1505 009e 0600     		.value	0x6
 1506 00a0 91       		.byte	0x91
 1507 00a1 00       		.sleb128 0
 1508 00a2 06       		.byte	0x6
 1509 00a3 23       		.byte	0x23
 1510 00a4 2C       		.uleb128 0x2c
 1511 00a5 9F       		.byte	0x9f
 1512 00a6 00000000 		.long	0
 1513 00aa 00000000 		.long	0
 1514              	.LLST3:
 1515 00ae 20000000 		.long	.LVL2-.Ltext0
 1516 00b2 43000000 		.long	.LVL7-.Ltext0
 1517 00b6 0100     		.value	0x1
 1518 00b8 53       		.byte	0x53
 1519 00b9 44000000 		.long	.LVL8-.Ltext0
 1520 00bd 52000000 		.long	.LFE7-.Ltext0
 1521 00c1 0100     		.value	0x1
 1522 00c3 53       		.byte	0x53
 1523 00c4 00000000 		.long	0
 1524 00c8 00000000 		.long	0
 1525              	.LLST4:
 1526 00cc 75000000 		.long	.LVL10-.Ltext0
 1527 00d0 87000000 		.long	.LVL11-.Ltext0
 1528 00d4 0100     		.value	0x1
 1529 00d6 51       		.byte	0x51
 1530 00d7 00000000 		.long	0
 1531 00db 00000000 		.long	0
 1532              	.LLST5:
 1533 00df 75000000 		.long	.LVL10-.Ltext0
 1534 00e3 87000000 		.long	.LVL11-.Ltext0
 1535 00e7 0100     		.value	0x1
 1536 00e9 50       		.byte	0x50
 1537 00ea 00000000 		.long	0
 1538 00ee 00000000 		.long	0
 1539              		.section	.debug_aranges,"",@progbits
 1540 0000 1C000000 		.long	0x1c
 1541 0004 0200     		.value	0x2
 1542 0006 00000000 		.long	.Ldebug_info0
 1543 000a 04       		.byte	0x4
 1544 000b 00       		.byte	0
 1545 000c 0000     		.value	0
 1546 000e 0000     		.value	0
 1547 0010 00000000 		.long	.Ltext0
 1548 0014 CD000000 		.long	.Letext0-.Ltext0
 1549 0018 00000000 		.long	0
 1550 001c 00000000 		.long	0
 1551              		.section	.debug_line,"",@progbits
 1552              	.Ldebug_line0:
 1553 0000 2C010000 		.section	.debug_str,"MS",@progbits,1
 1553      0200E100 
 1553      00000101 
 1553      FB0E0D00 
 1553      01010101 
 1554              	.LASF35:
 1555 0000 705F6D73 		.string	"p_msg"
 1555      6700
GAS LISTING /tmp/ccRbzduY.s 			page 31


 1556              	.LASF56:
 1557 0006 6D5F6E65 		.string	"m_next"
 1557      787400
 1558              	.LASF67:
 1559 000d 71756575 		.string	"queue_insert"
 1559      655F696E 
 1559      73657274 
 1559      00
 1560              	.LASF57:
 1561 001a 7264796D 		.string	"rdymsg"
 1561      736700
 1562              	.LASF10:
 1563 0021 6C6F6E67 		.string	"long long unsigned int"
 1563      206C6F6E 
 1563      6720756E 
 1563      7369676E 
 1563      65642069 
 1564              	.LASF58:
 1565 0038 65786974 		.string	"exitcode"
 1565      636F6465 
 1565      00
 1566              	.LASF23:
 1567 0041 705F7072 		.string	"p_prio"
 1567      696F00
 1568              	.LASF4:
 1569 0048 6C6F6E67 		.string	"long long int"
 1569      206C6F6E 
 1569      6720696E 
 1569      7400
 1570              	.LASF2:
 1571 0056 7369676E 		.string	"signed char"
 1571      65642063 
 1571      68617200 
 1572              	.LASF39:
 1573 0062 705F6D70 		.string	"p_mpool"
 1573      6F6F6C00 
 1574              	.LASF54:
 1575 006a 6D5F7175 		.string	"m_queue"
 1575      65756500 
 1576              	.LASF66:
 1577 0072 2F686F6D 		.string	"/home/tony/ChibiOS-RT/testhal/Posix/EXT"
 1577      652F746F 
 1577      6E792F43 
 1577      68696269 
 1577      4F532D52 
 1578              	.LASF15:
 1579 009a 74736C69 		.string	"tslices_t"
 1579      6365735F 
 1579      7400
 1580              	.LASF1:
 1581 00a4 6C6F6E67 		.string	"long int"
 1581      20696E74 
 1581      00
 1582              	.LASF65:
 1583 00ad 2E2E2F2E 		.string	"../../../os/kernel/src/chmsg.c"
 1583      2E2F2E2E 
 1583      2F6F732F 
GAS LISTING /tmp/ccRbzduY.s 			page 32


 1583      6B65726E 
 1583      656C2F73 
 1584              	.LASF62:
 1585 00cc 63684D73 		.string	"chMsgSend"
 1585      6753656E 
 1585      6400
 1586              	.LASF13:
 1587 00d6 74737461 		.string	"tstate_t"
 1587      74655F74 
 1587      00
 1588              	.LASF25:
 1589 00df 705F6E65 		.string	"p_newer"
 1589      77657200 
 1590              	.LASF49:
 1591 00e7 725F6E65 		.string	"r_newer"
 1591      77657200 
 1592              	.LASF0:
 1593 00ef 756E7369 		.string	"unsigned int"
 1593      676E6564 
 1593      20696E74 
 1593      00
 1594              	.LASF34:
 1595 00fc 705F6D73 		.string	"p_msgqueue"
 1595      67717565 
 1595      756500
 1596              	.LASF45:
 1597 0107 636F6E74 		.string	"context"
 1597      65787400 
 1598              	.LASF8:
 1599 010f 73686F72 		.string	"short unsigned int"
 1599      7420756E 
 1599      7369676E 
 1599      65642069 
 1599      6E7400
 1600              	.LASF17:
 1601 0122 6D73675F 		.string	"msg_t"
 1601      7400
 1602              	.LASF12:
 1603 0128 746D6F64 		.string	"tmode_t"
 1603      655F7400 
 1604              	.LASF41:
 1605 0130 54687265 		.string	"ThreadsList"
 1605      6164734C 
 1605      69737400 
 1606              	.LASF18:
 1607 013c 6576656E 		.string	"eventmask_t"
 1607      746D6173 
 1607      6B5F7400 
 1608              	.LASF53:
 1609 0148 4D757465 		.string	"Mutex"
 1609      7800
 1610              	.LASF42:
 1611 014e 73697A65 		.string	"sizetype"
 1611      74797065 
 1611      00
 1612              	.LASF26:
 1613 0157 705F6F6C 		.string	"p_older"
GAS LISTING /tmp/ccRbzduY.s 			page 33


 1613      64657200 
 1614              	.LASF48:
 1615 015f 725F6374 		.string	"r_ctx"
 1615      7800
 1616              	.LASF40:
 1617 0165 54687265 		.string	"ThreadsQueue"
 1617      61647351 
 1617      75657565 
 1617      00
 1618              	.LASF51:
 1619 0172 725F6375 		.string	"r_current"
 1619      7272656E 
 1619      7400
 1620              	.LASF50:
 1621 017c 725F6F6C 		.string	"r_older"
 1621      64657200 
 1622              	.LASF14:
 1623 0184 74726566 		.string	"trefs_t"
 1623      735F7400 
 1624              	.LASF22:
 1625 018c 705F7072 		.string	"p_prev"
 1625      657600
 1626              	.LASF16:
 1627 0193 74707269 		.string	"tprio_t"
 1627      6F5F7400 
 1628              	.LASF11:
 1629 019b 5F426F6F 		.string	"_Bool"
 1629      6C00
 1630              	.LASF5:
 1631 01a1 696E7433 		.string	"int32_t"
 1631      325F7400 
 1632              	.LASF7:
 1633 01a9 756E7369 		.string	"unsigned char"
 1633      676E6564 
 1633      20636861 
 1633      7200
 1634              	.LASF64:
 1635 01b7 474E5520 		.string	"GNU C 4.8.2 -m32 -mtune=generic -march=i686 -ggdb -O2 -fomit-frame-pointer -fstack-protec
 1635      4320342E 
 1635      382E3220 
 1635      2D6D3332 
 1635      202D6D74 
 1636              	.LASF37:
 1637 0214 705F6D74 		.string	"p_mtxlist"
 1637      786C6973 
 1637      7400
 1638              	.LASF3:
 1639 021e 73686F72 		.string	"short int"
 1639      7420696E 
 1639      7400
 1640              	.LASF28:
 1641 0228 705F7374 		.string	"p_state"
 1641      61746500 
 1642              	.LASF31:
 1643 0230 705F7072 		.string	"p_preempt"
 1643      65656D70 
 1643      7400
GAS LISTING /tmp/ccRbzduY.s 			page 34


 1644              	.LASF47:
 1645 023a 725F7072 		.string	"r_prio"
 1645      696F00
 1646              	.LASF60:
 1647 0241 65776D61 		.string	"ewmask"
 1647      736B00
 1648              	.LASF21:
 1649 0248 705F6E65 		.string	"p_next"
 1649      787400
 1650              	.LASF29:
 1651 024f 705F666C 		.string	"p_flags"
 1651      61677300 
 1652              	.LASF20:
 1653 0257 54687265 		.string	"Thread"
 1653      616400
 1654              	.LASF69:
 1655 025e 63684D73 		.string	"chMsgRelease"
 1655      6752656C 
 1655      65617365 
 1655      00
 1656              	.LASF71:
 1657 026b 63685363 		.string	"chSchGoSleepS"
 1657      68476F53 
 1657      6C656570 
 1657      5300
 1658              	.LASF36:
 1659 0279 705F6570 		.string	"p_epending"
 1659      656E6469 
 1659      6E6700
 1660              	.LASF9:
 1661 0284 75696E74 		.string	"uint32_t"
 1661      33325F74 
 1661      00
 1662              	.LASF46:
 1663 028d 725F7175 		.string	"r_queue"
 1663      65756500 
 1664              	.LASF72:
 1665 0295 63685363 		.string	"chSchReadyI"
 1665      68526561 
 1665      64794900 
 1666              	.LASF61:
 1667 02a1 63686172 		.string	"char"
 1667      00
 1668              	.LASF68:
 1669 02a6 6669666F 		.string	"fifo_remove"
 1669      5F72656D 
 1669      6F766500 
 1670              	.LASF19:
 1671 02b2 73797374 		.string	"systime_t"
 1671      696D655F 
 1671      7400
 1672              	.LASF38:
 1673 02bc 705F7265 		.string	"p_realprio"
 1673      616C7072 
 1673      696F00
 1674              	.LASF32:
 1675 02c7 705F7469 		.string	"p_time"
GAS LISTING /tmp/ccRbzduY.s 			page 35


 1675      6D6500
 1676              	.LASF44:
 1677 02ce 696E7463 		.string	"intctx"
 1677      747800
 1678              	.LASF73:
 1679 02d5 63685363 		.string	"chSchWakeupS"
 1679      6857616B 
 1679      65757053 
 1679      00
 1680              	.LASF63:
 1681 02e2 63684D73 		.string	"chMsgWait"
 1681      67576169 
 1681      7400
 1682              	.LASF30:
 1683 02ec 705F7265 		.string	"p_refs"
 1683      667300
 1684              	.LASF52:
 1685 02f3 52656164 		.string	"ReadyList"
 1685      794C6973 
 1685      7400
 1686              	.LASF70:
 1687 02fd 726C6973 		.string	"rlist"
 1687      7400
 1688              	.LASF6:
 1689 0303 75696E74 		.string	"uint8_t"
 1689      385F7400 
 1690              	.LASF59:
 1691 030b 77746F62 		.string	"wtobjp"
 1691      6A7000
 1692              	.LASF27:
 1693 0312 705F6E61 		.string	"p_name"
 1693      6D6500
 1694              	.LASF43:
 1695 0319 72656778 		.string	"regx86"
 1695      383600
 1696              	.LASF55:
 1697 0320 6D5F6F77 		.string	"m_owner"
 1697      6E657200 
 1698              	.LASF24:
 1699 0328 705F6374 		.string	"p_ctx"
 1699      7800
 1700              	.LASF33:
 1701 032e 705F7761 		.string	"p_waiting"
 1701      6974696E 
 1701      6700
 1702              		.ident	"GCC: (Ubuntu 4.8.2-19ubuntu1) 4.8.2"
 1703              		.section	.note.GNU-stack,"",@progbits
GAS LISTING /tmp/ccRbzduY.s 			page 36


DEFINED SYMBOLS
                            *ABS*:0000000000000000 chmsg.c
     /tmp/ccRbzduY.s:60     .text:0000000000000000 chMsgSend
     /tmp/ccRbzduY.s:148    .text:0000000000000060 chMsgWait
     /tmp/ccRbzduY.s:214    .text:00000000000000b0 chMsgRelease

UNDEFINED SYMBOLS
rlist
chSchGoSleepS
chSchReadyI
chSchWakeupS
