GAS LISTING /tmp/cc5uRzvw.s 			page 1


   1              		.file	"ext.c"
   2              	# GNU C (Ubuntu 4.8.2-19ubuntu1) version 4.8.2 (x86_64-linux-gnu)
   3              	#	compiled by GNU C version 4.8.2, GMP version 5.1.3, MPFR version 3.1.2-p3, MPC version 1.0.1
   4              	# GGC heuristics: --param ggc-min-expand=97 --param ggc-min-heapsize=126309
   5              	# options passed:  -I . -I ../../../os/ports/GCC/SIMIA32
   6              	# -I ../../../os/kernel/include -I ../../../test -I ../../../os/hal/include
   7              	# -I ../../../os/hal/platforms/Posix -I ../../../boards/simulator
   8              	# -I ../../../os/various -imultilib 32 -imultiarch i386-linux-gnu
   9              	# -MD ../../../os/hal/src/ext.d -MF .dep/ext.o.d -MP
  10              	# -MQ ../../../os/hal/src/ext.o -D SIMULATOR -D SHELL_USE_IPRINTF=FALSE
  11              	# ../../../os/hal/src/ext.c -m32 -mtune=generic -march=i686
  12              	# -auxbase-strip ../../../os/hal/src/ext.o -ggdb -O2 -Wall -Wextra
  13              	# -Wstrict-prototypes -fomit-frame-pointer -fverbose-asm -fstack-protector
  14              	# -Wformat -Wformat-security
  15              	# options enabled:  -faggressive-loop-optimizations
  16              	# -fasynchronous-unwind-tables -fauto-inc-dec -fbranch-count-reg
  17              	# -fcaller-saves -fcombine-stack-adjustments -fcommon -fcompare-elim
  18              	# -fcprop-registers -fcrossjumping -fcse-follow-jumps -fdefer-pop
  19              	# -fdelete-null-pointer-checks -fdevirtualize -fdwarf2-cfi-asm
  20              	# -fearly-inlining -feliminate-unused-debug-types -fexpensive-optimizations
  21              	# -fforward-propagate -ffunction-cse -fgcse -fgcse-lm -fgnu-runtime
  22              	# -fguess-branch-probability -fhoist-adjacent-loads -fident -fif-conversion
  23              	# -fif-conversion2 -findirect-inlining -finline -finline-atomics
  24              	# -finline-functions-called-once -finline-small-functions -fipa-cp
  25              	# -fipa-profile -fipa-pure-const -fipa-reference -fipa-sra
  26              	# -fira-hoist-pressure -fira-share-save-slots -fira-share-spill-slots
  27              	# -fivopts -fkeep-static-consts -fleading-underscore -fmath-errno
  28              	# -fmerge-constants -fmerge-debug-strings -fmove-loop-invariants
  29              	# -fomit-frame-pointer -foptimize-register-move -foptimize-sibling-calls
  30              	# -foptimize-strlen -fpartial-inlining -fpcc-struct-return -fpeephole
  31              	# -fpeephole2 -fprefetch-loop-arrays -free -fregmove -freorder-blocks
  32              	# -freorder-functions -frerun-cse-after-loop
  33              	# -fsched-critical-path-heuristic -fsched-dep-count-heuristic
  34              	# -fsched-group-heuristic -fsched-interblock -fsched-last-insn-heuristic
  35              	# -fsched-rank-heuristic -fsched-spec -fsched-spec-insn-heuristic
  36              	# -fsched-stalled-insns-dep -fschedule-insns2 -fshow-column -fshrink-wrap
  37              	# -fsigned-zeros -fsplit-ivs-in-unroller -fsplit-wide-types
  38              	# -fstack-protector -fstrict-aliasing -fstrict-overflow
  39              	# -fstrict-volatile-bitfields -fsync-libcalls -fthread-jumps
  40              	# -ftoplevel-reorder -ftrapping-math -ftree-bit-ccp -ftree-builtin-call-dce
  41              	# -ftree-ccp -ftree-ch -ftree-coalesce-vars -ftree-copy-prop
  42              	# -ftree-copyrename -ftree-cselim -ftree-dce -ftree-dominator-opts
  43              	# -ftree-dse -ftree-forwprop -ftree-fre -ftree-loop-if-convert
  44              	# -ftree-loop-im -ftree-loop-ivcanon -ftree-loop-optimize
  45              	# -ftree-parallelize-loops= -ftree-phiprop -ftree-pre -ftree-pta
  46              	# -ftree-reassoc -ftree-scev-cprop -ftree-sink -ftree-slp-vectorize
  47              	# -ftree-slsr -ftree-sra -ftree-switch-conversion -ftree-tail-merge
  48              	# -ftree-ter -ftree-vect-loop-version -ftree-vrp -funit-at-a-time
  49              	# -funwind-tables -fvar-tracking -fvar-tracking-assignments -fverbose-asm
  50              	# -fzero-initialized-in-bss -m32 -m80387 -m96bit-long-double
  51              	# -maccumulate-outgoing-args -malign-stringops -mfancy-math-387
  52              	# -mfp-ret-in-387 -mglibc -mieee-fp -mlong-double-80 -mno-red-zone
  53              	# -mno-sse4 -mpush-args -msahf -mtls-direct-seg-refs
  54              	
  55              		.text
  56              	.Ltext0:
  57              		.p2align 4,,15
GAS LISTING /tmp/cc5uRzvw.s 			page 2


  58              		.globl	extInit
  59              		.type	extInit, @function
  60              	extInit:
  61              	.LFB15:
  62              		.file 1 "../../../os/hal/src/ext.c"
  63              		.loc 1 68 0
  64              		.cfi_startproc
  65              		.loc 1 70 0
  66 0000 E9FCFFFF 		jmp	ext_lld_init	#
  66      FF
  67              	.LVL0:
  68              		.cfi_endproc
  69              	.LFE15:
  70              		.size	extInit, .-extInit
  71 0005 8D742600 		.p2align 4,,15
  71      8DBC2700 
  71      000000
  72              		.globl	extObjectInit
  73              		.type	extObjectInit, @function
  74              	extObjectInit:
  75              	.LFB16:
  76              		.loc 1 80 0
  77              		.cfi_startproc
  78              	.LVL1:
  79              		.loc 1 80 0
  80 0010 8B442404 		movl	4(%esp), %eax	# extp, extp
  81              		.loc 1 82 0
  82 0014 C7000100 		movl	$1, (%eax)	#, extp_2(D)->state
  82      0000
  83              		.loc 1 83 0
  84 001a C7400400 		movl	$0, 4(%eax)	#, extp_2(D)->config
  84      000000
  85 0021 C3       		ret
  86              		.cfi_endproc
  87              	.LFE16:
  88              		.size	extObjectInit, .-extObjectInit
  89 0022 8DB42600 		.p2align 4,,15
  89      0000008D 
  89      BC270000 
  89      0000
  90              		.globl	extStart
  91              		.type	extStart, @function
  92              	extStart:
  93              	.LFB17:
  94              		.loc 1 96 0
  95              		.cfi_startproc
  96              	.LVL2:
  97 0030 53       		pushl	%ebx	#
  98              		.cfi_def_cfa_offset 8
  99              		.cfi_offset 3, -8
 100 0031 83EC18   		subl	$24, %esp	#,
 101              		.cfi_def_cfa_offset 32
 102              		.loc 1 96 0
 103 0034 8B5C2420 		movl	32(%esp), %ebx	# extp, extp
 104              		.loc 1 100 0
 105              	#APP
 106              	# 100 "../../../os/hal/src/ext.c" 1
GAS LISTING /tmp/cc5uRzvw.s 			page 3


   1              	/*
   2              	    ChibiOS/RT - Copyright (C) 2006,2007,2008,2009,2010,
   3              	                 2011,2012,2013 Giovanni Di Sirio.
   4              	
   5              	    This file is part of ChibiOS/RT.
   6              	
   7              	    ChibiOS/RT is free software; you can redistribute it and/or modify
   8              	    it under the terms of the GNU General Public License as published by
   9              	    the Free Software Foundation; either version 3 of the License, or
  10              	    (at your option) any later version.
  11              	
  12              	    ChibiOS/RT is distributed in the hope that it will be useful,
  13              	    but WITHOUT ANY WARRANTY; without even the implied warranty of
  14              	    MERCHANTABILITY or FITNESS FOR A PARTICULAR PURPOSE.  See the
  15              	    GNU General Public License for more details.
  16              	
  17              	    You should have received a copy of the GNU General Public License
  18              	    along with this program.  If not, see <http://www.gnu.org/licenses/>.
  19              	
  20              	                                      ---
  21              	
  22              	    A special exception to the GPL can be applied should you wish to distribute
  23              	    a combined work that includes ChibiOS/RT, without being obliged to provide
  24              	    the source code for any proprietary components. See the file exception.txt
  25              	    for full details of how and when the exception can be applied.
  26              	*/
  27              	
  28              	/**
  29              	 * @file    ext.c
  30              	 * @brief   EXT Driver code.
  31              	 *
  32              	 * @addtogroup EXT
  33              	 * @{
  34              	 */
  35              	
  36              	#include "ch.h"
  37              	#include "hal.h"
  38              	
  39              	#if HAL_USE_EXT || defined(__DOXYGEN__)
  40              	
  41              	/*===========================================================================*/
  42              	/* Driver local definitions.                                                 */
  43              	/*===========================================================================*/
  44              	
  45              	/*===========================================================================*/
  46              	/* Driver exported variables.                                                */
  47              	/*===========================================================================*/
  48              	
  49              	/*===========================================================================*/
  50              	/* Driver local variables and types.                                         */
  51              	/*===========================================================================*/
  52              	
  53              	/*===========================================================================*/
  54              	/* Driver local functions.                                                   */
  55              	/*===========================================================================*/
  56              	
  57              	/*===========================================================================*/
GAS LISTING /tmp/cc5uRzvw.s 			page 4


  58              	/* Driver exported functions.                                                */
  59              	/*===========================================================================*/
  60              	
  61              	/**
  62              	 * @brief   EXT Driver initialization.
  63              	 * @note    This function is implicitly invoked by @p halInit(), there is
  64              	 *          no need to explicitly initialize the driver.
  65              	 *
  66              	 * @init
  67              	 */
  68              	void extInit(void) {
  69              	
  70              	  ext_lld_init();
  71              	}
  72              	
  73              	/**
  74              	 * @brief   Initializes the standard part of a @p EXTDriver structure.
  75              	 *
  76              	 * @param[out] extp     pointer to the @p EXTDriver object
  77              	 *
  78              	 * @init
  79              	 */
  80              	void extObjectInit(EXTDriver *extp) {
  81              	
  82              	  extp->state  = EXT_STOP;
  83              	  extp->config = NULL;
  84              	}
  85              	
  86              	/**
  87              	 * @brief   Configures and activates the EXT peripheral.
  88              	 * @post    After activation all EXT channels are in the disabled state,
  89              	 *          use @p extChannelEnable() in order to activate them.
  90              	 *
  91              	 * @param[in] extp      pointer to the @p EXTDriver object
  92              	 * @param[in] config    pointer to the @p EXTConfig object
  93              	 *
  94              	 * @api
  95              	 */
  96              	void extStart(EXTDriver *extp, const EXTConfig *config) {
  97              	
  98              	  chDbgCheck((extp != NULL) && (config != NULL), "extStart");
  99              	
 100 0038 90       	  chSysLock();
 101              	  chDbgAssert((extp->state == EXT_STOP) || (extp->state == EXT_ACTIVE),
 107              		nop
 108              	# 0 "" 2
 109              		.loc 1 103 0
 110              	#NO_APP
 111 0039 8B442424 		movl	36(%esp), %eax	# config, config
 112 003d 894304   		movl	%eax, 4(%ebx)	# config, extp_1(D)->config
 113              		.loc 1 104 0
 114 0040 891C24   		movl	%ebx, (%esp)	# extp,
 115 0043 E8FCFFFF 		call	ext_lld_start	#
 115      FF
 116              	.LVL3:
 117              		.loc 1 105 0
 118 0048 C7030200 		movl	$2, (%ebx)	#, extp_1(D)->state
GAS LISTING /tmp/cc5uRzvw.s 			page 5


 118      0000
 119              		.loc 1 106 0
 120              	#APP
 121              	# 106 "../../../os/hal/src/ext.c" 1
 102              	              "extStart(), #1", "invalid state");
 103              	  extp->config = config;
 104              	  ext_lld_start(extp);
 105              	  extp->state = EXT_ACTIVE;
 106 004e 90       	  chSysUnlock();
 107              	}
 122              		nop
 123              	# 0 "" 2
 124              		.loc 1 107 0
 125              	#NO_APP
 126 004f 83C418   		addl	$24, %esp	#,
 127              		.cfi_def_cfa_offset 8
 128 0052 5B       		popl	%ebx	#
 129              		.cfi_restore 3
 130              		.cfi_def_cfa_offset 4
 131 0053 C3       		ret
 132              		.cfi_endproc
 133              	.LFE17:
 134              		.size	extStart, .-extStart
 135 0054 8DB60000 		.p2align 4,,15
 135      00008DBF 
 135      00000000 
 136              		.globl	extStop
 137              		.type	extStop, @function
 138              	extStop:
 139              	.LFB18:
 140              		.loc 1 116 0
 141              		.cfi_startproc
 142              	.LVL4:
 143 0060 53       		pushl	%ebx	#
 144              		.cfi_def_cfa_offset 8
 145              		.cfi_offset 3, -8
 146 0061 83EC18   		subl	$24, %esp	#,
 147              		.cfi_def_cfa_offset 32
 148              		.loc 1 116 0
 149 0064 8B5C2420 		movl	32(%esp), %ebx	# extp, extp
 150              		.loc 1 120 0
 151              	#APP
 152              	# 120 "../../../os/hal/src/ext.c" 1
 108              	
 109              	/**
 110              	 * @brief   Deactivates the EXT peripheral.
 111              	 *
 112              	 * @param[in] extp      pointer to the @p EXTDriver object
 113              	 *
 114              	 * @api
 115              	 */
 116              	void extStop(EXTDriver *extp) {
 117              	
 118              	  chDbgCheck(extp != NULL, "extStop");
 119              	
 120 0068 90       	  chSysLock();
 121              	  chDbgAssert((extp->state == EXT_STOP) || (extp->state == EXT_ACTIVE),
GAS LISTING /tmp/cc5uRzvw.s 			page 6


 153              		nop
 154              	# 0 "" 2
 155              		.loc 1 123 0
 156              	#NO_APP
 157 0069 891C24   		movl	%ebx, (%esp)	# extp,
 158 006c E8FCFFFF 		call	ext_lld_stop	#
 158      FF
 159              	.LVL5:
 160              		.loc 1 124 0
 161 0071 C7030100 		movl	$1, (%ebx)	#, extp_2(D)->state
 161      0000
 162              		.loc 1 125 0
 163              	#APP
 164              	# 125 "../../../os/hal/src/ext.c" 1
 122              	              "extStop(), #1", "invalid state");
 123              	  ext_lld_stop(extp);
 124              	  extp->state = EXT_STOP;
 125 0077 90       	  chSysUnlock();
 126              	}
 165              		nop
 166              	# 0 "" 2
 167              		.loc 1 126 0
 168              	#NO_APP
 169 0078 83C418   		addl	$24, %esp	#,
 170              		.cfi_def_cfa_offset 8
 171 007b 5B       		popl	%ebx	#
 172              		.cfi_restore 3
 173              		.cfi_def_cfa_offset 4
 174 007c C3       		ret
 175              		.cfi_endproc
 176              	.LFE18:
 177              		.size	extStop, .-extStop
 178 007d 8D7600   		.p2align 4,,15
 179              		.globl	extChannelEnable
 180              		.type	extChannelEnable, @function
 181              	extChannelEnable:
 182              	.LFB19:
 183              		.loc 1 137 0
 184              		.cfi_startproc
 185              	.LVL6:
 186 0080 83EC1C   		subl	$28, %esp	#,
 187              		.cfi_def_cfa_offset 32
 188              		.loc 1 142 0
 189              	#APP
 190              	# 142 "../../../os/hal/src/ext.c" 1
 127              	
 128              	/**
 129              	 * @brief   Enables an EXT channel.
 130              	 * @pre     The channel must not be in @p EXT_CH_MODE_DISABLED mode.
 131              	 *
 132              	 * @param[in] extp      pointer to the @p EXTDriver object
 133              	 * @param[in] channel   channel to be enabled
 134              	 *
 135              	 * @api
 136              	 */
 137              	void extChannelEnable(EXTDriver *extp, expchannel_t channel) {
 138              	
GAS LISTING /tmp/cc5uRzvw.s 			page 7


 139              	  chDbgCheck((extp != NULL) && (channel < EXT_MAX_CHANNELS),
 140              	             "extChannelEnable");
 141              	
 142 0083 90       	  chSysLock();
 143              	  chDbgAssert((extp->state == EXT_ACTIVE) &&
 191              		nop
 192              	# 0 "" 2
 193              		.loc 1 147 0
 194              	#NO_APP
 195 0084 8B442424 		movl	36(%esp), %eax	# channel, channel
 196 0088 89442404 		movl	%eax, 4(%esp)	# channel,
 197 008c 8B442420 		movl	32(%esp), %eax	# extp, extp
 198 0090 890424   		movl	%eax, (%esp)	# extp,
 199 0093 E8FCFFFF 		call	ext_lld_channel_enable	#
 199      FF
 200              	.LVL7:
 201              		.loc 1 148 0
 202              	#APP
 203              	# 148 "../../../os/hal/src/ext.c" 1
 144              	              ((extp->config->channels[channel].mode &
 145              	                EXT_CH_MODE_EDGES_MASK) != EXT_CH_MODE_DISABLED),
 146              	              "extChannelEnable(), #1", "invalid state");
 147              	  extChannelEnableI(extp, channel);
 148 0098 90       	  chSysUnlock();
 149              	}
 204              		nop
 205              	# 0 "" 2
 206              		.loc 1 149 0
 207              	#NO_APP
 208 0099 83C41C   		addl	$28, %esp	#,
 209              		.cfi_def_cfa_offset 4
 210 009c C3       		ret
 211              		.cfi_endproc
 212              	.LFE19:
 213              		.size	extChannelEnable, .-extChannelEnable
 214 009d 8D7600   		.p2align 4,,15
 215              		.globl	extChannelDisable
 216              		.type	extChannelDisable, @function
 217              	extChannelDisable:
 218              	.LFB20:
 219              		.loc 1 160 0
 220              		.cfi_startproc
 221              	.LVL8:
 222 00a0 83EC1C   		subl	$28, %esp	#,
 223              		.cfi_def_cfa_offset 32
 224              		.loc 1 165 0
 225              	#APP
 226              	# 165 "../../../os/hal/src/ext.c" 1
 150              	
 151              	/**
 152              	 * @brief   Disables an EXT channel.
 153              	 * @pre     The channel must not be in @p EXT_CH_MODE_DISABLED mode.
 154              	 *
 155              	 * @param[in] extp      pointer to the @p EXTDriver object
 156              	 * @param[in] channel   channel to be disabled
 157              	 *
 158              	 * @api
GAS LISTING /tmp/cc5uRzvw.s 			page 8


 159              	 */
 160              	void extChannelDisable(EXTDriver *extp, expchannel_t channel) {
 161              	
 162              	  chDbgCheck((extp != NULL) && (channel < EXT_MAX_CHANNELS),
 163              	             "extChannelDisable");
 164              	
 165 00a3 90       	  chSysLock();
 166              	  chDbgAssert((extp->state == EXT_ACTIVE) &&
 227              		nop
 228              	# 0 "" 2
 229              		.loc 1 170 0
 230              	#NO_APP
 231 00a4 8B442424 		movl	36(%esp), %eax	# channel, channel
 232 00a8 89442404 		movl	%eax, 4(%esp)	# channel,
 233 00ac 8B442420 		movl	32(%esp), %eax	# extp, extp
 234 00b0 890424   		movl	%eax, (%esp)	# extp,
 235 00b3 E8FCFFFF 		call	ext_lld_channel_disable	#
 235      FF
 236              	.LVL9:
 237              		.loc 1 171 0
 238              	#APP
 239              	# 171 "../../../os/hal/src/ext.c" 1
 167              	              ((extp->config->channels[channel].mode &
 168              	                EXT_CH_MODE_EDGES_MASK) != EXT_CH_MODE_DISABLED),
 169              	              "extChannelDisable(), #1", "invalid state");
 170              	  extChannelDisableI(extp, channel);
 171 00b8 90       	  chSysUnlock();
 172              	}
 240              		nop
 241              	# 0 "" 2
 242              		.loc 1 172 0
 243              	#NO_APP
 244 00b9 83C41C   		addl	$28, %esp	#,
 245              		.cfi_def_cfa_offset 4
 246 00bc C3       		ret
 247              		.cfi_endproc
 248              	.LFE20:
 249              		.size	extChannelDisable, .-extChannelDisable
 250 00bd 8D7600   		.p2align 4,,15
 251              		.globl	extSetChannelModeI
 252              		.type	extSetChannelModeI, @function
 253              	extSetChannelModeI:
 254              	.LFB21:
 255              		.loc 1 193 0
 256              		.cfi_startproc
 257              	.LVL10:
 258 00c0 56       		pushl	%esi	#
 259              		.cfi_def_cfa_offset 8
 260              		.cfi_offset 6, -8
 261 00c1 53       		pushl	%ebx	#
 262              		.cfi_def_cfa_offset 12
 263              		.cfi_offset 3, -12
 264              		.loc 1 208 0
 265 00c2 8B442414 		movl	20(%esp), %eax	# extcp, extcp
 266              		.loc 1 193 0
 267 00c6 8B4C240C 		movl	12(%esp), %ecx	# extp, extp
 268 00ca 8B5C2410 		movl	16(%esp), %ebx	# channel, channel
GAS LISTING /tmp/cc5uRzvw.s 			page 9


 269              	.LVL11:
 270              		.loc 1 208 0
 271 00ce 8B5004   		movl	4(%eax), %edx	# *extcp_3(D), *extcp_3(D)
 272 00d1 8B7104   		movl	4(%ecx), %esi	# extp_1(D)->config, tmp65
 273 00d4 8B00     		movl	(%eax), %eax	# *extcp_3(D), *extcp_3(D)
 274 00d6 8954DE04 		movl	%edx, 4(%esi,%ebx,8)	# *extcp_3(D), MEM[(struct EXTChannelConfig *)_5].channels
 275              	.LVL12:
 276 00da 8904DE   		movl	%eax, (%esi,%ebx,8)	# *extcp_3(D), MEM[(struct EXTChannelConfig *)_5].channels
 277              		.loc 1 210 0
 278 00dd 5B       		popl	%ebx	#
 279              		.cfi_restore 3
 280              		.cfi_def_cfa_offset 8
 281 00de 5E       		popl	%esi	#
 282              		.cfi_restore 6
 283              		.cfi_def_cfa_offset 4
 284              	.LVL13:
 285              		.loc 1 209 0
 286 00df E9FCFFFF 		jmp	ext_lld_channel_enable	#
 286      FF
 287              	.LVL14:
 288              		.cfi_endproc
 289              	.LFE21:
 290              		.size	extSetChannelModeI, .-extSetChannelModeI
 291              	.Letext0:
 292              		.file 2 "/usr/include/stdint.h"
 293              		.file 3 "../../../os/hal/include/ext.h"
 294              		.file 4 "../../../os/hal/platforms/Posix/ext_lld.h"
 295              		.section	.debug_info,"",@progbits
 296              	.Ldebug_info0:
 297 0000 94030000 		.long	0x394
 298 0004 0400     		.value	0x4
 299 0006 00000000 		.long	.Ldebug_abbrev0
 300 000a 04       		.byte	0x4
 301 000b 01       		.uleb128 0x1
 302 000c 8D010000 		.long	.LASF39
 303 0010 01       		.byte	0x1
 304 0011 00000000 		.long	.LASF40
 305 0015 06020000 		.long	.LASF41
 306 0019 00000000 		.long	.Ltext0
 307 001d E4000000 		.long	.Letext0-.Ltext0
 308 0021 00000000 		.long	.Ldebug_line0
 309 0025 02       		.uleb128 0x2
 310 0026 04       		.byte	0x4
 311 0027 05       		.byte	0x5
 312 0028 696E7400 		.string	"int"
 313 002c 03       		.uleb128 0x3
 314 002d 04       		.byte	0x4
 315 002e 07       		.byte	0x7
 316 002f 22010000 		.long	.LASF0
 317 0033 03       		.uleb128 0x3
 318 0034 04       		.byte	0x4
 319 0035 05       		.byte	0x5
 320 0036 60020000 		.long	.LASF1
 321 003a 03       		.uleb128 0x3
 322 003b 01       		.byte	0x1
 323 003c 06       		.byte	0x6
 324 003d 69020000 		.long	.LASF2
GAS LISTING /tmp/cc5uRzvw.s 			page 10


 325 0041 03       		.uleb128 0x3
 326 0042 02       		.byte	0x2
 327 0043 05       		.byte	0x5
 328 0044 3F020000 		.long	.LASF3
 329 0048 03       		.uleb128 0x3
 330 0049 08       		.byte	0x8
 331 004a 05       		.byte	0x5
 332 004b EA010000 		.long	.LASF4
 333 004f 03       		.uleb128 0x3
 334 0050 01       		.byte	0x1
 335 0051 08       		.byte	0x8
 336 0052 14010000 		.long	.LASF5
 337 0056 03       		.uleb128 0x3
 338 0057 02       		.byte	0x2
 339 0058 07       		.byte	0x7
 340 0059 B9000000 		.long	.LASF6
 341 005d 04       		.uleb128 0x4
 342 005e 57020000 		.long	.LASF15
 343 0062 02       		.byte	0x2
 344 0063 33       		.byte	0x33
 345 0064 2C000000 		.long	0x2c
 346 0068 03       		.uleb128 0x3
 347 0069 08       		.byte	0x8
 348 006a 07       		.byte	0x7
 349 006b 34010000 		.long	.LASF7
 350 006f 03       		.uleb128 0x3
 351 0070 01       		.byte	0x1
 352 0071 02       		.byte	0x2
 353 0072 75020000 		.long	.LASF8
 354 0076 03       		.uleb128 0x3
 355 0077 04       		.byte	0x4
 356 0078 07       		.byte	0x7
 357 0079 84010000 		.long	.LASF9
 358 007d 03       		.uleb128 0x3
 359 007e 01       		.byte	0x1
 360 007f 06       		.byte	0x6
 361 0080 F8010000 		.long	.LASF10
 362 0084 03       		.uleb128 0x3
 363 0085 04       		.byte	0x4
 364 0086 07       		.byte	0x7
 365 0087 A7000000 		.long	.LASF11
 366 008b 05       		.uleb128 0x5
 367 008c 04       		.byte	0x4
 368 008d 03       		.byte	0x3
 369 008e 4A       		.byte	0x4a
 370 008f A6000000 		.long	0xa6
 371 0093 06       		.uleb128 0x6
 372 0094 4E000000 		.long	.LASF12
 373 0098 00       		.sleb128 0
 374 0099 06       		.uleb128 0x6
 375 009a 89020000 		.long	.LASF13
 376 009e 01       		.sleb128 1
 377 009f 06       		.uleb128 0x6
 378 00a0 61000000 		.long	.LASF14
 379 00a4 02       		.sleb128 2
 380 00a5 00       		.byte	0
 381 00a6 04       		.uleb128 0x4
GAS LISTING /tmp/cc5uRzvw.s 			page 11


 382 00a7 32000000 		.long	.LASF16
 383 00ab 03       		.byte	0x3
 384 00ac 4E       		.byte	0x4e
 385 00ad 8B000000 		.long	0x8b
 386 00b1 04       		.uleb128 0x4
 387 00b2 1A000000 		.long	.LASF17
 388 00b6 03       		.byte	0x3
 389 00b7 53       		.byte	0x53
 390 00b8 BC000000 		.long	0xbc
 391 00bc 07       		.uleb128 0x7
 392 00bd 1A000000 		.long	.LASF17
 393 00c1 08       		.byte	0x8
 394 00c2 04       		.byte	0x4
 395 00c3 6D       		.byte	0x6d
 396 00c4 E1000000 		.long	0xe1
 397 00c8 08       		.uleb128 0x8
 398 00c9 2C000000 		.long	.LASF18
 399 00cd 04       		.byte	0x4
 400 00ce 71       		.byte	0x71
 401 00cf A6000000 		.long	0xa6
 402 00d3 00       		.byte	0
 403 00d4 08       		.uleb128 0x8
 404 00d5 CC000000 		.long	.LASF19
 405 00d9 04       		.byte	0x4
 406 00da 75       		.byte	0x75
 407 00db 6E010000 		.long	0x16e
 408 00df 04       		.byte	0x4
 409 00e0 00       		.byte	0
 410 00e1 04       		.uleb128 0x4
 411 00e2 6C000000 		.long	.LASF20
 412 00e6 04       		.byte	0x4
 413 00e7 43       		.byte	0x43
 414 00e8 5D000000 		.long	0x5d
 415 00ec 04       		.uleb128 0x4
 416 00ed 4B010000 		.long	.LASF21
 417 00f1 04       		.byte	0x4
 418 00f2 4B       		.byte	0x4b
 419 00f3 F7000000 		.long	0xf7
 420 00f7 09       		.uleb128 0x9
 421 00f8 04       		.byte	0x4
 422 00f9 FD000000 		.long	0xfd
 423 00fd 0A       		.uleb128 0xa
 424 00fe 0D010000 		.long	0x10d
 425 0102 0B       		.uleb128 0xb
 426 0103 0D010000 		.long	0x10d
 427 0107 0B       		.uleb128 0xb
 428 0108 E1000000 		.long	0xe1
 429 010c 00       		.byte	0
 430 010d 09       		.uleb128 0x9
 431 010e 04       		.byte	0x4
 432 010f B1000000 		.long	0xb1
 433 0113 0C       		.uleb128 0xc
 434 0114 08       		.byte	0x8
 435 0115 04       		.byte	0x4
 436 0116 50       		.byte	0x50
 437 0117 33010000 		.long	0x133
 438 011b 08       		.uleb128 0x8
GAS LISTING /tmp/cc5uRzvw.s 			page 12


 439 011c 59010000 		.long	.LASF22
 440 0120 04       		.byte	0x4
 441 0121 54       		.byte	0x54
 442 0122 5D000000 		.long	0x5d
 443 0126 00       		.byte	0
 444 0127 0D       		.uleb128 0xd
 445 0128 636200   		.string	"cb"
 446 012b 04       		.byte	0x4
 447 012c 5B       		.byte	0x5b
 448 012d EC000000 		.long	0xec
 449 0131 04       		.byte	0x4
 450 0132 00       		.byte	0
 451 0133 04       		.uleb128 0x4
 452 0134 3D000000 		.long	.LASF23
 453 0138 04       		.byte	0x4
 454 0139 5C       		.byte	0x5c
 455 013a 13010000 		.long	0x113
 456 013e 0C       		.uleb128 0xc
 457 013f A0       		.byte	0xa0
 458 0140 04       		.byte	0x4
 459 0141 62       		.byte	0x62
 460 0142 53010000 		.long	0x153
 461 0146 08       		.uleb128 0x8
 462 0147 FD010000 		.long	.LASF24
 463 014b 04       		.byte	0x4
 464 014c 66       		.byte	0x66
 465 014d 53010000 		.long	0x153
 466 0151 00       		.byte	0
 467 0152 00       		.byte	0
 468 0153 0E       		.uleb128 0xe
 469 0154 33010000 		.long	0x133
 470 0158 63010000 		.long	0x163
 471 015c 0F       		.uleb128 0xf
 472 015d 76000000 		.long	0x76
 473 0161 13       		.byte	0x13
 474 0162 00       		.byte	0
 475 0163 04       		.uleb128 0x4
 476 0164 D3000000 		.long	.LASF25
 477 0168 04       		.byte	0x4
 478 0169 68       		.byte	0x68
 479 016a 3E010000 		.long	0x13e
 480 016e 09       		.uleb128 0x9
 481 016f 04       		.byte	0x4
 482 0170 74010000 		.long	0x174
 483 0174 10       		.uleb128 0x10
 484 0175 63010000 		.long	0x163
 485 0179 11       		.uleb128 0x11
 486 017a 59000000 		.long	.LASF26
 487 017e 01       		.byte	0x1
 488 017f 44       		.byte	0x44
 489 0180 00000000 		.long	.LFB15
 490 0184 05000000 		.long	.LFE15-.LFB15
 491 0188 01       		.uleb128 0x1
 492 0189 9C       		.byte	0x9c
 493 018a 98010000 		.long	0x198
 494 018e 12       		.uleb128 0x12
 495 018f 05000000 		.long	.LVL0
GAS LISTING /tmp/cc5uRzvw.s 			page 13


 496 0193 46030000 		.long	0x346
 497 0197 00       		.byte	0
 498 0198 11       		.uleb128 0x11
 499 0199 49020000 		.long	.LASF27
 500 019d 01       		.byte	0x1
 501 019e 50       		.byte	0x50
 502 019f 10000000 		.long	.LFB16
 503 01a3 12000000 		.long	.LFE16-.LFB16
 504 01a7 01       		.uleb128 0x1
 505 01a8 9C       		.byte	0x9c
 506 01a9 BC010000 		.long	0x1bc
 507 01ad 13       		.uleb128 0x13
 508 01ae 2F010000 		.long	.LASF29
 509 01b2 01       		.byte	0x1
 510 01b3 50       		.byte	0x50
 511 01b4 0D010000 		.long	0x10d
 512 01b8 02       		.uleb128 0x2
 513 01b9 91       		.byte	0x91
 514 01ba 00       		.sleb128 0
 515 01bb 00       		.byte	0
 516 01bc 11       		.uleb128 0x11
 517 01bd 79000000 		.long	.LASF28
 518 01c1 01       		.byte	0x1
 519 01c2 60       		.byte	0x60
 520 01c3 30000000 		.long	.LFB17
 521 01c7 24000000 		.long	.LFE17-.LFB17
 522 01cb 01       		.uleb128 0x1
 523 01cc 9C       		.byte	0x9c
 524 01cd FF010000 		.long	0x1ff
 525 01d1 13       		.uleb128 0x13
 526 01d2 2F010000 		.long	.LASF29
 527 01d6 01       		.byte	0x1
 528 01d7 60       		.byte	0x60
 529 01d8 0D010000 		.long	0x10d
 530 01dc 02       		.uleb128 0x2
 531 01dd 91       		.byte	0x91
 532 01de 00       		.sleb128 0
 533 01df 13       		.uleb128 0x13
 534 01e0 CC000000 		.long	.LASF19
 535 01e4 01       		.byte	0x1
 536 01e5 60       		.byte	0x60
 537 01e6 6E010000 		.long	0x16e
 538 01ea 02       		.uleb128 0x2
 539 01eb 91       		.byte	0x91
 540 01ec 04       		.sleb128 4
 541 01ed 14       		.uleb128 0x14
 542 01ee 48000000 		.long	.LVL3
 543 01f2 4D030000 		.long	0x34d
 544 01f6 15       		.uleb128 0x15
 545 01f7 02       		.uleb128 0x2
 546 01f8 74       		.byte	0x74
 547 01f9 00       		.sleb128 0
 548 01fa 02       		.uleb128 0x2
 549 01fb 73       		.byte	0x73
 550 01fc 00       		.sleb128 0
 551 01fd 00       		.byte	0
 552 01fe 00       		.byte	0
GAS LISTING /tmp/cc5uRzvw.s 			page 14


 553 01ff 11       		.uleb128 0x11
 554 0200 0C010000 		.long	.LASF30
 555 0204 01       		.byte	0x1
 556 0205 74       		.byte	0x74
 557 0206 60000000 		.long	.LFB18
 558 020a 1D000000 		.long	.LFE18-.LFB18
 559 020e 01       		.uleb128 0x1
 560 020f 9C       		.byte	0x9c
 561 0210 34020000 		.long	0x234
 562 0214 13       		.uleb128 0x13
 563 0215 2F010000 		.long	.LASF29
 564 0219 01       		.byte	0x1
 565 021a 74       		.byte	0x74
 566 021b 0D010000 		.long	0x10d
 567 021f 02       		.uleb128 0x2
 568 0220 91       		.byte	0x91
 569 0221 00       		.sleb128 0
 570 0222 14       		.uleb128 0x14
 571 0223 71000000 		.long	.LVL5
 572 0227 5E030000 		.long	0x35e
 573 022b 15       		.uleb128 0x15
 574 022c 02       		.uleb128 0x2
 575 022d 74       		.byte	0x74
 576 022e 00       		.sleb128 0
 577 022f 02       		.uleb128 0x2
 578 0230 73       		.byte	0x73
 579 0231 00       		.sleb128 0
 580 0232 00       		.byte	0
 581 0233 00       		.byte	0
 582 0234 11       		.uleb128 0x11
 583 0235 2E020000 		.long	.LASF31
 584 0239 01       		.byte	0x1
 585 023a 89       		.byte	0x89
 586 023b 80000000 		.long	.LFB19
 587 023f 1D000000 		.long	.LFE19-.LFB19
 588 0243 01       		.uleb128 0x1
 589 0244 9C       		.byte	0x9c
 590 0245 80020000 		.long	0x280
 591 0249 13       		.uleb128 0x13
 592 024a 2F010000 		.long	.LASF29
 593 024e 01       		.byte	0x1
 594 024f 89       		.byte	0x89
 595 0250 0D010000 		.long	0x10d
 596 0254 02       		.uleb128 0x2
 597 0255 91       		.byte	0x91
 598 0256 00       		.sleb128 0
 599 0257 13       		.uleb128 0x13
 600 0258 24000000 		.long	.LASF32
 601 025c 01       		.byte	0x1
 602 025d 89       		.byte	0x89
 603 025e E1000000 		.long	0xe1
 604 0262 02       		.uleb128 0x2
 605 0263 91       		.byte	0x91
 606 0264 04       		.sleb128 4
 607 0265 14       		.uleb128 0x14
 608 0266 98000000 		.long	.LVL7
 609 026a 6F030000 		.long	0x36f
GAS LISTING /tmp/cc5uRzvw.s 			page 15


 610 026e 15       		.uleb128 0x15
 611 026f 02       		.uleb128 0x2
 612 0270 74       		.byte	0x74
 613 0271 00       		.sleb128 0
 614 0272 03       		.uleb128 0x3
 615 0273 91       		.byte	0x91
 616 0274 00       		.sleb128 0
 617 0275 06       		.byte	0x6
 618 0276 15       		.uleb128 0x15
 619 0277 02       		.uleb128 0x2
 620 0278 74       		.byte	0x74
 621 0279 04       		.sleb128 4
 622 027a 03       		.uleb128 0x3
 623 027b 91       		.byte	0x91
 624 027c 04       		.sleb128 4
 625 027d 06       		.byte	0x6
 626 027e 00       		.byte	0
 627 027f 00       		.byte	0
 628 0280 11       		.uleb128 0x11
 629 0281 82000000 		.long	.LASF33
 630 0285 01       		.byte	0x1
 631 0286 A0       		.byte	0xa0
 632 0287 A0000000 		.long	.LFB20
 633 028b 1D000000 		.long	.LFE20-.LFB20
 634 028f 01       		.uleb128 0x1
 635 0290 9C       		.byte	0x9c
 636 0291 CC020000 		.long	0x2cc
 637 0295 13       		.uleb128 0x13
 638 0296 2F010000 		.long	.LASF29
 639 029a 01       		.byte	0x1
 640 029b A0       		.byte	0xa0
 641 029c 0D010000 		.long	0x10d
 642 02a0 02       		.uleb128 0x2
 643 02a1 91       		.byte	0x91
 644 02a2 00       		.sleb128 0
 645 02a3 13       		.uleb128 0x13
 646 02a4 24000000 		.long	.LASF32
 647 02a8 01       		.byte	0x1
 648 02a9 A0       		.byte	0xa0
 649 02aa E1000000 		.long	0xe1
 650 02ae 02       		.uleb128 0x2
 651 02af 91       		.byte	0x91
 652 02b0 04       		.sleb128 4
 653 02b1 14       		.uleb128 0x14
 654 02b2 B8000000 		.long	.LVL9
 655 02b6 85030000 		.long	0x385
 656 02ba 15       		.uleb128 0x15
 657 02bb 02       		.uleb128 0x2
 658 02bc 74       		.byte	0x74
 659 02bd 00       		.sleb128 0
 660 02be 03       		.uleb128 0x3
 661 02bf 91       		.byte	0x91
 662 02c0 00       		.sleb128 0
 663 02c1 06       		.byte	0x6
 664 02c2 15       		.uleb128 0x15
 665 02c3 02       		.uleb128 0x2
 666 02c4 74       		.byte	0x74
GAS LISTING /tmp/cc5uRzvw.s 			page 16


 667 02c5 04       		.sleb128 4
 668 02c6 03       		.uleb128 0x3
 669 02c7 91       		.byte	0x91
 670 02c8 04       		.sleb128 4
 671 02c9 06       		.byte	0x6
 672 02ca 00       		.byte	0
 673 02cb 00       		.byte	0
 674 02cc 11       		.uleb128 0x11
 675 02cd 6B010000 		.long	.LASF34
 676 02d1 01       		.byte	0x1
 677 02d2 BF       		.byte	0xbf
 678 02d3 C0000000 		.long	.LFB21
 679 02d7 24000000 		.long	.LFE21-.LFB21
 680 02db 01       		.uleb128 0x1
 681 02dc 9C       		.byte	0x9c
 682 02dd 35030000 		.long	0x335
 683 02e1 13       		.uleb128 0x13
 684 02e2 2F010000 		.long	.LASF29
 685 02e6 01       		.byte	0x1
 686 02e7 BF       		.byte	0xbf
 687 02e8 0D010000 		.long	0x10d
 688 02ec 02       		.uleb128 0x2
 689 02ed 91       		.byte	0x91
 690 02ee 00       		.sleb128 0
 691 02ef 13       		.uleb128 0x13
 692 02f0 24000000 		.long	.LASF32
 693 02f4 01       		.byte	0x1
 694 02f5 C0       		.byte	0xc0
 695 02f6 E1000000 		.long	0xe1
 696 02fa 02       		.uleb128 0x2
 697 02fb 91       		.byte	0x91
 698 02fc 04       		.sleb128 4
 699 02fd 13       		.uleb128 0x13
 700 02fe A1000000 		.long	.LASF35
 701 0302 01       		.byte	0x1
 702 0303 C1       		.byte	0xc1
 703 0304 35030000 		.long	0x335
 704 0308 02       		.uleb128 0x2
 705 0309 91       		.byte	0x91
 706 030a 08       		.sleb128 8
 707 030b 16       		.uleb128 0x16
 708 030c 7E010000 		.long	.LASF42
 709 0310 01       		.byte	0x1
 710 0311 C2       		.byte	0xc2
 711 0312 40030000 		.long	0x340
 712 0316 00000000 		.long	.LLST0
 713 031a 17       		.uleb128 0x17
 714 031b E4000000 		.long	.LVL14
 715 031f 6F030000 		.long	0x36f
 716 0323 15       		.uleb128 0x15
 717 0324 02       		.uleb128 0x2
 718 0325 91       		.byte	0x91
 719 0326 00       		.sleb128 0
 720 0327 03       		.uleb128 0x3
 721 0328 91       		.byte	0x91
 722 0329 00       		.sleb128 0
 723 032a 06       		.byte	0x6
GAS LISTING /tmp/cc5uRzvw.s 			page 17


 724 032b 15       		.uleb128 0x15
 725 032c 02       		.uleb128 0x2
 726 032d 91       		.byte	0x91
 727 032e 04       		.sleb128 4
 728 032f 03       		.uleb128 0x3
 729 0330 91       		.byte	0x91
 730 0331 04       		.sleb128 4
 731 0332 06       		.byte	0x6
 732 0333 00       		.byte	0
 733 0334 00       		.byte	0
 734 0335 09       		.uleb128 0x9
 735 0336 04       		.byte	0x4
 736 0337 3B030000 		.long	0x33b
 737 033b 10       		.uleb128 0x10
 738 033c 33010000 		.long	0x133
 739 0340 09       		.uleb128 0x9
 740 0341 04       		.byte	0x4
 741 0342 33010000 		.long	0x133
 742 0346 18       		.uleb128 0x18
 743 0347 94000000 		.long	.LASF43
 744 034b 04       		.byte	0x4
 745 034c 88       		.byte	0x88
 746 034d 19       		.uleb128 0x19
 747 034e 7B020000 		.long	.LASF36
 748 0352 04       		.byte	0x4
 749 0353 89       		.byte	0x89
 750 0354 5E030000 		.long	0x35e
 751 0358 0B       		.uleb128 0xb
 752 0359 0D010000 		.long	0x10d
 753 035d 00       		.byte	0
 754 035e 19       		.uleb128 0x19
 755 035f 5E010000 		.long	.LASF37
 756 0363 04       		.byte	0x4
 757 0364 8A       		.byte	0x8a
 758 0365 6F030000 		.long	0x36f
 759 0369 0B       		.uleb128 0xb
 760 036a 0D010000 		.long	0x10d
 761 036e 00       		.byte	0
 762 036f 19       		.uleb128 0x19
 763 0370 DD000000 		.long	.LASF38
 764 0374 04       		.byte	0x4
 765 0375 8B       		.byte	0x8b
 766 0376 85030000 		.long	0x385
 767 037a 0B       		.uleb128 0xb
 768 037b 0D010000 		.long	0x10d
 769 037f 0B       		.uleb128 0xb
 770 0380 E1000000 		.long	0xe1
 771 0384 00       		.byte	0
 772 0385 1A       		.uleb128 0x1a
 773 0386 F4000000 		.long	.LASF44
 774 038a 04       		.byte	0x4
 775 038b 8C       		.byte	0x8c
 776 038c 0B       		.uleb128 0xb
 777 038d 0D010000 		.long	0x10d
 778 0391 0B       		.uleb128 0xb
 779 0392 E1000000 		.long	0xe1
 780 0396 00       		.byte	0
GAS LISTING /tmp/cc5uRzvw.s 			page 18


 781 0397 00       		.byte	0
 782              		.section	.debug_abbrev,"",@progbits
 783              	.Ldebug_abbrev0:
 784 0000 01       		.uleb128 0x1
 785 0001 11       		.uleb128 0x11
 786 0002 01       		.byte	0x1
 787 0003 25       		.uleb128 0x25
 788 0004 0E       		.uleb128 0xe
 789 0005 13       		.uleb128 0x13
 790 0006 0B       		.uleb128 0xb
 791 0007 03       		.uleb128 0x3
 792 0008 0E       		.uleb128 0xe
 793 0009 1B       		.uleb128 0x1b
 794 000a 0E       		.uleb128 0xe
 795 000b 11       		.uleb128 0x11
 796 000c 01       		.uleb128 0x1
 797 000d 12       		.uleb128 0x12
 798 000e 06       		.uleb128 0x6
 799 000f 10       		.uleb128 0x10
 800 0010 17       		.uleb128 0x17
 801 0011 00       		.byte	0
 802 0012 00       		.byte	0
 803 0013 02       		.uleb128 0x2
 804 0014 24       		.uleb128 0x24
 805 0015 00       		.byte	0
 806 0016 0B       		.uleb128 0xb
 807 0017 0B       		.uleb128 0xb
 808 0018 3E       		.uleb128 0x3e
 809 0019 0B       		.uleb128 0xb
 810 001a 03       		.uleb128 0x3
 811 001b 08       		.uleb128 0x8
 812 001c 00       		.byte	0
 813 001d 00       		.byte	0
 814 001e 03       		.uleb128 0x3
 815 001f 24       		.uleb128 0x24
 816 0020 00       		.byte	0
 817 0021 0B       		.uleb128 0xb
 818 0022 0B       		.uleb128 0xb
 819 0023 3E       		.uleb128 0x3e
 820 0024 0B       		.uleb128 0xb
 821 0025 03       		.uleb128 0x3
 822 0026 0E       		.uleb128 0xe
 823 0027 00       		.byte	0
 824 0028 00       		.byte	0
 825 0029 04       		.uleb128 0x4
 826 002a 16       		.uleb128 0x16
 827 002b 00       		.byte	0
 828 002c 03       		.uleb128 0x3
 829 002d 0E       		.uleb128 0xe
 830 002e 3A       		.uleb128 0x3a
 831 002f 0B       		.uleb128 0xb
 832 0030 3B       		.uleb128 0x3b
 833 0031 0B       		.uleb128 0xb
 834 0032 49       		.uleb128 0x49
 835 0033 13       		.uleb128 0x13
 836 0034 00       		.byte	0
 837 0035 00       		.byte	0
GAS LISTING /tmp/cc5uRzvw.s 			page 19


 838 0036 05       		.uleb128 0x5
 839 0037 04       		.uleb128 0x4
 840 0038 01       		.byte	0x1
 841 0039 0B       		.uleb128 0xb
 842 003a 0B       		.uleb128 0xb
 843 003b 3A       		.uleb128 0x3a
 844 003c 0B       		.uleb128 0xb
 845 003d 3B       		.uleb128 0x3b
 846 003e 0B       		.uleb128 0xb
 847 003f 01       		.uleb128 0x1
 848 0040 13       		.uleb128 0x13
 849 0041 00       		.byte	0
 850 0042 00       		.byte	0
 851 0043 06       		.uleb128 0x6
 852 0044 28       		.uleb128 0x28
 853 0045 00       		.byte	0
 854 0046 03       		.uleb128 0x3
 855 0047 0E       		.uleb128 0xe
 856 0048 1C       		.uleb128 0x1c
 857 0049 0D       		.uleb128 0xd
 858 004a 00       		.byte	0
 859 004b 00       		.byte	0
 860 004c 07       		.uleb128 0x7
 861 004d 13       		.uleb128 0x13
 862 004e 01       		.byte	0x1
 863 004f 03       		.uleb128 0x3
 864 0050 0E       		.uleb128 0xe
 865 0051 0B       		.uleb128 0xb
 866 0052 0B       		.uleb128 0xb
 867 0053 3A       		.uleb128 0x3a
 868 0054 0B       		.uleb128 0xb
 869 0055 3B       		.uleb128 0x3b
 870 0056 0B       		.uleb128 0xb
 871 0057 01       		.uleb128 0x1
 872 0058 13       		.uleb128 0x13
 873 0059 00       		.byte	0
 874 005a 00       		.byte	0
 875 005b 08       		.uleb128 0x8
 876 005c 0D       		.uleb128 0xd
 877 005d 00       		.byte	0
 878 005e 03       		.uleb128 0x3
 879 005f 0E       		.uleb128 0xe
 880 0060 3A       		.uleb128 0x3a
 881 0061 0B       		.uleb128 0xb
 882 0062 3B       		.uleb128 0x3b
 883 0063 0B       		.uleb128 0xb
 884 0064 49       		.uleb128 0x49
 885 0065 13       		.uleb128 0x13
 886 0066 38       		.uleb128 0x38
 887 0067 0B       		.uleb128 0xb
 888 0068 00       		.byte	0
 889 0069 00       		.byte	0
 890 006a 09       		.uleb128 0x9
 891 006b 0F       		.uleb128 0xf
 892 006c 00       		.byte	0
 893 006d 0B       		.uleb128 0xb
 894 006e 0B       		.uleb128 0xb
GAS LISTING /tmp/cc5uRzvw.s 			page 20


 895 006f 49       		.uleb128 0x49
 896 0070 13       		.uleb128 0x13
 897 0071 00       		.byte	0
 898 0072 00       		.byte	0
 899 0073 0A       		.uleb128 0xa
 900 0074 15       		.uleb128 0x15
 901 0075 01       		.byte	0x1
 902 0076 27       		.uleb128 0x27
 903 0077 19       		.uleb128 0x19
 904 0078 01       		.uleb128 0x1
 905 0079 13       		.uleb128 0x13
 906 007a 00       		.byte	0
 907 007b 00       		.byte	0
 908 007c 0B       		.uleb128 0xb
 909 007d 05       		.uleb128 0x5
 910 007e 00       		.byte	0
 911 007f 49       		.uleb128 0x49
 912 0080 13       		.uleb128 0x13
 913 0081 00       		.byte	0
 914 0082 00       		.byte	0
 915 0083 0C       		.uleb128 0xc
 916 0084 13       		.uleb128 0x13
 917 0085 01       		.byte	0x1
 918 0086 0B       		.uleb128 0xb
 919 0087 0B       		.uleb128 0xb
 920 0088 3A       		.uleb128 0x3a
 921 0089 0B       		.uleb128 0xb
 922 008a 3B       		.uleb128 0x3b
 923 008b 0B       		.uleb128 0xb
 924 008c 01       		.uleb128 0x1
 925 008d 13       		.uleb128 0x13
 926 008e 00       		.byte	0
 927 008f 00       		.byte	0
 928 0090 0D       		.uleb128 0xd
 929 0091 0D       		.uleb128 0xd
 930 0092 00       		.byte	0
 931 0093 03       		.uleb128 0x3
 932 0094 08       		.uleb128 0x8
 933 0095 3A       		.uleb128 0x3a
 934 0096 0B       		.uleb128 0xb
 935 0097 3B       		.uleb128 0x3b
 936 0098 0B       		.uleb128 0xb
 937 0099 49       		.uleb128 0x49
 938 009a 13       		.uleb128 0x13
 939 009b 38       		.uleb128 0x38
 940 009c 0B       		.uleb128 0xb
 941 009d 00       		.byte	0
 942 009e 00       		.byte	0
 943 009f 0E       		.uleb128 0xe
 944 00a0 01       		.uleb128 0x1
 945 00a1 01       		.byte	0x1
 946 00a2 49       		.uleb128 0x49
 947 00a3 13       		.uleb128 0x13
 948 00a4 01       		.uleb128 0x1
 949 00a5 13       		.uleb128 0x13
 950 00a6 00       		.byte	0
 951 00a7 00       		.byte	0
GAS LISTING /tmp/cc5uRzvw.s 			page 21


 952 00a8 0F       		.uleb128 0xf
 953 00a9 21       		.uleb128 0x21
 954 00aa 00       		.byte	0
 955 00ab 49       		.uleb128 0x49
 956 00ac 13       		.uleb128 0x13
 957 00ad 2F       		.uleb128 0x2f
 958 00ae 0B       		.uleb128 0xb
 959 00af 00       		.byte	0
 960 00b0 00       		.byte	0
 961 00b1 10       		.uleb128 0x10
 962 00b2 26       		.uleb128 0x26
 963 00b3 00       		.byte	0
 964 00b4 49       		.uleb128 0x49
 965 00b5 13       		.uleb128 0x13
 966 00b6 00       		.byte	0
 967 00b7 00       		.byte	0
 968 00b8 11       		.uleb128 0x11
 969 00b9 2E       		.uleb128 0x2e
 970 00ba 01       		.byte	0x1
 971 00bb 3F       		.uleb128 0x3f
 972 00bc 19       		.uleb128 0x19
 973 00bd 03       		.uleb128 0x3
 974 00be 0E       		.uleb128 0xe
 975 00bf 3A       		.uleb128 0x3a
 976 00c0 0B       		.uleb128 0xb
 977 00c1 3B       		.uleb128 0x3b
 978 00c2 0B       		.uleb128 0xb
 979 00c3 27       		.uleb128 0x27
 980 00c4 19       		.uleb128 0x19
 981 00c5 11       		.uleb128 0x11
 982 00c6 01       		.uleb128 0x1
 983 00c7 12       		.uleb128 0x12
 984 00c8 06       		.uleb128 0x6
 985 00c9 40       		.uleb128 0x40
 986 00ca 18       		.uleb128 0x18
 987 00cb 9742     		.uleb128 0x2117
 988 00cd 19       		.uleb128 0x19
 989 00ce 01       		.uleb128 0x1
 990 00cf 13       		.uleb128 0x13
 991 00d0 00       		.byte	0
 992 00d1 00       		.byte	0
 993 00d2 12       		.uleb128 0x12
 994 00d3 898201   		.uleb128 0x4109
 995 00d6 00       		.byte	0
 996 00d7 11       		.uleb128 0x11
 997 00d8 01       		.uleb128 0x1
 998 00d9 9542     		.uleb128 0x2115
 999 00db 19       		.uleb128 0x19
 1000 00dc 31       		.uleb128 0x31
 1001 00dd 13       		.uleb128 0x13
 1002 00de 00       		.byte	0
 1003 00df 00       		.byte	0
 1004 00e0 13       		.uleb128 0x13
 1005 00e1 05       		.uleb128 0x5
 1006 00e2 00       		.byte	0
 1007 00e3 03       		.uleb128 0x3
 1008 00e4 0E       		.uleb128 0xe
GAS LISTING /tmp/cc5uRzvw.s 			page 22


 1009 00e5 3A       		.uleb128 0x3a
 1010 00e6 0B       		.uleb128 0xb
 1011 00e7 3B       		.uleb128 0x3b
 1012 00e8 0B       		.uleb128 0xb
 1013 00e9 49       		.uleb128 0x49
 1014 00ea 13       		.uleb128 0x13
 1015 00eb 02       		.uleb128 0x2
 1016 00ec 18       		.uleb128 0x18
 1017 00ed 00       		.byte	0
 1018 00ee 00       		.byte	0
 1019 00ef 14       		.uleb128 0x14
 1020 00f0 898201   		.uleb128 0x4109
 1021 00f3 01       		.byte	0x1
 1022 00f4 11       		.uleb128 0x11
 1023 00f5 01       		.uleb128 0x1
 1024 00f6 31       		.uleb128 0x31
 1025 00f7 13       		.uleb128 0x13
 1026 00f8 00       		.byte	0
 1027 00f9 00       		.byte	0
 1028 00fa 15       		.uleb128 0x15
 1029 00fb 8A8201   		.uleb128 0x410a
 1030 00fe 00       		.byte	0
 1031 00ff 02       		.uleb128 0x2
 1032 0100 18       		.uleb128 0x18
 1033 0101 9142     		.uleb128 0x2111
 1034 0103 18       		.uleb128 0x18
 1035 0104 00       		.byte	0
 1036 0105 00       		.byte	0
 1037 0106 16       		.uleb128 0x16
 1038 0107 34       		.uleb128 0x34
 1039 0108 00       		.byte	0
 1040 0109 03       		.uleb128 0x3
 1041 010a 0E       		.uleb128 0xe
 1042 010b 3A       		.uleb128 0x3a
 1043 010c 0B       		.uleb128 0xb
 1044 010d 3B       		.uleb128 0x3b
 1045 010e 0B       		.uleb128 0xb
 1046 010f 49       		.uleb128 0x49
 1047 0110 13       		.uleb128 0x13
 1048 0111 02       		.uleb128 0x2
 1049 0112 17       		.uleb128 0x17
 1050 0113 00       		.byte	0
 1051 0114 00       		.byte	0
 1052 0115 17       		.uleb128 0x17
 1053 0116 898201   		.uleb128 0x4109
 1054 0119 01       		.byte	0x1
 1055 011a 11       		.uleb128 0x11
 1056 011b 01       		.uleb128 0x1
 1057 011c 9542     		.uleb128 0x2115
 1058 011e 19       		.uleb128 0x19
 1059 011f 31       		.uleb128 0x31
 1060 0120 13       		.uleb128 0x13
 1061 0121 00       		.byte	0
 1062 0122 00       		.byte	0
 1063 0123 18       		.uleb128 0x18
 1064 0124 2E       		.uleb128 0x2e
 1065 0125 00       		.byte	0
GAS LISTING /tmp/cc5uRzvw.s 			page 23


 1066 0126 3F       		.uleb128 0x3f
 1067 0127 19       		.uleb128 0x19
 1068 0128 03       		.uleb128 0x3
 1069 0129 0E       		.uleb128 0xe
 1070 012a 3A       		.uleb128 0x3a
 1071 012b 0B       		.uleb128 0xb
 1072 012c 3B       		.uleb128 0x3b
 1073 012d 0B       		.uleb128 0xb
 1074 012e 27       		.uleb128 0x27
 1075 012f 19       		.uleb128 0x19
 1076 0130 3C       		.uleb128 0x3c
 1077 0131 19       		.uleb128 0x19
 1078 0132 00       		.byte	0
 1079 0133 00       		.byte	0
 1080 0134 19       		.uleb128 0x19
 1081 0135 2E       		.uleb128 0x2e
 1082 0136 01       		.byte	0x1
 1083 0137 3F       		.uleb128 0x3f
 1084 0138 19       		.uleb128 0x19
 1085 0139 03       		.uleb128 0x3
 1086 013a 0E       		.uleb128 0xe
 1087 013b 3A       		.uleb128 0x3a
 1088 013c 0B       		.uleb128 0xb
 1089 013d 3B       		.uleb128 0x3b
 1090 013e 0B       		.uleb128 0xb
 1091 013f 27       		.uleb128 0x27
 1092 0140 19       		.uleb128 0x19
 1093 0141 3C       		.uleb128 0x3c
 1094 0142 19       		.uleb128 0x19
 1095 0143 01       		.uleb128 0x1
 1096 0144 13       		.uleb128 0x13
 1097 0145 00       		.byte	0
 1098 0146 00       		.byte	0
 1099 0147 1A       		.uleb128 0x1a
 1100 0148 2E       		.uleb128 0x2e
 1101 0149 01       		.byte	0x1
 1102 014a 3F       		.uleb128 0x3f
 1103 014b 19       		.uleb128 0x19
 1104 014c 03       		.uleb128 0x3
 1105 014d 0E       		.uleb128 0xe
 1106 014e 3A       		.uleb128 0x3a
 1107 014f 0B       		.uleb128 0xb
 1108 0150 3B       		.uleb128 0x3b
 1109 0151 0B       		.uleb128 0xb
 1110 0152 27       		.uleb128 0x27
 1111 0153 19       		.uleb128 0x19
 1112 0154 3C       		.uleb128 0x3c
 1113 0155 19       		.uleb128 0x19
 1114 0156 00       		.byte	0
 1115 0157 00       		.byte	0
 1116 0158 00       		.byte	0
 1117              		.section	.debug_loc,"",@progbits
 1118              	.Ldebug_loc0:
 1119              	.LLST0:
 1120 0000 CE000000 		.long	.LVL11-.Ltext0
 1121 0004 DA000000 		.long	.LVL12-.Ltext0
 1122 0008 0D00     		.value	0xd
GAS LISTING /tmp/cc5uRzvw.s 			page 24


 1123 000a 91       		.byte	0x91
 1124 000b 04       		.sleb128 4
 1125 000c 06       		.byte	0x6
 1126 000d 33       		.byte	0x33
 1127 000e 24       		.byte	0x24
 1128 000f 91       		.byte	0x91
 1129 0010 00       		.sleb128 0
 1130 0011 06       		.byte	0x6
 1131 0012 23       		.byte	0x23
 1132 0013 04       		.uleb128 0x4
 1133 0014 06       		.byte	0x6
 1134 0015 22       		.byte	0x22
 1135 0016 9F       		.byte	0x9f
 1136 0017 DA000000 		.long	.LVL12-.Ltext0
 1137 001b DF000000 		.long	.LVL13-.Ltext0
 1138 001f 0900     		.value	0x9
 1139 0021 91       		.byte	0x91
 1140 0022 04       		.sleb128 4
 1141 0023 06       		.byte	0x6
 1142 0024 33       		.byte	0x33
 1143 0025 24       		.byte	0x24
 1144 0026 76       		.byte	0x76
 1145 0027 00       		.sleb128 0
 1146 0028 22       		.byte	0x22
 1147 0029 9F       		.byte	0x9f
 1148 002a 00000000 		.long	0
 1149 002e 00000000 		.long	0
 1150              		.section	.debug_aranges,"",@progbits
 1151 0000 1C000000 		.long	0x1c
 1152 0004 0200     		.value	0x2
 1153 0006 00000000 		.long	.Ldebug_info0
 1154 000a 04       		.byte	0x4
 1155 000b 00       		.byte	0
 1156 000c 0000     		.value	0
 1157 000e 0000     		.value	0
 1158 0010 00000000 		.long	.Ltext0
 1159 0014 E4000000 		.long	.Letext0-.Ltext0
 1160 0018 00000000 		.long	0
 1161 001c 00000000 		.long	0
 1162              		.section	.debug_line,"",@progbits
 1163              	.Ldebug_line0:
 1164 0000 E7000000 		.section	.debug_str,"MS",@progbits,1
 1164      02009700 
 1164      00000101 
 1164      FB0E0D00 
 1164      01010101 
 1165              	.LASF40:
 1166 0000 2E2E2F2E 		.string	"../../../os/hal/src/ext.c"
 1166      2E2F2E2E 
 1166      2F6F732F 
 1166      68616C2F 
 1166      7372632F 
 1167              	.LASF17:
 1168 001a 45585444 		.string	"EXTDriver"
 1168      72697665 
 1168      7200
 1169              	.LASF32:
GAS LISTING /tmp/cc5uRzvw.s 			page 25


 1170 0024 6368616E 		.string	"channel"
 1170      6E656C00 
 1171              	.LASF18:
 1172 002c 73746174 		.string	"state"
 1172      6500
 1173              	.LASF16:
 1174 0032 65787473 		.string	"extstate_t"
 1174      74617465 
 1174      5F7400
 1175              	.LASF23:
 1176 003d 45585443 		.string	"EXTChannelConfig"
 1176      68616E6E 
 1176      656C436F 
 1176      6E666967 
 1176      00
 1177              	.LASF12:
 1178 004e 4558545F 		.string	"EXT_UNINIT"
 1178      554E494E 
 1178      495400
 1179              	.LASF26:
 1180 0059 65787449 		.string	"extInit"
 1180      6E697400 
 1181              	.LASF14:
 1182 0061 4558545F 		.string	"EXT_ACTIVE"
 1182      41435449 
 1182      564500
 1183              	.LASF20:
 1184 006c 65787063 		.string	"expchannel_t"
 1184      68616E6E 
 1184      656C5F74 
 1184      00
 1185              	.LASF28:
 1186 0079 65787453 		.string	"extStart"
 1186      74617274 
 1186      00
 1187              	.LASF33:
 1188 0082 65787443 		.string	"extChannelDisable"
 1188      68616E6E 
 1188      656C4469 
 1188      7361626C 
 1188      6500
 1189              	.LASF43:
 1190 0094 6578745F 		.string	"ext_lld_init"
 1190      6C6C645F 
 1190      696E6974 
 1190      00
 1191              	.LASF35:
 1192 00a1 65787463 		.string	"extcp"
 1192      7000
 1193              	.LASF11:
 1194 00a7 6C6F6E67 		.string	"long unsigned int"
 1194      20756E73 
 1194      69676E65 
 1194      6420696E 
 1194      7400
 1195              	.LASF6:
 1196 00b9 73686F72 		.string	"short unsigned int"
GAS LISTING /tmp/cc5uRzvw.s 			page 26


 1196      7420756E 
 1196      7369676E 
 1196      65642069 
 1196      6E7400
 1197              	.LASF19:
 1198 00cc 636F6E66 		.string	"config"
 1198      696700
 1199              	.LASF25:
 1200 00d3 45585443 		.string	"EXTConfig"
 1200      6F6E6669 
 1200      6700
 1201              	.LASF38:
 1202 00dd 6578745F 		.string	"ext_lld_channel_enable"
 1202      6C6C645F 
 1202      6368616E 
 1202      6E656C5F 
 1202      656E6162 
 1203              	.LASF44:
 1204 00f4 6578745F 		.string	"ext_lld_channel_disable"
 1204      6C6C645F 
 1204      6368616E 
 1204      6E656C5F 
 1204      64697361 
 1205              	.LASF30:
 1206 010c 65787453 		.string	"extStop"
 1206      746F7000 
 1207              	.LASF5:
 1208 0114 756E7369 		.string	"unsigned char"
 1208      676E6564 
 1208      20636861 
 1208      7200
 1209              	.LASF0:
 1210 0122 756E7369 		.string	"unsigned int"
 1210      676E6564 
 1210      20696E74 
 1210      00
 1211              	.LASF29:
 1212 012f 65787470 		.string	"extp"
 1212      00
 1213              	.LASF7:
 1214 0134 6C6F6E67 		.string	"long long unsigned int"
 1214      206C6F6E 
 1214      6720756E 
 1214      7369676E 
 1214      65642069 
 1215              	.LASF21:
 1216 014b 65787463 		.string	"extcallback_t"
 1216      616C6C62 
 1216      61636B5F 
 1216      7400
 1217              	.LASF22:
 1218 0159 6D6F6465 		.string	"mode"
 1218      00
 1219              	.LASF37:
 1220 015e 6578745F 		.string	"ext_lld_stop"
 1220      6C6C645F 
 1220      73746F70 
GAS LISTING /tmp/cc5uRzvw.s 			page 27


 1220      00
 1221              	.LASF34:
 1222 016b 65787453 		.string	"extSetChannelModeI"
 1222      65744368 
 1222      616E6E65 
 1222      6C4D6F64 
 1222      654900
 1223              	.LASF42:
 1224 017e 6F6C6463 		.string	"oldcp"
 1224      7000
 1225              	.LASF9:
 1226 0184 73697A65 		.string	"sizetype"
 1226      74797065 
 1226      00
 1227              	.LASF39:
 1228 018d 474E5520 		.string	"GNU C 4.8.2 -m32 -mtune=generic -march=i686 -ggdb -O2 -fomit-frame-pointer -fstack-protec
 1228      4320342E 
 1228      382E3220 
 1228      2D6D3332 
 1228      202D6D74 
 1229              	.LASF4:
 1230 01ea 6C6F6E67 		.string	"long long int"
 1230      206C6F6E 
 1230      6720696E 
 1230      7400
 1231              	.LASF10:
 1232 01f8 63686172 		.string	"char"
 1232      00
 1233              	.LASF24:
 1234 01fd 6368616E 		.string	"channels"
 1234      6E656C73 
 1234      00
 1235              	.LASF41:
 1236 0206 2F686F6D 		.string	"/home/tony/ChibiOS-RT/testhal/Posix/EXT"
 1236      652F746F 
 1236      6E792F43 
 1236      68696269 
 1236      4F532D52 
 1237              	.LASF31:
 1238 022e 65787443 		.string	"extChannelEnable"
 1238      68616E6E 
 1238      656C456E 
 1238      61626C65 
 1238      00
 1239              	.LASF3:
 1240 023f 73686F72 		.string	"short int"
 1240      7420696E 
 1240      7400
 1241              	.LASF27:
 1242 0249 6578744F 		.string	"extObjectInit"
 1242      626A6563 
 1242      74496E69 
 1242      7400
 1243              	.LASF15:
 1244 0257 75696E74 		.string	"uint32_t"
 1244      33325F74 
 1244      00
GAS LISTING /tmp/cc5uRzvw.s 			page 28


 1245              	.LASF1:
 1246 0260 6C6F6E67 		.string	"long int"
 1246      20696E74 
 1246      00
 1247              	.LASF2:
 1248 0269 7369676E 		.string	"signed char"
 1248      65642063 
 1248      68617200 
 1249              	.LASF8:
 1250 0275 5F426F6F 		.string	"_Bool"
 1250      6C00
 1251              	.LASF36:
 1252 027b 6578745F 		.string	"ext_lld_start"
 1252      6C6C645F 
 1252      73746172 
 1252      7400
 1253              	.LASF13:
 1254 0289 4558545F 		.string	"EXT_STOP"
 1254      53544F50 
 1254      00
 1255              		.ident	"GCC: (Ubuntu 4.8.2-19ubuntu1) 4.8.2"
 1256              		.section	.note.GNU-stack,"",@progbits
GAS LISTING /tmp/cc5uRzvw.s 			page 29


DEFINED SYMBOLS
                            *ABS*:0000000000000000 ext.c
     /tmp/cc5uRzvw.s:60     .text:0000000000000000 extInit
     /tmp/cc5uRzvw.s:74     .text:0000000000000010 extObjectInit
     /tmp/cc5uRzvw.s:92     .text:0000000000000030 extStart
     /tmp/cc5uRzvw.s:138    .text:0000000000000060 extStop
     /tmp/cc5uRzvw.s:181    .text:0000000000000080 extChannelEnable
     /tmp/cc5uRzvw.s:217    .text:00000000000000a0 extChannelDisable
     /tmp/cc5uRzvw.s:253    .text:00000000000000c0 extSetChannelModeI

UNDEFINED SYMBOLS
ext_lld_init
ext_lld_start
ext_lld_stop
ext_lld_channel_enable
ext_lld_channel_disable
