GAS LISTING /tmp/ccs3cH18.s 			page 1


   1              		.file	"serial_usb.c"
   2              	# GNU C (Ubuntu 4.8.2-19ubuntu1) version 4.8.2 (x86_64-linux-gnu)
   3              	#	compiled by GNU C version 4.8.2, GMP version 5.1.3, MPFR version 3.1.2-p3, MPC version 1.0.1
   4              	# GGC heuristics: --param ggc-min-expand=97 --param ggc-min-heapsize=126309
   5              	# options passed:  -I . -I ../../../os/ports/GCC/SIMIA32
   6              	# -I ../../../os/kernel/include -I ../../../test -I ../../../os/hal/include
   7              	# -I ../../../os/hal/platforms/Posix -I ../../../boards/simulator
   8              	# -I ../../../os/various -imultilib 32 -imultiarch i386-linux-gnu
   9              	# -MD ../../../os/hal/src/serial_usb.d -MF .dep/serial_usb.o.d -MP
  10              	# -MQ ../../../os/hal/src/serial_usb.o -D SIMULATOR
  11              	# -D SHELL_USE_IPRINTF=FALSE ../../../os/hal/src/serial_usb.c -m32
  12              	# -mtune=generic -march=i686
  13              	# -auxbase-strip ../../../os/hal/src/serial_usb.o -ggdb -O2 -Wall -Wextra
  14              	# -Wstrict-prototypes -fomit-frame-pointer -fverbose-asm -fstack-protector
  15              	# -Wformat -Wformat-security
  16              	# options enabled:  -faggressive-loop-optimizations
  17              	# -fasynchronous-unwind-tables -fauto-inc-dec -fbranch-count-reg
  18              	# -fcaller-saves -fcombine-stack-adjustments -fcommon -fcompare-elim
  19              	# -fcprop-registers -fcrossjumping -fcse-follow-jumps -fdefer-pop
  20              	# -fdelete-null-pointer-checks -fdevirtualize -fdwarf2-cfi-asm
  21              	# -fearly-inlining -feliminate-unused-debug-types -fexpensive-optimizations
  22              	# -fforward-propagate -ffunction-cse -fgcse -fgcse-lm -fgnu-runtime
  23              	# -fguess-branch-probability -fhoist-adjacent-loads -fident -fif-conversion
  24              	# -fif-conversion2 -findirect-inlining -finline -finline-atomics
  25              	# -finline-functions-called-once -finline-small-functions -fipa-cp
  26              	# -fipa-profile -fipa-pure-const -fipa-reference -fipa-sra
  27              	# -fira-hoist-pressure -fira-share-save-slots -fira-share-spill-slots
  28              	# -fivopts -fkeep-static-consts -fleading-underscore -fmath-errno
  29              	# -fmerge-constants -fmerge-debug-strings -fmove-loop-invariants
  30              	# -fomit-frame-pointer -foptimize-register-move -foptimize-sibling-calls
  31              	# -foptimize-strlen -fpartial-inlining -fpcc-struct-return -fpeephole
  32              	# -fpeephole2 -fprefetch-loop-arrays -free -fregmove -freorder-blocks
  33              	# -freorder-functions -frerun-cse-after-loop
  34              	# -fsched-critical-path-heuristic -fsched-dep-count-heuristic
  35              	# -fsched-group-heuristic -fsched-interblock -fsched-last-insn-heuristic
  36              	# -fsched-rank-heuristic -fsched-spec -fsched-spec-insn-heuristic
  37              	# -fsched-stalled-insns-dep -fschedule-insns2 -fshow-column -fshrink-wrap
  38              	# -fsigned-zeros -fsplit-ivs-in-unroller -fsplit-wide-types
  39              	# -fstack-protector -fstrict-aliasing -fstrict-overflow
  40              	# -fstrict-volatile-bitfields -fsync-libcalls -fthread-jumps
  41              	# -ftoplevel-reorder -ftrapping-math -ftree-bit-ccp -ftree-builtin-call-dce
  42              	# -ftree-ccp -ftree-ch -ftree-coalesce-vars -ftree-copy-prop
  43              	# -ftree-copyrename -ftree-cselim -ftree-dce -ftree-dominator-opts
  44              	# -ftree-dse -ftree-forwprop -ftree-fre -ftree-loop-if-convert
  45              	# -ftree-loop-im -ftree-loop-ivcanon -ftree-loop-optimize
  46              	# -ftree-parallelize-loops= -ftree-phiprop -ftree-pre -ftree-pta
  47              	# -ftree-reassoc -ftree-scev-cprop -ftree-sink -ftree-slp-vectorize
  48              	# -ftree-slsr -ftree-sra -ftree-switch-conversion -ftree-tail-merge
  49              	# -ftree-ter -ftree-vect-loop-version -ftree-vrp -funit-at-a-time
  50              	# -funwind-tables -fvar-tracking -fvar-tracking-assignments -fverbose-asm
  51              	# -fzero-initialized-in-bss -m32 -m80387 -m96bit-long-double
  52              	# -maccumulate-outgoing-args -malign-stringops -mfancy-math-387
  53              	# -mfp-ret-in-387 -mglibc -mieee-fp -mlong-double-80 -mno-red-zone
  54              	# -mno-sse4 -mpush-args -msahf -mtls-direct-seg-refs
  55              	
  56              		.text
  57              	.Ltext0:
GAS LISTING /tmp/ccs3cH18.s 			page 2


  58              	.Letext0:
  59              		.section	.debug_info,"",@progbits
  60              	.Ldebug_info0:
  61 0000 75000000 		.long	0x75
  62 0004 0400     		.value	0x4
  63 0006 00000000 		.long	.Ldebug_abbrev0
  64 000a 04       		.byte	0x4
  65 000b 01       		.uleb128 0x1
  66 000c 3C000000 		.long	.LASF12
  67 0010 01       		.byte	0x1
  68 0011 1B000000 		.long	.LASF13
  69 0015 99000000 		.long	.LASF14
  70 0019 00000000 		.long	.Ldebug_line0
  71 001d 02       		.uleb128 0x2
  72 001e 04       		.byte	0x4
  73 001f 05       		.byte	0x5
  74 0020 696E7400 		.string	"int"
  75 0024 03       		.uleb128 0x3
  76 0025 04       		.byte	0x4
  77 0026 07       		.byte	0x7
  78 0027 0E000000 		.long	.LASF0
  79 002b 03       		.uleb128 0x3
  80 002c 04       		.byte	0x4
  81 002d 05       		.byte	0x5
  82 002e FD000000 		.long	.LASF1
  83 0032 03       		.uleb128 0x3
  84 0033 01       		.byte	0x1
  85 0034 06       		.byte	0x6
  86 0035 1F010000 		.long	.LASF2
  87 0039 03       		.uleb128 0x3
  88 003a 02       		.byte	0x2
  89 003b 05       		.byte	0x5
  90 003c 2B010000 		.long	.LASF3
  91 0040 03       		.uleb128 0x3
  92 0041 08       		.byte	0x8
  93 0042 05       		.byte	0x5
  94 0043 00000000 		.long	.LASF4
  95 0047 03       		.uleb128 0x3
  96 0048 01       		.byte	0x1
  97 0049 08       		.byte	0x8
  98 004a EA000000 		.long	.LASF5
  99 004e 03       		.uleb128 0x3
 100 004f 02       		.byte	0x2
 101 0050 07       		.byte	0x7
 102 0051 0C010000 		.long	.LASF6
 103 0055 03       		.uleb128 0x3
 104 0056 08       		.byte	0x8
 105 0057 07       		.byte	0x7
 106 0058 D3000000 		.long	.LASF7
 107 005c 03       		.uleb128 0x3
 108 005d 01       		.byte	0x1
 109 005e 02       		.byte	0x2
 110 005f 06010000 		.long	.LASF8
 111 0063 03       		.uleb128 0x3
 112 0064 04       		.byte	0x4
 113 0065 07       		.byte	0x7
 114 0066 35010000 		.long	.LASF9
GAS LISTING /tmp/ccs3cH18.s 			page 3


 115 006a 03       		.uleb128 0x3
 116 006b 01       		.byte	0x1
 117 006c 06       		.byte	0x6
 118 006d F8000000 		.long	.LASF10
 119 0071 03       		.uleb128 0x3
 120 0072 04       		.byte	0x4
 121 0073 07       		.byte	0x7
 122 0074 C1000000 		.long	.LASF11
 123 0078 00       		.byte	0
 124              		.section	.debug_abbrev,"",@progbits
 125              	.Ldebug_abbrev0:
 126 0000 01       		.uleb128 0x1
 127 0001 11       		.uleb128 0x11
 128 0002 01       		.byte	0x1
 129 0003 25       		.uleb128 0x25
 130 0004 0E       		.uleb128 0xe
 131 0005 13       		.uleb128 0x13
 132 0006 0B       		.uleb128 0xb
 133 0007 03       		.uleb128 0x3
 134 0008 0E       		.uleb128 0xe
 135 0009 1B       		.uleb128 0x1b
 136 000a 0E       		.uleb128 0xe
 137 000b 10       		.uleb128 0x10
 138 000c 17       		.uleb128 0x17
 139 000d 00       		.byte	0
 140 000e 00       		.byte	0
 141 000f 02       		.uleb128 0x2
 142 0010 24       		.uleb128 0x24
 143 0011 00       		.byte	0
 144 0012 0B       		.uleb128 0xb
 145 0013 0B       		.uleb128 0xb
 146 0014 3E       		.uleb128 0x3e
 147 0015 0B       		.uleb128 0xb
 148 0016 03       		.uleb128 0x3
 149 0017 08       		.uleb128 0x8
 150 0018 00       		.byte	0
 151 0019 00       		.byte	0
 152 001a 03       		.uleb128 0x3
 153 001b 24       		.uleb128 0x24
 154 001c 00       		.byte	0
 155 001d 0B       		.uleb128 0xb
 156 001e 0B       		.uleb128 0xb
 157 001f 3E       		.uleb128 0x3e
 158 0020 0B       		.uleb128 0xb
 159 0021 03       		.uleb128 0x3
 160 0022 0E       		.uleb128 0xe
 161 0023 00       		.byte	0
 162 0024 00       		.byte	0
 163 0025 00       		.byte	0
 164              		.section	.debug_aranges,"",@progbits
 165 0000 14000000 		.long	0x14
 166 0004 0200     		.value	0x2
 167 0006 00000000 		.long	.Ldebug_info0
 168 000a 04       		.byte	0x4
 169 000b 00       		.byte	0
 170 000c 0000     		.value	0
 171 000e 0000     		.value	0
GAS LISTING /tmp/ccs3cH18.s 			page 4


 172 0010 00000000 		.long	0
 173 0014 00000000 		.long	0
 174              		.section	.debug_line,"",@progbits
 175              	.Ldebug_line0:
 176 0000 19000000 		.section	.debug_str,"MS",@progbits,1
 176      02001300 
 176      00000101 
 176      FB0E0D00 
 176      01010101 
 177              	.LASF4:
 178 0000 6C6F6E67 		.string	"long long int"
 178      206C6F6E 
 178      6720696E 
 178      7400
 179              	.LASF0:
 180 000e 756E7369 		.string	"unsigned int"
 180      676E6564 
 180      20696E74 
 180      00
 181              	.LASF13:
 182 001b 2E2E2F2E 		.string	"../../../os/hal/src/serial_usb.c"
 182      2E2F2E2E 
 182      2F6F732F 
 182      68616C2F 
 182      7372632F 
 183              	.LASF12:
 184 003c 474E5520 		.string	"GNU C 4.8.2 -m32 -mtune=generic -march=i686 -ggdb -O2 -fomit-frame-pointer -fstack-protec
 184      4320342E 
 184      382E3220 
 184      2D6D3332 
 184      202D6D74 
 185              	.LASF14:
 186 0099 2F686F6D 		.string	"/home/tony/ChibiOS-RT/testhal/Posix/EXT"
 186      652F746F 
 186      6E792F43 
 186      68696269 
 186      4F532D52 
 187              	.LASF11:
 188 00c1 6C6F6E67 		.string	"long unsigned int"
 188      20756E73 
 188      69676E65 
 188      6420696E 
 188      7400
 189              	.LASF7:
 190 00d3 6C6F6E67 		.string	"long long unsigned int"
 190      206C6F6E 
 190      6720756E 
 190      7369676E 
 190      65642069 
 191              	.LASF5:
 192 00ea 756E7369 		.string	"unsigned char"
 192      676E6564 
 192      20636861 
 192      7200
 193              	.LASF10:
 194 00f8 63686172 		.string	"char"
 194      00
GAS LISTING /tmp/ccs3cH18.s 			page 5


 195              	.LASF1:
 196 00fd 6C6F6E67 		.string	"long int"
 196      20696E74 
 196      00
 197              	.LASF8:
 198 0106 5F426F6F 		.string	"_Bool"
 198      6C00
 199              	.LASF6:
 200 010c 73686F72 		.string	"short unsigned int"
 200      7420756E 
 200      7369676E 
 200      65642069 
 200      6E7400
 201              	.LASF2:
 202 011f 7369676E 		.string	"signed char"
 202      65642063 
 202      68617200 
 203              	.LASF3:
 204 012b 73686F72 		.string	"short int"
 204      7420696E 
 204      7400
 205              	.LASF9:
 206 0135 73697A65 		.string	"sizetype"
 206      74797065 
 206      00
 207              		.ident	"GCC: (Ubuntu 4.8.2-19ubuntu1) 4.8.2"
 208              		.section	.note.GNU-stack,"",@progbits
GAS LISTING /tmp/ccs3cH18.s 			page 6


DEFINED SYMBOLS
                            *ABS*:0000000000000000 serial_usb.c

NO UNDEFINED SYMBOLS
