GAS LISTING /tmp/ccff6GYy.s 			page 1


   1              		.file	"board.c"
   2              	# GNU C (Ubuntu 4.8.2-19ubuntu1) version 4.8.2 (x86_64-linux-gnu)
   3              	#	compiled by GNU C version 4.8.2, GMP version 5.1.3, MPFR version 3.1.2-p3, MPC version 1.0.1
   4              	# GGC heuristics: --param ggc-min-expand=97 --param ggc-min-heapsize=126309
   5              	# options passed:  -I . -I ../../../os/ports/GCC/SIMIA32
   6              	# -I ../../../os/kernel/include -I ../../../test -I ../../../os/hal/include
   7              	# -I ../../../os/hal/platforms/Posix -I ../../../boards/simulator
   8              	# -I ../../../os/various -imultilib 32 -imultiarch i386-linux-gnu
   9              	# -MD ../../../boards/simulator/board.d -MF .dep/board.o.d -MP
  10              	# -MQ ../../../boards/simulator/board.o -D SIMULATOR
  11              	# -D SHELL_USE_IPRINTF=FALSE ../../../boards/simulator/board.c -m32
  12              	# -mtune=generic -march=i686
  13              	# -auxbase-strip ../../../boards/simulator/board.o -ggdb -O2 -Wall -Wextra
  14              	# -Wstrict-prototypes -fomit-frame-pointer -fverbose-asm -fstack-protector
  15              	# -Wformat -Wformat-security
  16              	# options enabled:  -faggressive-loop-optimizations
  17              	# -fasynchronous-unwind-tables -fauto-inc-dec -fbranch-count-reg
  18              	# -fcaller-saves -fcombine-stack-adjustments -fcommon -fcompare-elim
  19              	# -fcprop-registers -fcrossjumping -fcse-follow-jumps -fdefer-pop
  20              	# -fdelete-null-pointer-checks -fdevirtualize -fdwarf2-cfi-asm
  21              	# -fearly-inlining -feliminate-unused-debug-types -fexpensive-optimizations
  22              	# -fforward-propagate -ffunction-cse -fgcse -fgcse-lm -fgnu-runtime
  23              	# -fguess-branch-probability -fhoist-adjacent-loads -fident -fif-conversion
  24              	# -fif-conversion2 -findirect-inlining -finline -finline-atomics
  25              	# -finline-functions-called-once -finline-small-functions -fipa-cp
  26              	# -fipa-profile -fipa-pure-const -fipa-reference -fipa-sra
  27              	# -fira-hoist-pressure -fira-share-save-slots -fira-share-spill-slots
  28              	# -fivopts -fkeep-static-consts -fleading-underscore -fmath-errno
  29              	# -fmerge-constants -fmerge-debug-strings -fmove-loop-invariants
  30              	# -fomit-frame-pointer -foptimize-register-move -foptimize-sibling-calls
  31              	# -foptimize-strlen -fpartial-inlining -fpcc-struct-return -fpeephole
  32              	# -fpeephole2 -fprefetch-loop-arrays -free -fregmove -freorder-blocks
  33              	# -freorder-functions -frerun-cse-after-loop
  34              	# -fsched-critical-path-heuristic -fsched-dep-count-heuristic
  35              	# -fsched-group-heuristic -fsched-interblock -fsched-last-insn-heuristic
  36              	# -fsched-rank-heuristic -fsched-spec -fsched-spec-insn-heuristic
  37              	# -fsched-stalled-insns-dep -fschedule-insns2 -fshow-column -fshrink-wrap
  38              	# -fsigned-zeros -fsplit-ivs-in-unroller -fsplit-wide-types
  39              	# -fstack-protector -fstrict-aliasing -fstrict-overflow
  40              	# -fstrict-volatile-bitfields -fsync-libcalls -fthread-jumps
  41              	# -ftoplevel-reorder -ftrapping-math -ftree-bit-ccp -ftree-builtin-call-dce
  42              	# -ftree-ccp -ftree-ch -ftree-coalesce-vars -ftree-copy-prop
  43              	# -ftree-copyrename -ftree-cselim -ftree-dce -ftree-dominator-opts
  44              	# -ftree-dse -ftree-forwprop -ftree-fre -ftree-loop-if-convert
  45              	# -ftree-loop-im -ftree-loop-ivcanon -ftree-loop-optimize
  46              	# -ftree-parallelize-loops= -ftree-phiprop -ftree-pre -ftree-pta
  47              	# -ftree-reassoc -ftree-scev-cprop -ftree-sink -ftree-slp-vectorize
  48              	# -ftree-slsr -ftree-sra -ftree-switch-conversion -ftree-tail-merge
  49              	# -ftree-ter -ftree-vect-loop-version -ftree-vrp -funit-at-a-time
  50              	# -funwind-tables -fvar-tracking -fvar-tracking-assignments -fverbose-asm
  51              	# -fzero-initialized-in-bss -m32 -m80387 -m96bit-long-double
  52              	# -maccumulate-outgoing-args -malign-stringops -mfancy-math-387
  53              	# -mfp-ret-in-387 -mglibc -mieee-fp -mlong-double-80 -mno-red-zone
  54              	# -mno-sse4 -mpush-args -msahf -mtls-direct-seg-refs
  55              	
  56              		.text
  57              	.Ltext0:
GAS LISTING /tmp/ccff6GYy.s 			page 2


  58              		.p2align 4,,15
  59              		.globl	boardInit
  60              		.type	boardInit, @function
  61              	boardInit:
  62              	.LFB15:
  63              		.file 1 "../../../boards/simulator/board.c"
  64              		.loc 1 34 0
  65              		.cfi_startproc
  66 0000 F3C3     		rep ret
  67              		.cfi_endproc
  68              	.LFE15:
  69              		.size	boardInit, .-boardInit
  70              		.globl	pal_default_config
  71              		.section	.rodata
  72              		.align 4
  73              		.type	pal_default_config, @object
  74              		.size	pal_default_config, 24
  75              	pal_default_config:
  76 0000 00000000 		.zero	24
  76      00000000 
  76      00000000 
  76      00000000 
  76      00000000 
  77              		.text
  78              	.Letext0:
  79              		.file 2 "../../../os/hal/platforms/Posix/pal_lld.h"
  80              		.file 3 "/usr/include/stdint.h"
  81              		.section	.debug_info,"",@progbits
  82              	.Ldebug_info0:
  83 0000 13010000 		.long	0x113
  84 0004 0400     		.value	0x4
  85 0006 00000000 		.long	.Ldebug_abbrev0
  86 000a 04       		.byte	0x4
  87 000b 01       		.uleb128 0x1
  88 000c 23000000 		.long	.LASF18
  89 0010 01       		.byte	0x1
  90 0011 E4000000 		.long	.LASF19
  91 0015 80000000 		.long	.LASF20
  92 0019 00000000 		.long	.Ltext0
  93 001d 02000000 		.long	.Letext0-.Ltext0
  94 0021 00000000 		.long	.Ldebug_line0
  95 0025 02       		.uleb128 0x2
  96 0026 04       		.byte	0x4
  97 0027 05       		.byte	0x5
  98 0028 696E7400 		.string	"int"
  99 002c 03       		.uleb128 0x3
 100 002d 04       		.byte	0x4
 101 002e 07       		.byte	0x7
 102 002f 16000000 		.long	.LASF0
 103 0033 03       		.uleb128 0x3
 104 0034 04       		.byte	0x4
 105 0035 05       		.byte	0x5
 106 0036 28010000 		.long	.LASF1
 107 003a 03       		.uleb128 0x3
 108 003b 01       		.byte	0x1
 109 003c 06       		.byte	0x6
 110 003d 6D010000 		.long	.LASF2
GAS LISTING /tmp/ccff6GYy.s 			page 3


 111 0041 03       		.uleb128 0x3
 112 0042 02       		.byte	0x2
 113 0043 05       		.byte	0x5
 114 0044 31010000 		.long	.LASF3
 115 0048 03       		.uleb128 0x3
 116 0049 08       		.byte	0x8
 117 004a 05       		.byte	0x5
 118 004b 00000000 		.long	.LASF4
 119 004f 03       		.uleb128 0x3
 120 0050 01       		.byte	0x1
 121 0051 08       		.byte	0x8
 122 0052 0C010000 		.long	.LASF5
 123 0056 03       		.uleb128 0x3
 124 0057 02       		.byte	0x2
 125 0058 07       		.byte	0x7
 126 0059 D1000000 		.long	.LASF6
 127 005d 04       		.uleb128 0x4
 128 005e 1F010000 		.long	.LASF13
 129 0062 03       		.byte	0x3
 130 0063 33       		.byte	0x33
 131 0064 2C000000 		.long	0x2c
 132 0068 03       		.uleb128 0x3
 133 0069 08       		.byte	0x8
 134 006a 07       		.byte	0x7
 135 006b BA000000 		.long	.LASF7
 136 006f 03       		.uleb128 0x3
 137 0070 01       		.byte	0x1
 138 0071 02       		.byte	0x2
 139 0072 4E010000 		.long	.LASF8
 140 0076 03       		.uleb128 0x3
 141 0077 04       		.byte	0x4
 142 0078 07       		.byte	0x7
 143 0079 81010000 		.long	.LASF9
 144 007d 03       		.uleb128 0x3
 145 007e 01       		.byte	0x1
 146 007f 06       		.byte	0x6
 147 0080 1A010000 		.long	.LASF10
 148 0084 03       		.uleb128 0x3
 149 0085 04       		.byte	0x4
 150 0086 07       		.byte	0x7
 151 0087 A8000000 		.long	.LASF11
 152 008b 05       		.uleb128 0x5
 153 008c 0C       		.byte	0xc
 154 008d 02       		.byte	0x2
 155 008e 2E       		.byte	0x2e
 156 008f B8000000 		.long	0xb8
 157 0093 06       		.uleb128 0x6
 158 0094 06010000 		.long	.LASF12
 159 0098 02       		.byte	0x2
 160 0099 33       		.byte	0x33
 161 009a 5D000000 		.long	0x5d
 162 009e 00       		.byte	0
 163 009f 07       		.uleb128 0x7
 164 00a0 70696E00 		.string	"pin"
 165 00a4 02       		.byte	0x2
 166 00a5 39       		.byte	0x39
 167 00a6 5D000000 		.long	0x5d
GAS LISTING /tmp/ccff6GYy.s 			page 4


 168 00aa 04       		.byte	0x4
 169 00ab 07       		.uleb128 0x7
 170 00ac 64697200 		.string	"dir"
 171 00b0 02       		.byte	0x2
 172 00b1 3E       		.byte	0x3e
 173 00b2 5D000000 		.long	0x5d
 174 00b6 08       		.byte	0x8
 175 00b7 00       		.byte	0
 176 00b8 04       		.uleb128 0x4
 177 00b9 54010000 		.long	.LASF14
 178 00bd 02       		.byte	0x2
 179 00be 3F       		.byte	0x3f
 180 00bf 8B000000 		.long	0x8b
 181 00c3 05       		.uleb128 0x5
 182 00c4 18       		.byte	0x18
 183 00c5 02       		.byte	0x2
 184 00c6 48       		.byte	0x48
 185 00c7 E4000000 		.long	0xe4
 186 00cb 06       		.uleb128 0x6
 187 00cc 79010000 		.long	.LASF15
 188 00d0 02       		.byte	0x2
 189 00d1 4C       		.byte	0x4c
 190 00d2 B8000000 		.long	0xb8
 191 00d6 00       		.byte	0
 192 00d7 06       		.uleb128 0x6
 193 00d8 0E000000 		.long	.LASF16
 194 00dc 02       		.byte	0x2
 195 00dd 50       		.byte	0x50
 196 00de B8000000 		.long	0xb8
 197 00e2 0C       		.byte	0xc
 198 00e3 00       		.byte	0
 199 00e4 04       		.uleb128 0x4
 200 00e5 8A010000 		.long	.LASF17
 201 00e9 02       		.byte	0x2
 202 00ea 51       		.byte	0x51
 203 00eb C3000000 		.long	0xc3
 204 00ef 08       		.uleb128 0x8
 205 00f0 63010000 		.long	.LASF21
 206 00f4 01       		.byte	0x1
 207 00f5 22       		.byte	0x22
 208 00f6 00000000 		.long	.LFB15
 209 00fa 02000000 		.long	.LFE15-.LFB15
 210 00fe 01       		.uleb128 0x1
 211 00ff 9C       		.byte	0x9c
 212 0100 09       		.uleb128 0x9
 213 0101 3B010000 		.long	.LASF22
 214 0105 01       		.byte	0x1
 215 0106 19       		.byte	0x19
 216 0107 11010000 		.long	0x111
 217 010b 05       		.uleb128 0x5
 218 010c 03       		.byte	0x3
 219 010d 00000000 		.long	pal_default_config
 220 0111 0A       		.uleb128 0xa
 221 0112 E4000000 		.long	0xe4
 222 0116 00       		.byte	0
 223              		.section	.debug_abbrev,"",@progbits
 224              	.Ldebug_abbrev0:
GAS LISTING /tmp/ccff6GYy.s 			page 5


 225 0000 01       		.uleb128 0x1
 226 0001 11       		.uleb128 0x11
 227 0002 01       		.byte	0x1
 228 0003 25       		.uleb128 0x25
 229 0004 0E       		.uleb128 0xe
 230 0005 13       		.uleb128 0x13
 231 0006 0B       		.uleb128 0xb
 232 0007 03       		.uleb128 0x3
 233 0008 0E       		.uleb128 0xe
 234 0009 1B       		.uleb128 0x1b
 235 000a 0E       		.uleb128 0xe
 236 000b 11       		.uleb128 0x11
 237 000c 01       		.uleb128 0x1
 238 000d 12       		.uleb128 0x12
 239 000e 06       		.uleb128 0x6
 240 000f 10       		.uleb128 0x10
 241 0010 17       		.uleb128 0x17
 242 0011 00       		.byte	0
 243 0012 00       		.byte	0
 244 0013 02       		.uleb128 0x2
 245 0014 24       		.uleb128 0x24
 246 0015 00       		.byte	0
 247 0016 0B       		.uleb128 0xb
 248 0017 0B       		.uleb128 0xb
 249 0018 3E       		.uleb128 0x3e
 250 0019 0B       		.uleb128 0xb
 251 001a 03       		.uleb128 0x3
 252 001b 08       		.uleb128 0x8
 253 001c 00       		.byte	0
 254 001d 00       		.byte	0
 255 001e 03       		.uleb128 0x3
 256 001f 24       		.uleb128 0x24
 257 0020 00       		.byte	0
 258 0021 0B       		.uleb128 0xb
 259 0022 0B       		.uleb128 0xb
 260 0023 3E       		.uleb128 0x3e
 261 0024 0B       		.uleb128 0xb
 262 0025 03       		.uleb128 0x3
 263 0026 0E       		.uleb128 0xe
 264 0027 00       		.byte	0
 265 0028 00       		.byte	0
 266 0029 04       		.uleb128 0x4
 267 002a 16       		.uleb128 0x16
 268 002b 00       		.byte	0
 269 002c 03       		.uleb128 0x3
 270 002d 0E       		.uleb128 0xe
 271 002e 3A       		.uleb128 0x3a
 272 002f 0B       		.uleb128 0xb
 273 0030 3B       		.uleb128 0x3b
 274 0031 0B       		.uleb128 0xb
 275 0032 49       		.uleb128 0x49
 276 0033 13       		.uleb128 0x13
 277 0034 00       		.byte	0
 278 0035 00       		.byte	0
 279 0036 05       		.uleb128 0x5
 280 0037 13       		.uleb128 0x13
 281 0038 01       		.byte	0x1
GAS LISTING /tmp/ccff6GYy.s 			page 6


 282 0039 0B       		.uleb128 0xb
 283 003a 0B       		.uleb128 0xb
 284 003b 3A       		.uleb128 0x3a
 285 003c 0B       		.uleb128 0xb
 286 003d 3B       		.uleb128 0x3b
 287 003e 0B       		.uleb128 0xb
 288 003f 01       		.uleb128 0x1
 289 0040 13       		.uleb128 0x13
 290 0041 00       		.byte	0
 291 0042 00       		.byte	0
 292 0043 06       		.uleb128 0x6
 293 0044 0D       		.uleb128 0xd
 294 0045 00       		.byte	0
 295 0046 03       		.uleb128 0x3
 296 0047 0E       		.uleb128 0xe
 297 0048 3A       		.uleb128 0x3a
 298 0049 0B       		.uleb128 0xb
 299 004a 3B       		.uleb128 0x3b
 300 004b 0B       		.uleb128 0xb
 301 004c 49       		.uleb128 0x49
 302 004d 13       		.uleb128 0x13
 303 004e 38       		.uleb128 0x38
 304 004f 0B       		.uleb128 0xb
 305 0050 00       		.byte	0
 306 0051 00       		.byte	0
 307 0052 07       		.uleb128 0x7
 308 0053 0D       		.uleb128 0xd
 309 0054 00       		.byte	0
 310 0055 03       		.uleb128 0x3
 311 0056 08       		.uleb128 0x8
 312 0057 3A       		.uleb128 0x3a
 313 0058 0B       		.uleb128 0xb
 314 0059 3B       		.uleb128 0x3b
 315 005a 0B       		.uleb128 0xb
 316 005b 49       		.uleb128 0x49
 317 005c 13       		.uleb128 0x13
 318 005d 38       		.uleb128 0x38
 319 005e 0B       		.uleb128 0xb
 320 005f 00       		.byte	0
 321 0060 00       		.byte	0
 322 0061 08       		.uleb128 0x8
 323 0062 2E       		.uleb128 0x2e
 324 0063 00       		.byte	0
 325 0064 3F       		.uleb128 0x3f
 326 0065 19       		.uleb128 0x19
 327 0066 03       		.uleb128 0x3
 328 0067 0E       		.uleb128 0xe
 329 0068 3A       		.uleb128 0x3a
 330 0069 0B       		.uleb128 0xb
 331 006a 3B       		.uleb128 0x3b
 332 006b 0B       		.uleb128 0xb
 333 006c 27       		.uleb128 0x27
 334 006d 19       		.uleb128 0x19
 335 006e 11       		.uleb128 0x11
 336 006f 01       		.uleb128 0x1
 337 0070 12       		.uleb128 0x12
 338 0071 06       		.uleb128 0x6
GAS LISTING /tmp/ccff6GYy.s 			page 7


 339 0072 40       		.uleb128 0x40
 340 0073 18       		.uleb128 0x18
 341 0074 9742     		.uleb128 0x2117
 342 0076 19       		.uleb128 0x19
 343 0077 00       		.byte	0
 344 0078 00       		.byte	0
 345 0079 09       		.uleb128 0x9
 346 007a 34       		.uleb128 0x34
 347 007b 00       		.byte	0
 348 007c 03       		.uleb128 0x3
 349 007d 0E       		.uleb128 0xe
 350 007e 3A       		.uleb128 0x3a
 351 007f 0B       		.uleb128 0xb
 352 0080 3B       		.uleb128 0x3b
 353 0081 0B       		.uleb128 0xb
 354 0082 49       		.uleb128 0x49
 355 0083 13       		.uleb128 0x13
 356 0084 3F       		.uleb128 0x3f
 357 0085 19       		.uleb128 0x19
 358 0086 02       		.uleb128 0x2
 359 0087 18       		.uleb128 0x18
 360 0088 00       		.byte	0
 361 0089 00       		.byte	0
 362 008a 0A       		.uleb128 0xa
 363 008b 26       		.uleb128 0x26
 364 008c 00       		.byte	0
 365 008d 49       		.uleb128 0x49
 366 008e 13       		.uleb128 0x13
 367 008f 00       		.byte	0
 368 0090 00       		.byte	0
 369 0091 00       		.byte	0
 370              		.section	.debug_aranges,"",@progbits
 371 0000 1C000000 		.long	0x1c
 372 0004 0200     		.value	0x2
 373 0006 00000000 		.long	.Ldebug_info0
 374 000a 04       		.byte	0x4
 375 000b 00       		.byte	0
 376 000c 0000     		.value	0
 377 000e 0000     		.value	0
 378 0010 00000000 		.long	.Ltext0
 379 0014 02000000 		.long	.Letext0-.Ltext0
 380 0018 00000000 		.long	0
 381 001c 00000000 		.long	0
 382              		.section	.debug_line,"",@progbits
 383              	.Ldebug_line0:
 384 0000 93000000 		.section	.debug_str,"MS",@progbits,1
 384      02007E00 
 384      00000101 
 384      FB0E0D00 
 384      01010101 
 385              	.LASF4:
 386 0000 6C6F6E67 		.string	"long long int"
 386      206C6F6E 
 386      6720696E 
 386      7400
 387              	.LASF16:
 388 000e 56503244 		.string	"VP2Data"
GAS LISTING /tmp/ccff6GYy.s 			page 8


 388      61746100 
 389              	.LASF0:
 390 0016 756E7369 		.string	"unsigned int"
 390      676E6564 
 390      20696E74 
 390      00
 391              	.LASF18:
 392 0023 474E5520 		.string	"GNU C 4.8.2 -m32 -mtune=generic -march=i686 -ggdb -O2 -fomit-frame-pointer -fstack-protec
 392      4320342E 
 392      382E3220 
 392      2D6D3332 
 392      202D6D74 
 393              	.LASF20:
 394 0080 2F686F6D 		.string	"/home/tony/ChibiOS-RT/testhal/Posix/EXT"
 394      652F746F 
 394      6E792F43 
 394      68696269 
 394      4F532D52 
 395              	.LASF11:
 396 00a8 6C6F6E67 		.string	"long unsigned int"
 396      20756E73 
 396      69676E65 
 396      6420696E 
 396      7400
 397              	.LASF7:
 398 00ba 6C6F6E67 		.string	"long long unsigned int"
 398      206C6F6E 
 398      6720756E 
 398      7369676E 
 398      65642069 
 399              	.LASF6:
 400 00d1 73686F72 		.string	"short unsigned int"
 400      7420756E 
 400      7369676E 
 400      65642069 
 400      6E7400
 401              	.LASF19:
 402 00e4 2E2E2F2E 		.string	"../../../boards/simulator/board.c"
 402      2E2F2E2E 
 402      2F626F61 
 402      7264732F 
 402      73696D75 
 403              	.LASF12:
 404 0106 6C617463 		.string	"latch"
 404      6800
 405              	.LASF5:
 406 010c 756E7369 		.string	"unsigned char"
 406      676E6564 
 406      20636861 
 406      7200
 407              	.LASF10:
 408 011a 63686172 		.string	"char"
 408      00
 409              	.LASF13:
 410 011f 75696E74 		.string	"uint32_t"
 410      33325F74 
 410      00
GAS LISTING /tmp/ccff6GYy.s 			page 9


 411              	.LASF1:
 412 0128 6C6F6E67 		.string	"long int"
 412      20696E74 
 412      00
 413              	.LASF3:
 414 0131 73686F72 		.string	"short int"
 414      7420696E 
 414      7400
 415              	.LASF22:
 416 013b 70616C5F 		.string	"pal_default_config"
 416      64656661 
 416      756C745F 
 416      636F6E66 
 416      696700
 417              	.LASF8:
 418 014e 5F426F6F 		.string	"_Bool"
 418      6C00
 419              	.LASF14:
 420 0154 73696D5F 		.string	"sim_vio_port_t"
 420      76696F5F 
 420      706F7274 
 420      5F7400
 421              	.LASF21:
 422 0163 626F6172 		.string	"boardInit"
 422      64496E69 
 422      7400
 423              	.LASF2:
 424 016d 7369676E 		.string	"signed char"
 424      65642063 
 424      68617200 
 425              	.LASF15:
 426 0179 56503144 		.string	"VP1Data"
 426      61746100 
 427              	.LASF9:
 428 0181 73697A65 		.string	"sizetype"
 428      74797065 
 428      00
 429              	.LASF17:
 430 018a 50414C43 		.string	"PALConfig"
 430      6F6E6669 
 430      6700
 431              		.ident	"GCC: (Ubuntu 4.8.2-19ubuntu1) 4.8.2"
 432              		.section	.note.GNU-stack,"",@progbits
GAS LISTING /tmp/ccff6GYy.s 			page 10


DEFINED SYMBOLS
                            *ABS*:0000000000000000 board.c
     /tmp/ccff6GYy.s:61     .text:0000000000000000 boardInit
     /tmp/ccff6GYy.s:75     .rodata:0000000000000000 pal_default_config

NO UNDEFINED SYMBOLS
